<?xml version="1.0" encoding="UTF-8"?>
<coverage generated="1778355439452" clover="3.2.0">
  <project timestamp="1778355439452" name="All files">
    <metrics statements="4689" coveredstatements="2647" conditionals="5496" coveredconditionals="2368" methods="867" coveredmethods="563" elements="11052" coveredelements="5578" complexity="0" loc="4689" ncloc="4689" packages="10" files="56" classes="56"/>
    <package name="worker">
      <metrics statements="468" coveredstatements="282" conditionals="290" coveredconditionals="154" methods="109" coveredmethods="55"/>
      <file name="context-store.ts" path="/Users/danielpenin/whatsapp_saas/worker/context-store.ts">
        <metrics statements="34" coveredstatements="2" conditionals="10" coveredconditionals="1" methods="13" coveredmethods="1"/>
        <line num="12" count="1" type="stmt"/>
        <line num="21" count="0" type="stmt"/>
        <line num="22" count="0" type="stmt"/>
        <line num="24" count="0" type="stmt"/>
        <line num="26" count="0" type="stmt"/>
        <line num="28" count="0" type="cond" truecount="0" falsecount="2"/>
        <line num="29" count="0" type="stmt"/>
        <line num="30" count="0" type="stmt"/>
        <line num="33" count="0" type="stmt"/>
        <line num="35" count="0" type="stmt"/>
        <line num="36" count="0" type="stmt"/>
        <line num="45" count="0" type="stmt"/>
        <line num="46" count="0" type="stmt"/>
        <line num="47" count="0" type="stmt"/>
        <line num="50" count="0" type="stmt"/>
        <line num="67" count="1" type="stmt"/>
        <line num="71" count="0" type="stmt"/>
        <line num="76" count="0" type="stmt"/>
        <line num="77" count="0" type="cond" truecount="0" falsecount="2"/>
        <line num="78" count="0" type="stmt"/>
        <line num="80" count="0" type="stmt"/>
        <line num="81" count="0" type="stmt"/>
        <line num="83" count="0" type="stmt"/>
        <line num="89" count="0" type="stmt"/>
        <line num="90" count="0" type="cond" truecount="0" falsecount="4"/>
        <line num="91" count="0" type="stmt"/>
        <line num="93" count="0" type="stmt"/>
        <line num="99" count="0" type="stmt"/>
        <line num="104" count="0" type="stmt"/>
        <line num="109" count="0" type="stmt"/>
        <line num="114" count="0" type="stmt"/>
        <line num="119" count="0" type="stmt"/>
        <line num="124" count="0" type="stmt"/>
        <line num="129" count="0" type="stmt"/>
      </file>
      <file name="conversation-agent-state.ts" path="/Users/danielpenin/whatsapp_saas/worker/conversation-agent-state.ts">
        <metrics statements="30" coveredstatements="27" conditionals="38" coveredconditionals="32" methods="5" coveredmethods="5"/>
        <line num="16" count="20" type="cond" truecount="1" falsecount="1"/>
        <line num="19" count="20" type="cond" truecount="2" falsecount="0"/>
        <line num="20" count="14" type="stmt"/>
        <line num="22" count="6" type="cond" truecount="1" falsecount="1"/>
        <line num="23" count="6" type="stmt"/>
        <line num="25" count="0" type="stmt"/>
        <line num="29" count="20" type="cond" truecount="1" falsecount="1"/>
        <line num="30" count="20" type="stmt"/>
        <line num="31" count="20" type="cond" truecount="2" falsecount="0"/>
        <line num="32" count="6" type="stmt"/>
        <line num="34" count="14" type="cond" truecount="1" falsecount="1"/>
        <line num="35" count="14" type="stmt"/>
        <line num="38" count="0" type="stmt"/>
        <line num="45" count="46" type="cond" truecount="2" falsecount="0"/>
        <line num="48" count="46" type="cond" truecount="4" falsecount="0"/>
        <line num="49" count="3" type="stmt"/>
        <line num="51" count="43" type="cond" truecount="2" falsecount="0"/>
        <line num="52" count="4" type="stmt"/>
        <line num="54" count="39" type="stmt"/>
        <line num="59" count="35" type="cond" truecount="1" falsecount="1"/>
        <line num="62" count="35" type="cond" truecount="1" falsecount="1"/>
        <line num="63" count="0" type="stmt"/>
        <line num="65" count="35" type="cond" truecount="2" falsecount="0"/>
        <line num="66" count="1" type="stmt"/>
        <line num="68" count="34" type="cond" truecount="4" falsecount="0"/>
        <line num="69" count="35" type="cond" truecount="2" falsecount="0"/>
        <line num="70" count="14" type="stmt"/>
        <line num="72" count="20" type="stmt"/>
        <line num="77" count="13" type="cond" truecount="4" falsecount="0"/>
        <line num="78" count="13" type="cond" truecount="2" falsecount="0"/>
      </file>
      <file name="db.ts" path="/Users/danielpenin/whatsapp_saas/worker/db.ts">
        <metrics statements="18" coveredstatements="6" conditionals="10" coveredconditionals="2" methods="4" coveredmethods="0"/>
        <line num="3" count="1" type="stmt"/>
        <line num="6" count="1" type="stmt"/>
        <line num="10" count="1" type="cond" truecount="1" falsecount="1"/>
        <line num="11" count="0" type="stmt"/>
        <line num="12" count="0" type="cond" truecount="0" falsecount="2"/>
        <line num="13" count="0" type="stmt"/>
        <line num="18" count="1" type="stmt"/>
        <line num="21" count="0" type="cond" truecount="0" falsecount="2"/>
        <line num="22" count="0" type="stmt"/>
        <line num="24" count="0" type="stmt"/>
        <line num="26" count="0" type="stmt"/>
        <line num="27" count="0" type="stmt"/>
        <line num="28" count="0" type="stmt"/>
        <line num="30" count="0" type="stmt"/>
        <line num="37" count="1" type="stmt"/>
        <line num="38" count="0" type="stmt"/>
        <line num="41" count="1" type="stmt"/>
        <line num="42" count="0" type="stmt"/>
      </file>
      <file name="flow-engine-external-id.ts" path="/Users/danielpenin/whatsapp_saas/worker/flow-engine-external-id.ts">
        <metrics statements="19" coveredstatements="19" conditionals="17" coveredconditionals="16" methods="4" coveredmethods="4"/>
        <line num="1" count="1" type="stmt"/>
        <line num="2" count="9" type="cond" truecount="4" falsecount="0"/>
        <line num="3" count="6" type="stmt"/>
        <line num="5" count="3" type="stmt"/>
        <line num="6" count="3" type="cond" truecount="1" falsecount="1"/>
        <line num="9" count="1" type="stmt"/>
        <line num="10" count="8" type="cond" truecount="2" falsecount="0"/>
        <line num="11" count="5" type="stmt"/>
        <line num="13" count="3" type="stmt"/>
        <line num="16" count="1" type="stmt"/>
        <line num="17" count="5" type="stmt"/>
        <line num="18" count="12" type="cond" truecount="2" falsecount="0"/>
        <line num="19" count="3" type="stmt"/>
        <line num="22" count="2" type="stmt"/>
        <line num="25" count="1" type="stmt"/>
        <line num="26" count="13" type="cond" truecount="4" falsecount="0"/>
        <line num="27" count="5" type="stmt"/>
        <line num="29" count="8" type="stmt"/>
        <line num="30" count="8" type="stmt"/>
      </file>
      <file name="job-id.ts" path="/Users/danielpenin/whatsapp_saas/worker/job-id.ts">
        <metrics statements="6" coveredstatements="5" conditionals="4" coveredconditionals="2" methods="3" coveredmethods="2"/>
        <line num="1" count="6" type="stmt"/>
        <line num="2" count="6" type="stmt"/>
        <line num="4" count="74" type="cond" truecount="1" falsecount="1"/>
        <line num="10" count="74" type="cond" truecount="1" falsecount="1"/>
        <line num="15" count="21" type="stmt"/>
        <line num="20" count="0" type="stmt"/>
      </file>
      <file name="logger.ts" path="/Users/danielpenin/whatsapp_saas/worker/logger.ts">
        <metrics statements="14" coveredstatements="14" conditionals="4" coveredconditionals="4" methods="6" coveredmethods="6"/>
        <line num="8" count="23" type="stmt"/>
        <line num="12" count="1" type="stmt"/>
        <line num="13" count="1" type="stmt"/>
        <line num="14" count="1" type="stmt"/>
        <line num="15" count="1" type="stmt"/>
        <line num="19" count="43" type="stmt"/>
        <line num="25" count="43" type="cond" truecount="2" falsecount="0"/>
        <line num="26" count="1" type="stmt"/>
        <line num="28" count="43" type="cond" truecount="2" falsecount="0"/>
        <line num="29" count="1" type="stmt"/>
        <line num="31" count="43" type="stmt"/>
        <line num="36" count="31" type="stmt"/>
        <line num="41" count="10" type="stmt"/>
        <line num="46" count="2" type="stmt"/>
      </file>
      <file name="metrics.ts" path="/Users/danielpenin/whatsapp_saas/worker/metrics.ts">
        <metrics statements="37" coveredstatements="16" conditionals="10" coveredconditionals="4" methods="7" coveredmethods="1"/>
        <line num="6" count="10" type="stmt"/>
        <line num="7" count="10" type="stmt"/>
        <line num="10" count="10" type="stmt"/>
        <line num="18" count="10" type="stmt"/>
        <line num="27" count="10" type="stmt"/>
        <line num="35" count="10" type="stmt"/>
        <line num="43" count="10" type="stmt"/>
        <line num="51" count="10" type="stmt"/>
        <line num="59" count="10" type="stmt"/>
        <line num="67" count="10" type="stmt"/>
        <line num="75" count="10" type="stmt"/>
        <line num="83" count="10" type="stmt"/>
        <line num="92" count="0" type="stmt"/>
        <line num="93" count="0" type="stmt"/>
        <line num="98" count="4" type="stmt"/>
        <line num="99" count="4" type="stmt"/>
        <line num="100" count="2" type="stmt"/>
        <line num="108" count="2" type="cond" truecount="2" falsecount="0"/>
        <line num="113" count="0" type="stmt"/>
        <line num="114" count="0" type="stmt"/>
        <line num="115" count="0" type="stmt"/>
        <line num="116" count="0" type="stmt"/>
        <line num="117" count="0" type="cond" truecount="0" falsecount="2"/>
        <line num="121" count="0" type="stmt"/>
        <line num="125" count="0" type="stmt"/>
        <line num="126" count="0" type="stmt"/>
        <line num="127" count="0" type="stmt"/>
        <line num="128" count="0" type="stmt"/>
        <line num="129" count="0" type="stmt"/>
        <line num="130" count="0" type="stmt"/>
        <line num="131" count="0" type="stmt"/>
        <line num="132" count="0" type="cond" truecount="0" falsecount="2"/>
        <line num="135" count="0" type="stmt"/>
        <line num="136" count="0" type="stmt"/>
        <line num="137" count="0" type="stmt"/>
        <line num="138" count="0" type="cond" truecount="0" falsecount="2"/>
        <line num="142" count="0" type="stmt"/>
      </file>
      <file name="processor-base.ts" path="/Users/danielpenin/whatsapp_saas/worker/processor-base.ts">
        <metrics statements="33" coveredstatements="18" conditionals="17" coveredconditionals="11" methods="8" coveredmethods="4"/>
        <line num="17" count="13" type="stmt"/>
        <line num="18" count="13" type="stmt"/>
        <line num="27" count="2" type="stmt"/>
        <line num="31" count="3" type="stmt"/>
        <line num="32" count="3" type="cond" truecount="1" falsecount="1"/>
        <line num="33" count="0" type="stmt"/>
        <line num="35" count="3" type="cond" truecount="2" falsecount="0"/>
        <line num="36" count="1" type="stmt"/>
        <line num="38" count="2" type="cond" truecount="5" falsecount="0"/>
        <line num="39" count="1" type="stmt"/>
        <line num="40" count="1" type="cond" truecount="1" falsecount="1"/>
        <line num="41" count="1" type="stmt"/>
        <line num="44" count="1" type="stmt"/>
        <line num="49" count="3" type="cond" truecount="2" falsecount="1"/>
        <line num="50" count="3" type="stmt"/>
        <line num="54" count="3" type="stmt"/>
        <line num="55" count="3" type="stmt"/>
        <line num="56" count="3" type="stmt"/>
        <line num="57" count="3" type="stmt"/>
        <line num="59" count="0" type="stmt"/>
        <line num="64" count="0" type="stmt"/>
        <line num="65" count="0" type="stmt"/>
        <line num="66" count="0" type="stmt"/>
        <line num="73" count="0" type="stmt"/>
        <line num="74" count="0" type="stmt"/>
        <line num="75" count="0" type="stmt"/>
        <line num="82" count="0" type="stmt"/>
        <line num="91" count="0" type="stmt"/>
        <line num="92" count="0" type="stmt"/>
        <line num="99" count="0" type="stmt"/>
        <line num="103" count="0" type="stmt"/>
        <line num="104" count="0" type="stmt"/>
        <line num="111" count="0" type="stmt"/>
      </file>
      <file name="queue.ts" path="/Users/danielpenin/whatsapp_saas/worker/queue.ts">
        <metrics statements="177" coveredstatements="110" conditionals="94" coveredconditionals="24" methods="37" coveredmethods="17"/>
        <line num="39" count="13" type="stmt"/>
        <line num="43" count="0" type="stmt"/>
        <line num="47" count="13" type="stmt"/>
        <line num="50" count="22" type="cond" truecount="2" falsecount="0"/>
        <line num="51" count="11" type="stmt"/>
        <line num="54" count="11" type="stmt"/>
        <line num="55" count="11" type="cond" truecount="1" falsecount="1"/>
        <line num="56" count="0" type="stmt"/>
        <line num="59" count="0" type="stmt"/>
        <line num="62" count="11" type="stmt"/>
        <line num="63" count="11" type="stmt"/>
        <line num="64" count="11" type="stmt"/>
        <line num="66" count="11" type="stmt"/>
        <line num="67" count="11" type="stmt"/>
        <line num="68" count="0" type="stmt"/>
        <line num="70" count="11" type="stmt"/>
        <line num="71" count="0" type="stmt"/>
        <line num="73" count="11" type="stmt"/>
        <line num="74" count="0" type="stmt"/>
        <line num="76" count="11" type="stmt"/>
        <line num="82" count="13" type="stmt"/>
        <line num="84" count="4" type="stmt"/>
        <line num="85" count="4" type="stmt"/>
        <line num="86" count="4" type="cond" truecount="1" falsecount="1"/>
        <line num="92" count="13" type="cond" truecount="3" falsecount="1"/>
        <line num="93" count="13" type="stmt"/>
        <line num="99" count="17" type="stmt"/>
        <line num="110" count="13" type="stmt"/>
        <line num="111" count="13" type="stmt"/>
        <line num="112" count="13" type="stmt"/>
        <line num="113" count="13" type="stmt"/>
        <line num="116" count="8" type="stmt"/>
        <line num="117" count="8" type="cond" truecount="2" falsecount="0"/>
        <line num="118" count="2" type="stmt"/>
        <line num="121" count="6" type="stmt"/>
        <line num="122" count="6" type="stmt"/>
        <line num="123" count="6" type="stmt"/>
        <line num="124" count="6" type="stmt"/>
        <line num="128" count="6" type="stmt"/>
        <line num="129" count="6" type="cond" truecount="1" falsecount="1"/>
        <line num="130" count="0" type="stmt"/>
        <line num="133" count="6" type="stmt"/>
        <line num="134" count="6" type="stmt"/>
        <line num="136" count="6" type="stmt"/>
        <line num="137" count="6" type="stmt"/>
        <line num="138" count="0" type="stmt"/>
        <line num="139" count="0" type="stmt"/>
        <line num="145" count="0" type="stmt"/>
        <line num="146" count="0" type="stmt"/>
        <line num="147" count="0" type="cond" truecount="0" falsecount="2"/>
        <line num="148" count="0" type="stmt"/>
        <line num="150" count="0" type="cond" truecount="0" falsecount="2"/>
        <line num="151" count="0" type="cond" truecount="0" falsecount="2"/>
        <line num="152" count="0" type="stmt"/>
        <line num="156" count="0" type="cond" truecount="0" falsecount="2"/>
        <line num="158" count="0" type="stmt"/>
        <line num="159" count="0" type="stmt"/>
        <line num="160" count="0" type="cond" truecount="0" falsecount="5"/>
        <line num="161" count="0" type="stmt"/>
        <line num="163" count="0" type="stmt"/>
        <line num="165" count="0" type="stmt"/>
        <line num="167" count="0" type="stmt"/>
        <line num="181" count="0" type="stmt"/>
        <line num="188" count="0" type="stmt"/>
        <line num="201" count="6" type="stmt"/>
        <line num="202" count="6" type="cond" truecount="1" falsecount="1"/>
        <line num="203" count="0" type="stmt"/>
        <line num="207" count="6" type="stmt"/>
        <line num="208" count="6" type="cond" truecount="1" falsecount="1"/>
        <line num="209" count="0" type="stmt"/>
        <line num="211" count="6" type="stmt"/>
        <line num="212" count="6" type="stmt"/>
        <line num="213" count="6" type="stmt"/>
        <line num="219" count="117" type="stmt"/>
        <line num="221" count="8" type="stmt"/>
        <line num="222" count="8" type="stmt"/>
        <line num="223" count="8" type="cond" truecount="2" falsecount="0"/>
        <line num="229" count="13" type="stmt"/>
        <line num="231" count="13" type="stmt"/>
        <line num="233" count="13" type="stmt"/>
        <line num="235" count="13" type="stmt"/>
        <line num="237" count="13" type="stmt"/>
        <line num="239" count="13" type="stmt"/>
        <line num="241" count="13" type="stmt"/>
        <line num="243" count="13" type="stmt"/>
        <line num="245" count="13" type="stmt"/>
        <line num="249" count="13" type="stmt"/>
        <line num="251" count="0" type="stmt"/>
        <line num="252" count="0" type="stmt"/>
        <line num="259" count="13" type="stmt"/>
        <line num="286" count="13" type="stmt"/>
        <line num="296" count="13" type="stmt"/>
        <line num="300" count="13" type="stmt"/>
        <line num="318" count="13" type="stmt"/>
        <line num="322" count="0" type="cond" truecount="0" falsecount="2"/>
        <line num="323" count="0" type="stmt"/>
        <line num="325" count="0" type="cond" truecount="0" falsecount="2"/>
        <line num="326" count="0" type="stmt"/>
        <line num="328" count="0" type="stmt"/>
        <line num="331" count="13" type="stmt"/>
        <line num="332" count="0" type="cond" truecount="0" falsecount="2"/>
        <line num="334" count="13" type="stmt"/>
        <line num="335" count="0" type="cond" truecount="0" falsecount="4"/>
        <line num="338" count="0" type="cond" truecount="0" falsecount="2"/>
        <line num="339" count="0" type="cond" truecount="0" falsecount="2"/>
        <line num="340" count="0" type="stmt"/>
        <line num="342" count="0" type="stmt"/>
        <line num="343" count="0" type="cond" truecount="0" falsecount="2"/>
        <line num="344" count="0" type="stmt"/>
        <line num="347" count="0" type="stmt"/>
        <line num="348" count="0" type="stmt"/>
        <line num="349" count="0" type="stmt"/>
        <line num="350" count="0" type="stmt"/>
        <line num="356" count="0" type="stmt"/>
        <line num="357" count="0" type="cond" truecount="0" falsecount="2"/>
        <line num="362" count="0" type="stmt"/>
        <line num="363" count="0" type="stmt"/>
        <line num="364" count="0" type="cond" truecount="0" falsecount="2"/>
        <line num="365" count="0" type="stmt"/>
        <line num="367" count="0" type="cond" truecount="0" falsecount="2"/>
        <line num="373" count="0" type="stmt"/>
        <line num="376" count="0" type="stmt"/>
        <line num="379" count="0" type="stmt"/>
        <line num="392" count="2" type="stmt"/>
        <line num="395" count="2" type="stmt"/>
        <line num="396" count="2" type="stmt"/>
        <line num="397" count="2" type="stmt"/>
        <line num="402" count="0" type="stmt"/>
        <line num="407" count="1" type="cond" truecount="1" falsecount="1"/>
        <line num="408" count="1" type="stmt"/>
        <line num="411" count="0" type="stmt"/>
        <line num="415" count="1" type="stmt"/>
        <line num="416" count="1" type="stmt"/>
        <line num="422" count="2" type="cond" truecount="1" falsecount="1"/>
        <line num="423" count="0" type="stmt"/>
        <line num="426" count="2" type="cond" truecount="2" falsecount="0"/>
        <line num="427" count="1" type="stmt"/>
        <line num="428" count="1" type="stmt"/>
        <line num="429" count="1" type="stmt"/>
        <line num="430" count="1" type="cond" truecount="1" falsecount="1"/>
        <line num="431" count="1" type="stmt"/>
        <line num="433" count="1" type="stmt"/>
        <line num="435" count="2" type="stmt"/>
        <line num="436" count="2" type="stmt"/>
        <line num="454" count="13" type="stmt"/>
        <line num="455" count="0" type="stmt"/>
        <line num="457" count="13" type="stmt"/>
        <line num="458" count="2" type="stmt"/>
        <line num="459" count="2" type="stmt"/>
        <line num="460" count="0" type="stmt"/>
        <line num="462" count="2" type="stmt"/>
        <line num="463" count="0" type="stmt"/>
        <line num="465" count="2" type="stmt"/>
        <line num="466" count="0" type="stmt"/>
        <line num="468" count="2" type="stmt"/>
        <line num="469" count="0" type="stmt"/>
        <line num="471" count="2" type="stmt"/>
        <line num="474" count="13" type="stmt"/>
        <line num="478" count="2" type="stmt"/>
        <line num="480" count="2" type="stmt"/>
        <line num="484" count="13" type="stmt"/>
        <line num="485" count="2" type="cond" truecount="1" falsecount="1"/>
        <line num="486" count="0" type="stmt"/>
        <line num="488" count="2" type="stmt"/>
        <line num="489" count="2" type="stmt"/>
        <line num="491" count="0" type="stmt"/>
        <line num="493" count="2" type="stmt"/>
        <line num="496" count="13" type="stmt"/>
        <line num="497" count="2" type="stmt"/>
        <line num="498" count="2" type="stmt"/>
        <line num="499" count="2" type="stmt"/>
        <line num="500" count="2" type="stmt"/>
        <line num="505" count="2" type="stmt"/>
        <line num="506" count="2" type="stmt"/>
        <line num="507" count="2" type="stmt"/>
        <line num="508" count="2" type="stmt"/>
        <line num="509" count="2" type="stmt"/>
      </file>
      <file name="redis-client.ts" path="/Users/danielpenin/whatsapp_saas/worker/redis-client.ts">
        <metrics statements="20" coveredstatements="14" conditionals="2" coveredconditionals="1" methods="5" coveredmethods="0"/>
        <line num="20" count="10" type="stmt"/>
        <line num="21" count="10" type="cond" truecount="1" falsecount="1"/>
        <line num="26" count="0" type="stmt"/>
        <line num="33" count="10" type="stmt"/>
        <line num="34" count="10" type="stmt"/>
        <line num="35" count="10" type="stmt"/>
        <line num="37" count="10" type="stmt"/>
        <line num="41" count="0" type="stmt"/>
        <line num="46" count="10" type="stmt"/>
        <line num="47" count="10" type="stmt"/>
        <line num="48" count="0" type="stmt"/>
        <line num="50" count="10" type="stmt"/>
        <line num="51" count="0" type="stmt"/>
        <line num="55" count="10" type="stmt"/>
        <line num="56" count="10" type="stmt"/>
        <line num="57" count="0" type="stmt"/>
        <line num="61" count="10" type="stmt"/>
        <line num="62" count="10" type="stmt"/>
        <line num="63" count="0" type="stmt"/>
        <line num="70" count="10" type="stmt"/>
      </file>
      <file name="resolve-redis-url.ts" path="/Users/danielpenin/whatsapp_saas/worker/resolve-redis-url.ts">
        <metrics statements="68" coveredstatements="51" conditionals="76" coveredconditionals="57" methods="15" coveredmethods="15"/>
        <line num="1" count="4" type="stmt"/>
        <line num="45" count="4" type="stmt"/>
        <line num="46" count="4" type="stmt"/>
        <line num="51" count="1" type="stmt"/>
        <line num="52" count="1" type="stmt"/>
        <line num="53" count="1" type="cond" truecount="1" falsecount="1"/>
        <line num="55" count="0" type="stmt"/>
        <line num="60" count="1" type="stmt"/>
        <line num="61" count="1" type="stmt"/>
        <line num="62" count="1" type="stmt"/>
        <line num="66" count="0" type="stmt"/>
        <line num="71" count="12" type="stmt"/>
        <line num="76" count="34" type="cond" truecount="2" falsecount="0"/>
        <line num="80" count="12" type="cond" truecount="2" falsecount="0"/>
        <line num="84" count="1" type="cond" truecount="3" falsecount="1"/>
        <line num="85" count="1" type="stmt"/>
        <line num="91" count="0" type="cond" truecount="0" falsecount="4"/>
        <line num="92" count="0" type="stmt"/>
        <line num="98" count="0" type="stmt"/>
        <line num="103" count="5" type="cond" truecount="2" falsecount="0"/>
        <line num="104" count="1" type="stmt"/>
        <line num="106" count="4" type="stmt"/>
        <line num="110" count="10" type="cond" truecount="2" falsecount="0"/>
        <line num="113" count="10" type="cond" truecount="1" falsecount="1"/>
        <line num="114" count="0" type="stmt"/>
        <line num="116" count="10" type="cond" truecount="1" falsecount="1"/>
        <line num="117" count="0" type="stmt"/>
        <line num="119" count="10" type="cond" truecount="1" falsecount="1"/>
        <line num="120" count="0" type="stmt"/>
        <line num="123" count="10" type="cond" truecount="2" falsecount="0"/>
        <line num="134" count="8" type="stmt"/>
        <line num="144" count="8" type="stmt"/>
        <line num="145" count="8" type="cond" truecount="3" falsecount="1"/>
        <line num="146" count="0" type="stmt"/>
        <line num="147" count="0" type="stmt"/>
        <line num="149" count="8" type="cond" truecount="4" falsecount="1"/>
        <line num="150" count="0" type="stmt"/>
        <line num="152" count="8" type="stmt"/>
        <line num="156" count="8" type="stmt"/>
        <line num="157" count="8" type="cond" truecount="1" falsecount="1"/>
        <line num="158" count="0" type="stmt"/>
        <line num="160" count="8" type="cond" truecount="2" falsecount="0"/>
        <line num="161" count="3" type="stmt"/>
        <line num="168" count="5" type="stmt"/>
        <line num="181" count="9" type="cond" truecount="2" falsecount="0"/>
        <line num="182" count="1" type="stmt"/>
        <line num="186" count="8" type="stmt"/>
        <line num="187" count="8" type="cond" truecount="1" falsecount="1"/>
        <line num="188" count="0" type="stmt"/>
        <line num="192" count="8" type="cond" truecount="1" falsecount="1"/>
        <line num="193" count="0" type="stmt"/>
        <line num="197" count="8" type="stmt"/>
        <line num="206" count="2" type="cond" truecount="1" falsecount="1"/>
        <line num="207" count="0" type="stmt"/>
        <line num="209" count="2" type="cond" truecount="3" falsecount="0"/>
        <line num="211" count="2" type="cond" truecount="3" falsecount="0"/>
        <line num="212" count="2" type="cond" truecount="2" falsecount="2"/>
        <line num="213" count="0" type="stmt"/>
        <line num="215" count="2" type="cond" truecount="1" falsecount="1"/>
        <line num="216" count="0" type="stmt"/>
        <line num="218" count="2" type="stmt"/>
        <line num="232" count="2" type="stmt"/>
        <line num="233" count="2" type="stmt"/>
        <line num="234" count="2" type="stmt"/>
        <line num="235" count="2" type="stmt"/>
        <line num="236" count="2" type="stmt"/>
        <line num="238" count="1" type="stmt"/>
        <line num="240" count="2" type="stmt"/>
      </file>
      <file name="safe-path.ts" path="/Users/danielpenin/whatsapp_saas/worker/safe-path.ts">
        <metrics statements="12" coveredstatements="0" conditionals="8" coveredconditionals="0" methods="2" coveredmethods="0"/>
        <line num="5" count="0" type="stmt"/>
        <line num="6" count="0" type="cond" truecount="0" falsecount="2"/>
        <line num="7" count="0" type="stmt"/>
        <line num="9" count="0" type="cond" truecount="0" falsecount="2"/>
        <line num="10" count="0" type="stmt"/>
        <line num="13" count="0" type="stmt"/>
        <line num="18" count="0" type="stmt"/>
        <line num="19" count="0" type="cond" truecount="0" falsecount="2"/>
        <line num="20" count="0" type="stmt"/>
        <line num="22" count="0" type="cond" truecount="0" falsecount="2"/>
        <line num="23" count="0" type="stmt"/>
        <line num="26" count="0" type="stmt"/>
      </file>
    </package>
    <package name="worker.contracts">
      <metrics statements="29" coveredstatements="24" conditionals="29" coveredconditionals="17" methods="7" coveredmethods="6"/>
      <file name="autopilot-jobs.ts" path="/Users/danielpenin/whatsapp_saas/worker/contracts/autopilot-jobs.ts">
        <metrics statements="29" coveredstatements="24" conditionals="29" coveredconditionals="17" methods="7" coveredmethods="6"/>
        <line num="7" count="6" type="stmt"/>
        <line num="9" count="6" type="stmt"/>
        <line num="47" count="2" type="cond" truecount="4" falsecount="1"/>
        <line num="48" count="0" type="stmt"/>
        <line num="50" count="2" type="stmt"/>
        <line num="54" count="8" type="cond" truecount="4" falsecount="0"/>
        <line num="55" count="2" type="stmt"/>
        <line num="58" count="6" type="cond" truecount="1" falsecount="1"/>
        <line num="63" count="8" type="cond" truecount="1" falsecount="1"/>
        <line num="70" count="4" type="stmt"/>
        <line num="71" count="4" type="cond" truecount="1" falsecount="1"/>
        <line num="72" count="0" type="stmt"/>
        <line num="74" count="4" type="stmt"/>
        <line num="78" count="2" type="cond" truecount="1" falsecount="1"/>
        <line num="79" count="2" type="cond" truecount="1" falsecount="1"/>
        <line num="80" count="0" type="stmt"/>
        <line num="82" count="2" type="stmt"/>
        <line num="86" count="2" type="stmt"/>
        <line num="87" count="2" type="cond" truecount="3" falsecount="1"/>
        <line num="88" count="2" type="stmt"/>
        <line num="90" count="0" type="stmt"/>
        <line num="97" count="2" type="stmt"/>
        <line num="98" count="2" type="stmt"/>
        <line num="99" count="2" type="stmt"/>
        <line num="100" count="2" type="stmt"/>
        <line num="101" count="2" type="stmt"/>
        <line num="102" count="2" type="stmt"/>
        <line num="104" count="2" type="cond" truecount="1" falsecount="1"/>
        <line num="113" count="0" type="stmt"/>
      </file>
    </package>
    <package name="worker.processors">
      <metrics statements="227" coveredstatements="111" conditionals="154" coveredconditionals="68" methods="25" coveredmethods="21"/>
      <file name="autopilot-processor.ts" path="/Users/danielpenin/whatsapp_saas/worker/processors/autopilot-processor.ts">
        <metrics statements="89" coveredstatements="2" conditionals="40" coveredconditionals="1" methods="1" coveredmethods="0"/>
        <line num="25" count="6" type="stmt"/>
        <line num="28" count="6" type="cond" truecount="1" falsecount="1"/>
        <line num="32" count="0" type="stmt"/>
        <line num="33" count="0" type="stmt"/>
        <line num="35" count="0" type="stmt"/>
        <line num="36" count="0" type="stmt"/>
        <line num="37" count="0" type="cond" truecount="0" falsecount="2"/>
        <line num="38" count="0" type="stmt"/>
        <line num="39" count="0" type="stmt"/>
        <line num="40" count="0" type="stmt"/>
        <line num="43" count="0" type="stmt"/>
        <line num="45" count="0" type="cond" truecount="0" falsecount="2"/>
        <line num="46" count="0" type="stmt"/>
        <line num="47" count="0" type="stmt"/>
        <line num="48" count="0" type="stmt"/>
        <line num="49" count="0" type="stmt"/>
        <line num="52" count="0" type="cond" truecount="0" falsecount="2"/>
        <line num="53" count="0" type="stmt"/>
        <line num="54" count="0" type="stmt"/>
        <line num="55" count="0" type="stmt"/>
        <line num="56" count="0" type="stmt"/>
        <line num="59" count="0" type="cond" truecount="0" falsecount="2"/>
        <line num="60" count="0" type="stmt"/>
        <line num="61" count="0" type="cond" truecount="0" falsecount="2"/>
        <line num="62" count="0" type="stmt"/>
        <line num="64" count="0" type="stmt"/>
        <line num="65" count="0" type="stmt"/>
        <line num="66" count="0" type="stmt"/>
        <line num="69" count="0" type="cond" truecount="0" falsecount="2"/>
        <line num="70" count="0" type="stmt"/>
        <line num="71" count="0" type="cond" truecount="0" falsecount="2"/>
        <line num="72" count="0" type="stmt"/>
        <line num="74" count="0" type="stmt"/>
        <line num="75" count="0" type="stmt"/>
        <line num="76" count="0" type="stmt"/>
        <line num="79" count="0" type="cond" truecount="0" falsecount="2"/>
        <line num="80" count="0" type="stmt"/>
        <line num="81" count="0" type="stmt"/>
        <line num="82" count="0" type="stmt"/>
        <line num="83" count="0" type="stmt"/>
        <line num="86" count="0" type="cond" truecount="0" falsecount="2"/>
        <line num="87" count="0" type="stmt"/>
        <line num="88" count="0" type="stmt"/>
        <line num="89" count="0" type="stmt"/>
        <line num="90" count="0" type="stmt"/>
        <line num="93" count="0" type="cond" truecount="0" falsecount="2"/>
        <line num="94" count="0" type="stmt"/>
        <line num="95" count="0" type="stmt"/>
        <line num="96" count="0" type="stmt"/>
        <line num="97" count="0" type="stmt"/>
        <line num="100" count="0" type="cond" truecount="0" falsecount="2"/>
        <line num="101" count="0" type="stmt"/>
        <line num="102" count="0" type="stmt"/>
        <line num="103" count="0" type="stmt"/>
        <line num="104" count="0" type="stmt"/>
        <line num="107" count="0" type="cond" truecount="0" falsecount="2"/>
        <line num="108" count="0" type="stmt"/>
        <line num="109" count="0" type="stmt"/>
        <line num="110" count="0" type="stmt"/>
        <line num="111" count="0" type="stmt"/>
        <line num="114" count="0" type="cond" truecount="0" falsecount="2"/>
        <line num="115" count="0" type="stmt"/>
        <line num="116" count="0" type="stmt"/>
        <line num="117" count="0" type="stmt"/>
        <line num="118" count="0" type="stmt"/>
        <line num="121" count="0" type="cond" truecount="0" falsecount="2"/>
        <line num="122" count="0" type="stmt"/>
        <line num="123" count="0" type="cond" truecount="0" falsecount="2"/>
        <line num="124" count="0" type="stmt"/>
        <line num="126" count="0" type="stmt"/>
        <line num="128" count="0" type="stmt"/>
        <line num="129" count="0" type="stmt"/>
        <line num="130" count="0" type="stmt"/>
        <line num="133" count="0" type="cond" truecount="0" falsecount="2"/>
        <line num="134" count="0" type="stmt"/>
        <line num="135" count="0" type="stmt"/>
        <line num="136" count="0" type="stmt"/>
        <line num="137" count="0" type="stmt"/>
        <line num="140" count="0" type="stmt"/>
        <line num="141" count="0" type="stmt"/>
        <line num="142" count="0" type="stmt"/>
        <line num="143" count="0" type="stmt"/>
        <line num="144" count="0" type="stmt"/>
        <line num="146" count="0" type="cond" truecount="0" falsecount="2"/>
        <line num="147" count="0" type="stmt"/>
        <line num="148" count="0" type="stmt"/>
        <line num="155" count="0" type="cond" truecount="0" falsecount="2"/>
        <line num="156" count="0" type="stmt"/>
        <line num="159" count="0" type="stmt"/>
      </file>
      <file name="checkout-social-lead-enrichment.ts" path="/Users/danielpenin/whatsapp_saas/worker/processors/checkout-social-lead-enrichment.ts">
        <metrics statements="69" coveredstatements="52" conditionals="81" coveredconditionals="46" methods="11" coveredmethods="9"/>
        <line num="9" count="1" type="stmt"/>
        <line num="11" count="1" type="stmt"/>
        <line num="26" count="4" type="stmt"/>
        <line num="42" count="4" type="cond" truecount="2" falsecount="0"/>
        <line num="43" count="1" type="stmt"/>
        <line num="49" count="1" type="stmt"/>
        <line num="52" count="3" type="stmt"/>
        <line num="53" count="4" type="cond" truecount="1" falsecount="1"/>
        <line num="54" count="0" type="stmt"/>
        <line num="60" count="0" type="stmt"/>
        <line num="63" count="3" type="stmt"/>
        <line num="64" count="3" type="stmt"/>
        <line num="81" count="1" type="cond" truecount="1" falsecount="1"/>
        <line num="82" count="0" type="stmt"/>
        <line num="85" count="1" type="stmt"/>
        <line num="86" count="1" type="stmt"/>
        <line num="87" count="1" type="stmt"/>
        <line num="88" count="1" type="stmt"/>
        <line num="90" count="1" type="stmt"/>
        <line num="102" count="1" type="cond" truecount="1" falsecount="1"/>
        <line num="103" count="1" type="stmt"/>
        <line num="127" count="2" type="stmt"/>
        <line num="128" count="2" type="stmt"/>
        <line num="134" count="2" type="stmt"/>
        <line num="140" count="1" type="cond" truecount="1" falsecount="1"/>
        <line num="141" count="2" type="stmt"/>
        <line num="146" count="3" type="cond" truecount="1" falsecount="1"/>
        <line num="147" count="0" type="stmt"/>
        <line num="150" count="3" type="stmt"/>
        <line num="151" count="3" type="cond" truecount="1" falsecount="1"/>
        <line num="152" count="0" type="stmt"/>
        <line num="155" count="3" type="stmt"/>
        <line num="156" count="3" type="cond" truecount="1" falsecount="1"/>
        <line num="157" count="3" type="cond" truecount="3" falsecount="1"/>
        <line num="158" count="0" type="stmt"/>
        <line num="161" count="3" type="stmt"/>
        <line num="171" count="3" type="cond" truecount="1" falsecount="1"/>
        <line num="172" count="3" type="stmt"/>
        <line num="175" count="0" type="stmt"/>
        <line num="177" count="0" type="cond" truecount="0" falsecount="2"/>
        <line num="179" count="0" type="cond" truecount="0" falsecount="2"/>
        <line num="183" count="2" type="cond" truecount="1" falsecount="1"/>
        <line num="184" count="0" type="stmt"/>
        <line num="187" count="2" type="stmt"/>
        <line num="188" count="2" type="cond" truecount="1" falsecount="1"/>
        <line num="189" count="0" type="stmt"/>
        <line num="191" count="2" type="stmt"/>
        <line num="192" count="2" type="cond" truecount="3" falsecount="1"/>
        <line num="193" count="2" type="stmt"/>
        <line num="197" count="0" type="stmt"/>
        <line num="201" count="1" type="cond" truecount="1" falsecount="1"/>
        <line num="202" count="1" type="cond" truecount="1" falsecount="1"/>
        <line num="206" count="1" type="cond" truecount="1" falsecount="1"/>
        <line num="207" count="1" type="cond" truecount="1" falsecount="1"/>
        <line num="211" count="12" type="cond" truecount="3" falsecount="0"/>
        <line num="215" count="3" type="cond" truecount="1" falsecount="1"/>
        <line num="216" count="0" type="stmt"/>
        <line num="218" count="3" type="cond" truecount="2" falsecount="0"/>
        <line num="219" count="2" type="stmt"/>
        <line num="221" count="1" type="cond" truecount="1" falsecount="1"/>
        <line num="222" count="0" type="stmt"/>
        <line num="224" count="1" type="cond" truecount="1" falsecount="1"/>
        <line num="225" count="0" type="stmt"/>
        <line num="228" count="1" type="cond" truecount="1" falsecount="1"/>
        <line num="229" count="0" type="stmt"/>
        <line num="232" count="1" type="cond" truecount="1" falsecount="1"/>
        <line num="233" count="2" type="stmt"/>
        <line num="234" count="1" type="stmt"/>
        <line num="237" count="0" type="stmt"/>
      </file>
      <file name="prepaid-wallet-errors.ts" path="/Users/danielpenin/whatsapp_saas/worker/processors/prepaid-wallet-errors.ts">
        <metrics statements="8" coveredstatements="5" conditionals="0" coveredconditionals="0" methods="2" coveredmethods="1"/>
        <line num="19" count="0" type="stmt"/>
        <line num="20" count="0" type="stmt"/>
        <line num="21" count="0" type="stmt"/>
        <line num="46" count="1" type="stmt"/>
        <line num="49" count="1" type="stmt"/>
        <line num="50" count="1" type="stmt"/>
        <line num="51" count="1" type="stmt"/>
        <line num="52" count="1" type="stmt"/>
      </file>
      <file name="prepaid-wallet-settlement.ts" path="/Users/danielpenin/whatsapp_saas/worker/processors/prepaid-wallet-settlement.ts">
        <metrics statements="61" coveredstatements="52" conditionals="33" coveredconditionals="21" methods="11" coveredmethods="11"/>
        <line num="13" count="1" type="stmt"/>
        <line num="14" count="1" type="stmt"/>
        <line num="15" count="1" type="stmt"/>
        <line num="16" count="1" type="stmt"/>
        <line num="17" count="1" type="stmt"/>
        <line num="18" count="1" type="stmt"/>
        <line num="19" count="1" type="stmt"/>
        <line num="107" count="1" type="stmt"/>
        <line num="120" count="1" type="stmt"/>
        <line num="121" count="4" type="cond" truecount="1" falsecount="1"/>
        <line num="122" count="0" type="cond" truecount="0" falsecount="2"/>
        <line num="123" count="0" type="stmt"/>
        <line num="126" count="0" type="stmt"/>
        <line num="129" count="4" type="cond" truecount="2" falsecount="0"/>
        <line num="130" count="1" type="cond" truecount="3" falsecount="1"/>
        <line num="131" count="0" type="stmt"/>
        <line num="134" count="1" type="stmt"/>
        <line num="137" count="3" type="cond" truecount="1" falsecount="1"/>
        <line num="138" count="0" type="stmt"/>
        <line num="141" count="3" type="stmt"/>
        <line num="153" count="1" type="stmt"/>
        <line num="154" count="1" type="stmt"/>
        <line num="155" count="1" type="stmt"/>
        <line num="159" count="1" type="stmt"/>
        <line num="163" count="1" type="stmt"/>
        <line num="165" count="1" type="stmt"/>
        <line num="179" count="1" type="stmt"/>
        <line num="184" count="3" type="stmt"/>
        <line num="200" count="1" type="stmt"/>
        <line num="205" count="3" type="stmt"/>
        <line num="221" count="1" type="stmt"/>
        <line num="222" count="3" type="cond" truecount="1" falsecount="1"/>
        <line num="237" count="1" type="stmt"/>
        <line num="241" count="2" type="cond" truecount="4" falsecount="0"/>
        <line num="242" count="1" type="stmt"/>
        <line num="245" count="1" type="cond" truecount="1" falsecount="1"/>
        <line num="259" count="1" type="stmt"/>
        <line num="265" count="1" type="stmt"/>
        <line num="287" count="1" type="stmt"/>
        <line num="291" count="3" type="stmt"/>
        <line num="292" count="3" type="stmt"/>
        <line num="294" count="3" type="stmt"/>
        <line num="295" count="3" type="cond" truecount="1" falsecount="1"/>
        <line num="296" count="0" type="stmt"/>
        <line num="299" count="3" type="stmt"/>
        <line num="300" count="3" type="cond" truecount="1" falsecount="1"/>
        <line num="301" count="0" type="stmt"/>
        <line num="304" count="3" type="stmt"/>
        <line num="307" count="3" type="cond" truecount="1" falsecount="1"/>
        <line num="308" count="0" type="stmt"/>
        <line num="311" count="3" type="stmt"/>
        <line num="312" count="3" type="stmt"/>
        <line num="313" count="3" type="cond" truecount="2" falsecount="0"/>
        <line num="314" count="1" type="stmt"/>
        <line num="317" count="2" type="stmt"/>
        <line num="319" count="2" type="stmt"/>
        <line num="324" count="1" type="stmt"/>
        <line num="349" count="1" type="stmt"/>
        <line num="353" count="3" type="cond" truecount="1" falsecount="1"/>
        <line num="354" count="0" type="stmt"/>
        <line num="359" count="3" type="stmt"/>
      </file>
    </package>
    <package name="worker.processors.__companions__">
      <metrics statements="2066" coveredstatements="886" conditionals="3165" coveredconditionals="1057" methods="267" coveredmethods="135"/>
      <file name="autopilot-core.companion.ts" path="/Users/danielpenin/whatsapp_saas/worker/processors/__companions__/autopilot-core.companion.ts">
        <metrics statements="2066" coveredstatements="886" conditionals="3165" coveredconditionals="1057" methods="267" coveredmethods="135"/>
        <line num="121" count="6" type="stmt"/>
        <line num="122" count="6" type="stmt"/>
        <line num="123" count="6" type="stmt"/>
        <line num="124" count="6" type="stmt"/>
        <line num="125" count="6" type="stmt"/>
        <line num="126" count="6" type="stmt"/>
        <line num="127" count="6" type="stmt"/>
        <line num="128" count="6" type="stmt"/>
        <line num="129" count="6" type="stmt"/>
        <line num="130" count="6" type="stmt"/>
        <line num="131" count="6" type="stmt"/>
        <line num="133" count="6" type="stmt"/>
        <line num="134" count="6" type="stmt"/>
        <line num="135" count="6" type="stmt"/>
        <line num="136" count="6" type="stmt"/>
        <line num="138" count="6" type="stmt"/>
        <line num="140" count="6" type="stmt"/>
        <line num="141" count="6" type="stmt"/>
        <line num="142" count="6" type="stmt"/>
        <line num="143" count="6" type="stmt"/>
        <line num="144" count="6" type="stmt"/>
        <line num="145" count="6" type="stmt"/>
        <line num="146" count="6" type="stmt"/>
        <line num="147" count="6" type="stmt"/>
        <line num="148" count="6" type="stmt"/>
        <line num="149" count="6" type="stmt"/>
        <line num="151" count="6" type="stmt"/>
        <line num="153" count="6" type="stmt"/>
        <line num="155" count="6" type="stmt"/>
        <line num="157" count="6" type="stmt"/>
        <line num="159" count="6" type="stmt"/>
        <line num="160" count="6" type="stmt"/>
        <line num="162" count="6" type="stmt"/>
        <line num="163" count="6" type="stmt"/>
        <line num="164" count="6" type="stmt"/>
        <line num="166" count="6" type="stmt"/>
        <line num="167" count="6" type="stmt"/>
        <line num="168" count="6" type="stmt"/>
        <line num="169" count="6" type="stmt"/>
        <line num="170" count="6" type="stmt"/>
        <line num="171" count="6" type="stmt"/>
        <line num="172" count="6" type="stmt"/>
        <line num="173" count="6" type="stmt"/>
        <line num="174" count="6" type="stmt"/>
        <line num="175" count="6" type="stmt"/>
        <line num="176" count="6" type="stmt"/>
        <line num="177" count="6" type="stmt"/>
        <line num="179" count="6" type="stmt"/>
        <line num="180" count="6" type="cond" truecount="2" falsecount="0"/>
        <line num="181" count="6" type="stmt"/>
        <line num="183" count="6" type="cond" truecount="3" falsecount="0"/>
        <line num="185" count="6" type="stmt"/>
        <line num="189" count="6" type="stmt"/>
        <line num="193" count="6" type="cond" truecount="3" falsecount="1"/>
        <line num="194" count="6" type="cond" truecount="3" falsecount="1"/>
        <line num="195" count="6" type="cond" truecount="3" falsecount="1"/>
        <line num="196" count="6" type="cond" truecount="3" falsecount="1"/>
        <line num="197" count="6" type="stmt"/>
        <line num="201" count="6" type="stmt"/>
        <line num="205" count="6" type="stmt"/>
        <line num="209" count="6" type="stmt"/>
        <line num="213" count="6" type="stmt"/>
        <line num="217" count="6" type="stmt"/>
        <line num="221" count="6" type="stmt"/>
        <line num="225" count="6" type="stmt"/>
        <line num="229" count="6" type="stmt"/>
        <line num="233" count="6" type="stmt"/>
        <line num="237" count="6" type="stmt"/>
        <line num="241" count="6" type="stmt"/>
        <line num="245" count="6" type="stmt"/>
        <line num="249" count="6" type="stmt"/>
        <line num="253" count="6" type="stmt"/>
        <line num="285" count="6" type="stmt"/>
        <line num="291" count="0" type="cond" truecount="0" falsecount="4"/>
        <line num="292" count="0" type="stmt"/>
        <line num="294" count="0" type="stmt"/>
        <line num="295" count="0" type="stmt"/>
        <line num="308" count="0" type="cond" truecount="0" falsecount="4"/>
        <line num="309" count="0" type="stmt"/>
        <line num="330" count="21" type="cond" truecount="1" falsecount="1"/>
        <line num="331" count="21" type="stmt"/>
        <line num="333" count="0" type="stmt"/>
        <line num="346" count="0" type="cond" truecount="0" falsecount="2"/>
        <line num="350" count="0" type="stmt"/>
        <line num="354" count="6" type="cond" truecount="3" falsecount="1"/>
        <line num="355" count="0" type="stmt"/>
        <line num="358" count="6" type="stmt"/>
        <line num="360" count="8" type="cond" truecount="1" falsecount="1"/>
        <line num="361" count="8" type="cond" truecount="1" falsecount="1"/>
        <line num="363" count="8" type="stmt"/>
        <line num="364" count="2" type="stmt"/>
        <line num="366" count="6" type="cond" truecount="1" falsecount="1"/>
        <line num="367" count="0" type="stmt"/>
        <line num="370" count="6" type="stmt"/>
        <line num="381" count="0" type="stmt"/>
        <line num="382" count="0" type="cond" truecount="0" falsecount="4"/>
        <line num="383" count="0" type="stmt"/>
        <line num="388" count="0" type="cond" truecount="0" falsecount="2"/>
        <line num="389" count="0" type="stmt"/>
        <line num="390" count="0" type="stmt"/>
        <line num="393" count="0" type="cond" truecount="0" falsecount="2"/>
        <line num="394" count="0" type="stmt"/>
        <line num="395" count="0" type="stmt"/>
        <line num="398" count="0" type="stmt"/>
        <line num="410" count="0" type="cond" truecount="0" falsecount="2"/>
        <line num="415" count="0" type="cond" truecount="0" falsecount="2"/>
        <line num="416" count="0" type="stmt"/>
        <line num="419" count="0" type="stmt"/>
        <line num="420" count="0" type="cond" truecount="0" falsecount="2"/>
        <line num="421" count="0" type="cond" truecount="0" falsecount="2"/>
        <line num="423" count="0" type="cond" truecount="0" falsecount="2"/>
        <line num="425" count="0" type="stmt"/>
        <line num="428" count="0" type="cond" truecount="0" falsecount="5"/>
        <line num="433" count="0" type="cond" truecount="0" falsecount="2"/>
        <line num="437" count="0" type="stmt"/>
        <line num="438" count="0" type="stmt"/>
        <line num="440" count="0" type="stmt"/>
        <line num="441" count="0" type="stmt"/>
        <line num="442" count="0" type="cond" truecount="0" falsecount="2"/>
        <line num="443" count="0" type="stmt"/>
        <line num="444" count="0" type="stmt"/>
        <line num="445" count="0" type="stmt"/>
        <line num="448" count="0" type="cond" truecount="0" falsecount="2"/>
        <line num="449" count="0" type="stmt"/>
        <line num="452" count="0" type="cond" truecount="0" falsecount="2"/>
        <line num="453" count="0" type="stmt"/>
        <line num="456" count="0" type="stmt"/>
        <line num="457" count="0" type="stmt"/>
        <line num="460" count="0" type="cond" truecount="0" falsecount="2"/>
        <line num="468" count="0" type="cond" truecount="0" falsecount="2"/>
        <line num="473" count="0" type="cond" truecount="0" falsecount="2"/>
        <line num="475" count="0" type="stmt"/>
        <line num="478" count="0" type="cond" truecount="0" falsecount="2"/>
        <line num="479" count="0" type="stmt"/>
        <line num="488" count="0" type="stmt"/>
        <line num="490" count="0" type="cond" truecount="0" falsecount="2"/>
        <line num="493" count="0" type="stmt"/>
        <line num="505" count="0" type="cond" truecount="0" falsecount="2"/>
        <line num="506" count="0" type="stmt"/>
        <line num="510" count="0" type="cond" truecount="0" falsecount="2"/>
        <line num="512" count="0" type="cond" truecount="0" falsecount="2"/>
        <line num="513" count="0" type="stmt"/>
        <line num="516" count="0" type="stmt"/>
        <line num="518" count="0" type="cond" truecount="0" falsecount="2"/>
        <line num="519" count="0" type="stmt"/>
        <line num="522" count="0" type="cond" truecount="0" falsecount="2"/>
        <line num="523" count="0" type="cond" truecount="0" falsecount="2"/>
        <line num="524" count="0" type="stmt"/>
        <line num="527" count="0" type="stmt"/>
        <line num="528" count="0" type="stmt"/>
        <line num="529" count="0" type="stmt"/>
        <line num="539" count="0" type="stmt"/>
        <line num="545" count="0" type="cond" truecount="0" falsecount="2"/>
        <line num="550" count="0" type="stmt"/>
        <line num="551" count="0" type="cond" truecount="0" falsecount="2"/>
        <line num="553" count="0" type="cond" truecount="0" falsecount="2"/>
        <line num="554" count="0" type="stmt"/>
        <line num="557" count="0" type="stmt"/>
        <line num="564" count="0" type="stmt"/>
        <line num="567" count="0" type="stmt"/>
        <line num="578" count="0" type="stmt"/>
        <line num="579" count="0" type="cond" truecount="0" falsecount="2"/>
        <line num="582" count="0" type="stmt"/>
        <line num="584" count="0" type="cond" truecount="0" falsecount="2"/>
        <line num="586" count="0" type="stmt"/>
        <line num="588" count="0" type="cond" truecount="0" falsecount="2"/>
        <line num="589" count="0" type="stmt"/>
        <line num="596" count="0" type="cond" truecount="0" falsecount="2"/>
        <line num="597" count="0" type="stmt"/>
        <line num="604" count="0" type="cond" truecount="0" falsecount="2"/>
        <line num="605" count="0" type="stmt"/>
        <line num="612" count="0" type="cond" truecount="0" falsecount="2"/>
        <line num="613" count="0" type="stmt"/>
        <line num="615" count="0" type="cond" truecount="0" falsecount="2"/>
        <line num="616" count="0" type="stmt"/>
        <line num="620" count="0" type="cond" truecount="0" falsecount="2"/>
        <line num="621" count="0" type="cond" truecount="0" falsecount="2"/>
        <line num="622" count="0" type="stmt"/>
        <line num="625" count="0" type="stmt"/>
        <line num="626" count="0" type="stmt"/>
        <line num="627" count="0" type="stmt"/>
        <line num="633" count="0" type="stmt"/>
        <line num="634" count="0" type="stmt"/>
        <line num="635" count="0" type="stmt"/>
        <line num="637" count="0" type="stmt"/>
        <line num="640" count="0" type="stmt"/>
        <line num="655" count="0" type="stmt"/>
        <line num="656" count="0" type="stmt"/>
        <line num="657" count="0" type="stmt"/>
        <line num="658" count="0" type="stmt"/>
        <line num="668" count="0" type="cond" truecount="0" falsecount="4"/>
        <line num="669" count="0" type="stmt"/>
        <line num="670" count="0" type="stmt"/>
        <line num="675" count="0" type="cond" truecount="0" falsecount="2"/>
        <line num="676" count="0" type="stmt"/>
        <line num="689" count="0" type="cond" truecount="0" falsecount="2"/>
        <line num="690" count="0" type="stmt"/>
        <line num="692" count="0" type="cond" truecount="0" falsecount="2"/>
        <line num="693" count="0" type="stmt"/>
        <line num="695" count="0" type="cond" truecount="0" falsecount="2"/>
        <line num="696" count="0" type="stmt"/>
        <line num="698" count="0" type="cond" truecount="0" falsecount="2"/>
        <line num="699" count="0" type="stmt"/>
        <line num="701" count="0" type="stmt"/>
        <line num="705" count="16" type="cond" truecount="2" falsecount="0"/>
        <line num="706" count="16" type="cond" truecount="4" falsecount="1"/>
        <line num="707" count="0" type="stmt"/>
        <line num="709" count="16" type="cond" truecount="3" falsecount="1"/>
        <line num="710" count="0" type="stmt"/>
        <line num="712" count="16" type="cond" truecount="2" falsecount="0"/>
        <line num="713" count="1" type="stmt"/>
        <line num="715" count="15" type="cond" truecount="1" falsecount="1"/>
        <line num="716" count="0" type="cond" truecount="0" falsecount="3"/>
        <line num="718" count="15" type="stmt"/>
        <line num="722" count="1" type="cond" truecount="1" falsecount="1"/>
        <line num="723" count="1" type="cond" truecount="1" falsecount="2"/>
        <line num="727" count="7" type="cond" truecount="2" falsecount="0"/>
        <line num="731" count="7" type="cond" truecount="2" falsecount="0"/>
        <line num="732" count="2" type="stmt"/>
        <line num="735" count="5" type="stmt"/>
        <line num="741" count="1" type="cond" truecount="1" falsecount="1"/>
        <line num="742" count="1" type="stmt"/>
        <line num="745" count="0" type="cond" truecount="0" falsecount="2"/>
        <line num="749" count="1" type="cond" truecount="1" falsecount="1"/>
        <line num="750" count="0" type="stmt"/>
        <line num="753" count="0" type="cond" truecount="0" falsecount="2"/>
        <line num="754" count="0" type="stmt"/>
        <line num="757" count="0" type="stmt"/>
        <line num="764" count="1" type="cond" truecount="1" falsecount="1"/>
        <line num="765" count="1" type="stmt"/>
        <line num="766" count="1" type="cond" truecount="1" falsecount="1"/>
        <line num="767" count="1" type="stmt"/>
        <line num="774" count="0" type="stmt"/>
        <line num="775" count="0" type="stmt"/>
        <line num="778" count="0" type="stmt"/>
        <line num="784" count="0" type="stmt"/>
        <line num="787" count="0" type="stmt"/>
        <line num="796" count="19" type="cond" truecount="1" falsecount="1"/>
        <line num="806" count="10" type="stmt"/>
        <line num="807" count="10" type="cond" truecount="1" falsecount="1"/>
        <line num="808" count="0" type="stmt"/>
        <line num="811" count="10" type="cond" truecount="1" falsecount="1"/>
        <line num="812" count="0" type="stmt"/>
        <line num="815" count="30" type="stmt"/>
        <line num="817" count="18" type="stmt"/>
        <line num="824" count="9" type="stmt"/>
        <line num="825" count="9" type="cond" truecount="1" falsecount="1"/>
        <line num="826" count="0" type="stmt"/>
        <line num="829" count="9" type="stmt"/>
        <line num="845" count="9" type="stmt"/>
        <line num="846" count="5" type="stmt"/>
        <line num="850" count="0" type="stmt"/>
        <line num="856" count="9" type="stmt"/>
        <line num="860" count="10" type="stmt"/>
        <line num="864" count="4" type="stmt"/>
        <line num="877" count="12" type="stmt"/>
        <line num="879" count="12" type="cond" truecount="1" falsecount="1"/>
        <line num="892" count="12" type="cond" truecount="2" falsecount="2"/>
        <line num="893" count="0" type="stmt"/>
        <line num="905" count="12" type="cond" truecount="1" falsecount="1"/>
        <line num="906" count="12" type="cond" truecount="1" falsecount="1"/>
        <line num="908" count="12" type="cond" truecount="3" falsecount="1"/>
        <line num="909" count="0" type="stmt"/>
        <line num="912" count="12" type="cond" truecount="2" falsecount="0"/>
        <line num="919" count="1" type="stmt"/>
        <line num="922" count="11" type="stmt"/>
        <line num="932" count="11" type="stmt"/>
        <line num="955" count="11" type="stmt"/>
        <line num="956" count="17" type="cond" truecount="1" falsecount="1"/>
        <line num="958" count="11" type="cond" truecount="1" falsecount="1"/>
        <line num="971" count="12" type="stmt"/>
        <line num="972" count="12" type="stmt"/>
        <line num="977" count="12" type="stmt"/>
        <line num="990" count="12" type="cond" truecount="1" falsecount="1"/>
        <line num="992" count="12" type="cond" truecount="2" falsecount="2"/>
        <line num="993" count="0" type="stmt"/>
        <line num="994" count="0" type="stmt"/>
        <line num="1000" count="0" type="stmt"/>
        <line num="1002" count="0" type="cond" truecount="0" falsecount="4"/>
        <line num="1003" count="0" type="stmt"/>
        <line num="1006" count="0" type="stmt"/>
        <line num="1007" count="0" type="stmt"/>
        <line num="1032" count="0" type="stmt"/>
        <line num="1035" count="0" type="stmt"/>
        <line num="1039" count="0" type="cond" truecount="0" falsecount="2"/>
        <line num="1040" count="0" type="stmt"/>
        <line num="1041" count="0" type="cond" truecount="0" falsecount="2"/>
        <line num="1042" count="0" type="stmt"/>
        <line num="1043" count="0" type="stmt"/>
        <line num="1048" count="0" type="cond" truecount="0" falsecount="2"/>
        <line num="1049" count="0" type="cond" truecount="0" falsecount="2"/>
        <line num="1050" count="0" type="stmt"/>
        <line num="1053" count="0" type="stmt"/>
        <line num="1055" count="0" type="cond" truecount="0" falsecount="3"/>
        <line num="1061" count="0" type="stmt"/>
        <line num="1062" count="0" type="stmt"/>
        <line num="1063" count="0" type="stmt"/>
        <line num="1064" count="0" type="cond" truecount="0" falsecount="2"/>
        <line num="1065" count="0" type="stmt"/>
        <line num="1067" count="0" type="cond" truecount="0" falsecount="2"/>
        <line num="1068" count="0" type="stmt"/>
        <line num="1070" count="0" type="cond" truecount="0" falsecount="2"/>
        <line num="1071" count="0" type="stmt"/>
        <line num="1075" count="0" type="stmt"/>
        <line num="1079" count="0" type="cond" truecount="0" falsecount="2"/>
        <line num="1080" count="0" type="stmt"/>
        <line num="1081" count="0" type="stmt"/>
        <line num="1082" count="0" type="stmt"/>
        <line num="1084" count="0" type="stmt"/>
        <line num="1088" count="11" type="cond" truecount="1" falsecount="1"/>
        <line num="1089" count="0" type="stmt"/>
        <line num="1093" count="11" type="cond" truecount="2" falsecount="0"/>
        <line num="1096" count="12" type="cond" truecount="1" falsecount="1"/>
        <line num="1099" count="12" type="stmt"/>
        <line num="1107" count="17" type="stmt"/>
        <line num="1108" count="17" type="stmt"/>
        <line num="1110" count="17" type="stmt"/>
        <line num="1115" count="17" type="stmt"/>
        <line num="1127" count="11" type="cond" truecount="3" falsecount="1"/>
        <line num="1131" count="11" type="cond" truecount="1" falsecount="1"/>
        <line num="1132" count="0" type="stmt"/>
        <line num="1135" count="11" type="stmt"/>
        <line num="1152" count="11" type="cond" truecount="2" falsecount="0"/>
        <line num="1153" count="11" type="cond" truecount="2" falsecount="0"/>
        <line num="1158" count="2" type="stmt"/>
        <line num="1159" count="2" type="stmt"/>
        <line num="1160" count="2" type="stmt"/>
        <line num="1164" count="2" type="cond" truecount="1" falsecount="1"/>
        <line num="1165" count="2" type="stmt"/>
        <line num="1167" count="2" type="stmt"/>
        <line num="1168" count="2" type="stmt"/>
        <line num="1172" count="0" type="stmt"/>
        <line num="1174" count="2" type="cond" truecount="1" falsecount="1"/>
        <line num="1175" count="0" type="stmt"/>
        <line num="1180" count="0" type="stmt"/>
        <line num="1181" count="0" type="stmt"/>
        <line num="1185" count="2" type="stmt"/>
        <line num="1218" count="2" type="stmt"/>
        <line num="1221" count="6" type="stmt"/>
        <line num="1226" count="5" type="stmt"/>
        <line num="1228" count="3" type="cond" truecount="1" falsecount="1"/>
        <line num="1229" count="3" type="cond" truecount="1" falsecount="1"/>
        <line num="1230" count="3" type="cond" truecount="1" falsecount="1"/>
        <line num="1231" count="0" type="stmt"/>
        <line num="1232" count="0" type="cond" truecount="0" falsecount="2"/>
        <line num="1233" count="0" type="stmt"/>
        <line num="1236" count="3" type="stmt"/>
        <line num="1240" count="2" type="stmt"/>
        <line num="1247" count="2" type="cond" truecount="1" falsecount="1"/>
        <line num="1248" count="0" type="stmt"/>
        <line num="1254" count="0" type="stmt"/>
        <line num="1259" count="0" type="stmt"/>
        <line num="1262" count="2" type="stmt"/>
        <line num="1278" count="2" type="stmt"/>
        <line num="1279" count="4" type="cond" truecount="1" falsecount="2"/>
        <line num="1281" count="4" type="stmt"/>
        <line num="1295" count="4" type="stmt"/>
        <line num="1322" count="2" type="stmt"/>
        <line num="1329" count="141" type="cond" truecount="2" falsecount="0"/>
        <line num="1336" count="93" type="cond" truecount="2" falsecount="0"/>
        <line num="1337" count="93" type="cond" truecount="2" falsecount="0"/>
        <line num="1338" count="12" type="stmt"/>
        <line num="1341" count="81" type="stmt"/>
        <line num="1342" count="81" type="cond" truecount="4" falsecount="0"/>
        <line num="1343" count="80" type="stmt"/>
        <line num="1345" count="81" type="cond" truecount="3" falsecount="2"/>
        <line num="1346" count="0" type="stmt"/>
        <line num="1349" count="81" type="stmt"/>
        <line num="1356" count="25" type="cond" truecount="1" falsecount="1"/>
        <line num="1357" count="25" type="cond" truecount="1" falsecount="1"/>
        <line num="1358" count="25" type="cond" truecount="2" falsecount="2"/>
        <line num="1359" count="0" type="stmt"/>
        <line num="1362" count="25" type="stmt"/>
        <line num="1365" count="25" type="cond" truecount="1" falsecount="1"/>
        <line num="1366" count="0" type="cond" truecount="0" falsecount="2"/>
        <line num="1369" count="25" type="stmt"/>
        <line num="1370" count="25" type="cond" truecount="1" falsecount="1"/>
        <line num="1371" count="0" type="stmt"/>
        <line num="1373" count="0" type="stmt"/>
        <line num="1376" count="25" type="stmt"/>
        <line num="1384" count="150" type="cond" truecount="2" falsecount="0"/>
        <line num="1388" count="25" type="cond" truecount="3" falsecount="0"/>
        <line num="1400" count="25" type="stmt"/>
        <line num="1405" count="25" type="cond" truecount="1" falsecount="1"/>
        <line num="1406" count="0" type="stmt"/>
        <line num="1412" count="25" type="stmt"/>
        <line num="1419" count="40" type="stmt"/>
        <line num="1420" count="40" type="stmt"/>
        <line num="1422" count="77" type="stmt"/>
        <line num="1430" count="40" type="stmt"/>
        <line num="1431" count="40" type="cond" truecount="1" falsecount="1"/>
        <line num="1432" count="0" type="stmt"/>
        <line num="1435" count="40" type="cond" truecount="2" falsecount="0"/>
        <line num="1436" count="2" type="stmt"/>
        <line num="1439" count="38" type="cond" truecount="2" falsecount="0"/>
        <line num="1440" count="40" type="cond" truecount="2" falsecount="0"/>
        <line num="1441" count="27" type="stmt"/>
        <line num="1444" count="11" type="stmt"/>
        <line num="1445" count="0" type="cond" truecount="0" falsecount="2"/>
        <line num="1446" count="0" type="cond" truecount="0" falsecount="2"/>
        <line num="1447" count="0" type="stmt"/>
        <line num="1450" count="0" type="stmt"/>
        <line num="1453" count="0" type="stmt"/>
        <line num="1462" count="2" type="stmt"/>
        <line num="1464" count="2" type="cond" truecount="1" falsecount="1"/>
        <line num="1465" count="0" type="cond" truecount="0" falsecount="2"/>
        <line num="1466" count="0" type="cond" truecount="0" falsecount="2"/>
        <line num="1467" count="0" type="cond" truecount="0" falsecount="4"/>
        <line num="1468" count="0" type="stmt"/>
        <line num="1471" count="0" type="stmt"/>
        <line num="1472" count="0" type="stmt"/>
        <line num="1475" count="2" type="stmt"/>
        <line num="1479" count="0" type="cond" truecount="0" falsecount="2"/>
        <line num="1480" count="0" type="cond" truecount="0" falsecount="2"/>
        <line num="1481" count="0" type="stmt"/>
        <line num="1484" count="0" type="cond" truecount="0" falsecount="4"/>
        <line num="1486" count="0" type="cond" truecount="0" falsecount="3"/>
        <line num="1489" count="0" type="cond" truecount="0" falsecount="2"/>
        <line num="1490" count="0" type="stmt"/>
        <line num="1494" count="0" type="stmt"/>
        <line num="1498" count="0" type="stmt"/>
        <line num="1502" count="0" type="cond" truecount="0" falsecount="2"/>
        <line num="1503" count="0" type="stmt"/>
        <line num="1505" count="0" type="cond" truecount="0" falsecount="2"/>
        <line num="1506" count="0" type="stmt"/>
        <line num="1508" count="0" type="cond" truecount="0" falsecount="2"/>
        <line num="1509" count="0" type="stmt"/>
        <line num="1511" count="0" type="stmt"/>
        <line num="1515" count="0" type="cond" truecount="0" falsecount="2"/>
        <line num="1518" count="0" type="cond" truecount="0" falsecount="2"/>
        <line num="1519" count="0" type="stmt"/>
        <line num="1521" count="0" type="cond" truecount="0" falsecount="2"/>
        <line num="1522" count="0" type="stmt"/>
        <line num="1524" count="0" type="cond" truecount="0" falsecount="2"/>
        <line num="1525" count="0" type="stmt"/>
        <line num="1527" count="0" type="cond" truecount="0" falsecount="2"/>
        <line num="1528" count="0" type="stmt"/>
        <line num="1530" count="0" type="stmt"/>
        <line num="1534" count="0" type="stmt"/>
        <line num="1546" count="0" type="stmt"/>
        <line num="1547" count="0" type="cond" truecount="0" falsecount="5"/>
        <line num="1548" count="0" type="stmt"/>
        <line num="1550" count="0" type="stmt"/>
        <line num="1551" count="0" type="cond" truecount="0" falsecount="4"/>
        <line num="1552" count="0" type="cond" truecount="0" falsecount="2"/>
        <line num="1555" count="0" type="stmt"/>
        <line num="1556" count="0" type="cond" truecount="0" falsecount="4"/>
        <line num="1557" count="0" type="stmt"/>
        <line num="1561" count="0" type="stmt"/>
        <line num="1565" count="0" type="cond" truecount="0" falsecount="2"/>
        <line num="1566" count="0" type="stmt"/>
        <line num="1576" count="0" type="stmt"/>
        <line num="1577" count="0" type="cond" truecount="0" falsecount="2"/>
        <line num="1578" count="0" type="stmt"/>
        <line num="1580" count="0" type="cond" truecount="0" falsecount="9"/>
        <line num="1587" count="0" type="cond" truecount="0" falsecount="2"/>
        <line num="1588" count="0" type="stmt"/>
        <line num="1592" count="0" type="stmt"/>
        <line num="1596" count="88" type="cond" truecount="2" falsecount="0"/>
        <line num="1597" count="88" type="stmt"/>
        <line num="1598" count="88" type="cond" truecount="1" falsecount="1"/>
        <line num="1600" count="88" type="cond" truecount="2" falsecount="0"/>
        <line num="1601" count="74" type="stmt"/>
        <line num="1604" count="14" type="cond" truecount="4" falsecount="1"/>
        <line num="1605" count="0" type="stmt"/>
        <line num="1608" count="14" type="cond" truecount="1" falsecount="1"/>
        <line num="1609" count="0" type="stmt"/>
        <line num="1612" count="14" type="cond" truecount="3" falsecount="1"/>
        <line num="1613" count="0" type="stmt"/>
        <line num="1616" count="14" type="cond" truecount="4" falsecount="0"/>
        <line num="1617" count="13" type="stmt"/>
        <line num="1620" count="1" type="stmt"/>
        <line num="1627" count="25" type="stmt"/>
        <line num="1628" count="88" type="cond" truecount="2" falsecount="0"/>
        <line num="1629" count="88" type="cond" truecount="2" falsecount="0"/>
        <line num="1630" count="1" type="stmt"/>
        <line num="1634" count="24" type="stmt"/>
        <line num="1641" count="0" type="stmt"/>
        <line num="1658" count="0" type="cond" truecount="0" falsecount="2"/>
        <line num="1661" count="0" type="cond" truecount="0" falsecount="2"/>
        <line num="1662" count="0" type="stmt"/>
        <line num="1665" count="0" type="stmt"/>
        <line num="1667" count="0" type="stmt"/>
        <line num="1668" count="0" type="stmt"/>
        <line num="1669" count="0" type="cond" truecount="0" falsecount="2"/>
        <line num="1670" count="0" type="stmt"/>
        <line num="1673" count="0" type="stmt"/>
        <line num="1674" count="0" type="cond" truecount="0" falsecount="2"/>
        <line num="1675" count="0" type="stmt"/>
        <line num="1679" count="0" type="stmt"/>
        <line num="1683" count="0" type="stmt"/>
        <line num="1703" count="0" type="cond" truecount="0" falsecount="4"/>
        <line num="1704" count="0" type="stmt"/>
        <line num="1710" count="0" type="stmt"/>
        <line num="1711" count="0" type="stmt"/>
        <line num="1712" count="0" type="stmt"/>
        <line num="1714" count="0" type="stmt"/>
        <line num="1716" count="0" type="cond" truecount="0" falsecount="2"/>
        <line num="1719" count="0" type="cond" truecount="0" falsecount="2"/>
        <line num="1720" count="0" type="stmt"/>
        <line num="1723" count="0" type="cond" truecount="0" falsecount="2"/>
        <line num="1724" count="0" type="cond" truecount="0" falsecount="2"/>
        <line num="1725" count="0" type="cond" truecount="0" falsecount="2"/>
        <line num="1729" count="0" type="cond" truecount="0" falsecount="2"/>
        <line num="1730" count="0" type="stmt"/>
        <line num="1732" count="0" type="stmt"/>
        <line num="1734" count="0" type="stmt"/>
        <line num="1735" count="0" type="cond" truecount="0" falsecount="2"/>
        <line num="1736" count="0" type="stmt"/>
        <line num="1741" count="0" type="stmt"/>
        <line num="1742" count="0" type="cond" truecount="0" falsecount="2"/>
        <line num="1743" count="0" type="stmt"/>
        <line num="1746" count="0" type="stmt"/>
        <line num="1747" count="0" type="cond" truecount="0" falsecount="2"/>
        <line num="1748" count="0" type="stmt"/>
        <line num="1751" count="0" type="stmt"/>
        <line num="1752" count="0" type="cond" truecount="0" falsecount="2"/>
        <line num="1753" count="0" type="stmt"/>
        <line num="1756" count="0" type="cond" truecount="0" falsecount="2"/>
        <line num="1757" count="0" type="stmt"/>
        <line num="1759" count="0" type="cond" truecount="0" falsecount="2"/>
        <line num="1760" count="0" type="stmt"/>
        <line num="1762" count="0" type="cond" truecount="0" falsecount="2"/>
        <line num="1763" count="0" type="stmt"/>
        <line num="1765" count="0" type="cond" truecount="0" falsecount="2"/>
        <line num="1766" count="0" type="stmt"/>
        <line num="1768" count="0" type="cond" truecount="0" falsecount="2"/>
        <line num="1769" count="0" type="stmt"/>
        <line num="1772" count="0" type="stmt"/>
        <line num="1777" count="0" type="stmt"/>
        <line num="1789" count="0" type="stmt"/>
        <line num="1807" count="14" type="cond" truecount="1" falsecount="1"/>
        <line num="1808" count="14" type="cond" truecount="1" falsecount="2"/>
        <line num="1810" count="14" type="cond" truecount="3" falsecount="1"/>
        <line num="1811" count="0" type="cond" truecount="0" falsecount="2"/>
        <line num="1843" count="0" type="stmt"/>
        <line num="1846" count="0" type="cond" truecount="0" falsecount="4"/>
        <line num="1847" count="0" type="stmt"/>
        <line num="1854" count="0" type="stmt"/>
        <line num="1862" count="14" type="cond" truecount="2" falsecount="0"/>
        <line num="1872" count="0" type="stmt"/>
        <line num="1873" count="1" type="cond" truecount="1" falsecount="2"/>
        <line num="1875" count="14" type="stmt"/>
        <line num="1876" count="14" type="stmt"/>
        <line num="1885" count="14" type="stmt"/>
        <line num="1898" count="14" type="cond" truecount="2" falsecount="0"/>
        <line num="1899" count="13" type="stmt"/>
        <line num="1900" count="26" type="stmt"/>
        <line num="1906" count="26" type="stmt"/>
        <line num="1908" count="26" type="cond" truecount="3" falsecount="1"/>
        <line num="1909" count="26" type="stmt"/>
        <line num="1912" count="0" type="stmt"/>
        <line num="1913" count="0" type="stmt"/>
        <line num="1917" count="0" type="stmt"/>
        <line num="1921" count="0" type="cond" truecount="0" falsecount="4"/>
        <line num="1922" count="0" type="cond" truecount="0" falsecount="2"/>
        <line num="1923" count="0" type="stmt"/>
        <line num="1927" count="0" type="cond" truecount="0" falsecount="2"/>
        <line num="1928" count="0" type="stmt"/>
        <line num="1930" count="0" type="stmt"/>
        <line num="1934" count="14" type="cond" truecount="2" falsecount="0"/>
        <line num="1935" count="13" type="stmt"/>
        <line num="1936" count="13" type="stmt"/>
        <line num="1938" count="13" type="stmt"/>
        <line num="1940" count="13" type="cond" truecount="1" falsecount="1"/>
        <line num="1941" count="0" type="cond" truecount="0" falsecount="3"/>
        <line num="1942" count="0" type="stmt"/>
        <line num="1947" count="0" type="cond" truecount="0" falsecount="2"/>
        <line num="1948" count="0" type="stmt"/>
        <line num="1949" count="0" type="stmt"/>
        <line num="1952" count="0" type="cond" truecount="0" falsecount="4"/>
        <line num="1953" count="0" type="stmt"/>
        <line num="1956" count="0" type="stmt"/>
        <line num="1968" count="0" type="cond" truecount="0" falsecount="2"/>
        <line num="1969" count="0" type="stmt"/>
        <line num="1974" count="14" type="cond" truecount="2" falsecount="0"/>
        <line num="1975" count="13" type="stmt"/>
        <line num="1995" count="0" type="stmt"/>
        <line num="1996" count="0" type="stmt"/>
        <line num="1999" count="13" type="stmt"/>
        <line num="2006" count="1" type="stmt"/>
        <line num="2029" count="0" type="stmt"/>
        <line num="2030" count="0" type="stmt"/>
        <line num="2033" count="1" type="stmt"/>
        <line num="2039" count="0" type="stmt"/>
        <line num="2040" count="0" type="stmt"/>
        <line num="2043" count="1" type="cond" truecount="1" falsecount="1"/>
        <line num="2044" count="0" type="stmt"/>
        <line num="2066" count="0" type="stmt"/>
        <line num="2069" count="1" type="stmt"/>
        <line num="2077" count="0" type="cond" truecount="0" falsecount="2"/>
        <line num="2078" count="0" type="stmt"/>
        <line num="2080" count="0" type="cond" truecount="0" falsecount="2"/>
        <line num="2081" count="0" type="stmt"/>
[...]
        <line num="4" count="9" type="stmt"/>
        <line num="72" count="54" type="cond" truecount="4" falsecount="0"/>
        <line num="73" count="54" type="stmt"/>
        <line num="75" count="54" type="cond" truecount="2" falsecount="0"/>
        <line num="76" count="52" type="stmt"/>
        <line num="79" count="2" type="stmt"/>
        <line num="83" count="2" type="cond" truecount="2" falsecount="0"/>
        <line num="84" count="2" type="stmt"/>
        <line num="92" count="54" type="stmt"/>
        <line num="93" count="54" type="cond" truecount="2" falsecount="0"/>
        <line num="94" count="1" type="stmt"/>
        <line num="100" count="53" type="stmt"/>
        <line num="112" count="54" type="stmt"/>
        <line num="121" count="2" type="stmt"/>
        <line num="122" count="2" type="cond" truecount="1" falsecount="1"/>
        <line num="123" count="0" type="cond" truecount="0" falsecount="2"/>
        <line num="126" count="2" type="stmt"/>
        <line num="130" count="9" type="stmt"/>
        <line num="139" count="2" type="stmt"/>
        <line num="140" count="2" type="stmt"/>
        <line num="141" count="2" type="stmt"/>
        <line num="148" count="1" type="stmt"/>
        <line num="149" count="1" type="stmt"/>
        <line num="160" count="0" type="stmt"/>
        <line num="161" count="0" type="stmt"/>
        <line num="162" count="0" type="stmt"/>
        <line num="171" count="0" type="stmt"/>
        <line num="172" count="0" type="stmt"/>
        <line num="176" count="1" type="stmt"/>
        <line num="177" count="1" type="stmt"/>
        <line num="184" count="0" type="stmt"/>
        <line num="188" count="15" type="stmt"/>
        <line num="189" count="15" type="stmt"/>
        <line num="200" count="26" type="stmt"/>
        <line num="201" count="26" type="stmt"/>
        <line num="207" count="26" type="stmt"/>
        <line num="214" count="10" type="stmt"/>
        <line num="215" count="10" type="stmt"/>
        <line num="222" count="2" type="stmt"/>
        <line num="226" count="1" type="stmt"/>
      </file>
      <file name="whatsapp-engine.ts" path="/Users/danielpenin/whatsapp_saas/worker/providers/whatsapp-engine.ts">
        <metrics statements="118" coveredstatements="79" conditionals="87" coveredconditionals="43" methods="23" coveredmethods="17"/>
        <line num="35" count="7" type="stmt"/>
        <line num="42" count="5" type="stmt"/>
        <line num="43" count="5" type="stmt"/>
        <line num="47" count="3" type="cond" truecount="3" falsecount="1"/>
        <line num="51" count="2" type="cond" truecount="1" falsecount="1"/>
        <line num="55" count="1" type="stmt"/>
        <line num="59" count="0" type="cond" truecount="0" falsecount="4"/>
        <line num="66" count="6" type="cond" truecount="1" falsecount="1"/>
        <line num="67" count="0" type="stmt"/>
        <line num="70" count="6" type="cond" truecount="2" falsecount="0"/>
        <line num="72" count="1" type="cond" truecount="1" falsecount="1"/>
        <line num="75" count="1" type="stmt"/>
        <line num="78" count="5" type="cond" truecount="1" falsecount="1"/>
        <line num="79" count="0" type="stmt"/>
        <line num="84" count="5" type="stmt"/>
        <line num="88" count="12" type="stmt"/>
        <line num="99" count="7" type="stmt"/>
        <line num="100" count="7" type="cond" truecount="1" falsecount="1"/>
        <line num="101" count="7" type="cond" truecount="2" falsecount="0"/>
        <line num="105" count="4" type="cond" truecount="1" falsecount="1"/>
        <line num="108" count="4" type="stmt"/>
        <line num="113" count="4" type="cond" truecount="1" falsecount="1"/>
        <line num="114" count="4" type="cond" truecount="1" falsecount="1"/>
        <line num="115" count="4" type="stmt"/>
        <line num="119" count="3" type="stmt"/>
        <line num="120" count="3" type="cond" truecount="2" falsecount="0"/>
        <line num="121" count="2" type="stmt"/>
        <line num="126" count="3" type="cond" truecount="2" falsecount="0"/>
        <line num="127" count="1" type="stmt"/>
        <line num="129" count="2" type="stmt"/>
        <line num="130" count="2" type="stmt"/>
        <line num="131" count="2" type="cond" truecount="2" falsecount="0"/>
        <line num="140" count="10" type="stmt"/>
        <line num="141" count="10" type="cond" truecount="2" falsecount="0"/>
        <line num="142" count="7" type="stmt"/>
        <line num="144" count="3" type="stmt"/>
        <line num="145" count="3" type="stmt"/>
        <line num="146" count="2" type="stmt"/>
        <line num="148" count="3" type="stmt"/>
        <line num="156" count="7" type="cond" truecount="2" falsecount="0"/>
        <line num="157" count="3" type="stmt"/>
        <line num="160" count="4" type="stmt"/>
        <line num="161" count="4" type="stmt"/>
        <line num="162" count="4" type="stmt"/>
        <line num="163" count="4" type="stmt"/>
        <line num="165" count="4" type="stmt"/>
        <line num="166" count="11" type="cond" truecount="2" falsecount="0"/>
        <line num="167" count="1" type="stmt"/>
        <line num="171" count="10" type="stmt"/>
        <line num="172" count="9" type="cond" truecount="2" falsecount="0"/>
        <line num="173" count="2" type="stmt"/>
        <line num="175" count="7" type="stmt"/>
        <line num="178" count="7" type="stmt"/>
        <line num="186" count="4" type="stmt"/>
        <line num="193" count="2" type="stmt"/>
        <line num="200" count="7" type="stmt"/>
        <line num="201" count="7" type="stmt"/>
        <line num="202" count="6" type="stmt"/>
        <line num="206" count="6" type="stmt"/>
        <line num="207" count="6" type="cond" truecount="2" falsecount="0"/>
        <line num="208" count="1" type="cond" truecount="1" falsecount="1"/>
        <line num="211" count="5" type="stmt"/>
        <line num="212" count="5" type="cond" truecount="1" falsecount="1"/>
        <line num="213" count="0" type="cond" truecount="0" falsecount="2"/>
        <line num="216" count="5" type="stmt"/>
        <line num="217" count="5" type="cond" truecount="1" falsecount="1"/>
        <line num="218" count="0" type="cond" truecount="0" falsecount="2"/>
        <line num="221" count="5" type="stmt"/>
        <line num="222" count="5" type="stmt"/>
        <line num="223" count="5" type="stmt"/>
        <line num="225" count="5" type="stmt"/>
        <line num="226" count="5" type="stmt"/>
        <line num="227" count="5" type="stmt"/>
        <line num="231" count="5" type="stmt"/>
        <line num="233" count="1" type="stmt"/>
        <line num="235" count="1" type="stmt"/>
        <line num="236" count="1" type="stmt"/>
        <line num="237" count="1" type="cond" truecount="2" falsecount="0"/>
        <line num="238" count="1" type="cond" truecount="1" falsecount="1"/>
        <line num="240" count="1" type="cond" truecount="1" falsecount="1"/>
        <line num="241" count="0" type="stmt"/>
        <line num="242" count="0" type="stmt"/>
        <line num="243" count="0" type="stmt"/>
        <line num="246" count="0" type="stmt"/>
        <line num="249" count="1" type="cond" truecount="1" falsecount="1"/>
        <line num="250" count="0" type="stmt"/>
        <line num="253" count="0" type="stmt"/>
        <line num="256" count="1" type="stmt"/>
        <line num="257" count="1" type="stmt"/>
        <line num="258" count="1" type="stmt"/>
        <line num="260" count="0" type="stmt"/>
        <line num="264" count="0" type="stmt"/>
        <line num="282" count="0" type="stmt"/>
        <line num="283" count="0" type="stmt"/>
        <line num="284" count="0" type="stmt"/>
        <line num="288" count="0" type="stmt"/>
        <line num="289" count="0" type="cond" truecount="0" falsecount="2"/>
        <line num="290" count="0" type="cond" truecount="0" falsecount="2"/>
        <line num="293" count="0" type="stmt"/>
        <line num="294" count="0" type="cond" truecount="0" falsecount="2"/>
        <line num="295" count="0" type="cond" truecount="0" falsecount="2"/>
        <line num="298" count="0" type="stmt"/>
        <line num="299" count="0" type="cond" truecount="0" falsecount="2"/>
        <line num="300" count="0" type="cond" truecount="0" falsecount="2"/>
        <line num="303" count="0" type="stmt"/>
        <line num="305" count="0" type="stmt"/>
        <line num="306" count="0" type="stmt"/>
        <line num="307" count="0" type="stmt"/>
        <line num="318" count="0" type="stmt"/>
        <line num="320" count="0" type="stmt"/>
        <line num="322" count="0" type="stmt"/>
        <line num="323" count="0" type="stmt"/>
        <line num="330" count="0" type="stmt"/>
        <line num="332" count="0" type="stmt"/>
        <line num="336" count="0" type="stmt"/>
        <line num="349" count="0" type="stmt"/>
        <line num="350" count="0" type="cond" truecount="0" falsecount="2"/>
        <line num="352" count="0" type="stmt"/>
      </file>
      <file name="whatsapp-provider-resolver.ts" path="/Users/danielpenin/whatsapp_saas/worker/providers/whatsapp-provider-resolver.ts">
        <metrics statements="4" coveredstatements="4" conditionals="6" coveredconditionals="6" methods="1" coveredmethods="1"/>
        <line num="35" count="127" type="cond" truecount="2" falsecount="0"/>
        <line num="38" count="127" type="cond" truecount="4" falsecount="0"/>
        <line num="39" count="3" type="stmt"/>
        <line num="41" count="124" type="stmt"/>
      </file>
    </package>
    <package name="worker.src.utils">
      <metrics statements="33" coveredstatements="15" conditionals="34" coveredconditionals="4" methods="6" coveredmethods="2"/>
      <file name="error-handler.ts" path="/Users/danielpenin/whatsapp_saas/worker/src/utils/error-handler.ts">
        <metrics statements="33" coveredstatements="15" conditionals="34" coveredconditionals="4" methods="6" coveredmethods="2"/>
        <line num="4" count="3" type="stmt"/>
        <line num="5" count="3" type="stmt"/>
        <line num="6" count="3" type="cond" truecount="1" falsecount="0"/>
        <line num="7" count="3" type="cond" truecount="1" falsecount="0"/>
        <line num="9" count="3" type="stmt"/>
        <line num="10" count="3" type="stmt"/>
        <line num="15" count="7" type="stmt"/>
        <line num="16" count="0" type="cond" truecount="0" falsecount="2"/>
        <line num="17" count="0" type="cond" truecount="0" falsecount="2"/>
        <line num="18" count="0" type="stmt"/>
        <line num="20" count="0" type="cond" truecount="0" falsecount="2"/>
        <line num="21" count="0" type="stmt"/>
        <line num="29" count="0" type="stmt"/>
        <line num="38" count="7" type="stmt"/>
        <line num="41" count="7" type="stmt"/>
        <line num="44" count="7" type="stmt"/>
        <line num="45" count="2" type="cond" truecount="1" falsecount="1"/>
        <line num="46" count="2" type="stmt"/>
        <line num="49" count="0" type="cond" truecount="0" falsecount="2"/>
        <line num="51" count="2" type="stmt"/>
        <line num="62" count="2" type="cond" truecount="1" falsecount="1"/>
        <line num="63" count="0" type="stmt"/>
        <line num="66" count="0" type="stmt"/>
        <line num="74" count="7" type="stmt"/>
        <line num="75" count="0" type="cond" truecount="0" falsecount="2"/>
        <line num="77" count="0" type="cond" truecount="0" falsecount="4"/>
        <line num="78" count="0" type="stmt"/>
        <line num="80" count="0" type="cond" truecount="0" falsecount="4"/>
        <line num="86" count="0" type="cond" truecount="0" falsecount="4"/>
        <line num="87" count="0" type="stmt"/>
        <line num="93" count="0" type="cond" truecount="0" falsecount="2"/>
        <line num="94" count="0" type="stmt"/>
        <line num="97" count="0" type="cond" truecount="0" falsecount="2"/>
      </file>
    </package>
    <package name="worker.test.__parts__">
      <metrics statements="45" coveredstatements="45" conditionals="0" coveredconditionals="0" methods="5" coveredmethods="5"/>
      <file name="scan-contact.cases.sweep.ts" path="/Users/danielpenin/whatsapp_saas/worker/test/__parts__/scan-contact.cases.sweep.ts">
        <metrics statements="16" coveredstatements="16" conditionals="0" coveredconditionals="0" methods="3" coveredmethods="3"/>
        <line num="14" count="1" type="stmt"/>
        <line num="15" count="1" type="stmt"/>
        <line num="16" count="1" type="stmt"/>
        <line num="17" count="1" type="stmt"/>
        <line num="100" count="1" type="stmt"/>
        <line num="107" count="1" type="stmt"/>
        <line num="117" count="1" type="stmt"/>
        <line num="133" count="1" type="stmt"/>
        <line num="149" count="1" type="stmt"/>
        <line num="165" count="1" type="stmt"/>
        <line num="171" count="1" type="stmt"/>
        <line num="172" count="1" type="stmt"/>
        <line num="181" count="1" type="stmt"/>
        <line num="226" count="1" type="stmt"/>
        <line num="233" count="1" type="stmt"/>
        <line num="234" count="1" type="stmt"/>
      </file>
      <file name="scan-contact.setup.ts" path="/Users/danielpenin/whatsapp_saas/worker/test/__parts__/scan-contact.setup.ts">
        <metrics statements="29" coveredstatements="29" conditionals="0" coveredconditionals="0" methods="2" coveredmethods="2"/>
        <line num="6" count="19" type="stmt"/>
        <line num="7" count="19" type="stmt"/>
        <line num="17" count="14" type="stmt"/>
        <line num="27" count="14" type="stmt"/>
        <line num="34" count="14" type="stmt"/>
        <line num="35" count="14" type="stmt"/>
        <line num="43" count="14" type="stmt"/>
        <line num="46" count="14" type="stmt"/>
        <line num="47" count="14" type="stmt"/>
        <line num="48" count="14" type="stmt"/>
        <line num="49" count="14" type="stmt"/>
        <line num="50" count="14" type="stmt"/>
        <line num="51" count="14" type="stmt"/>
        <line num="52" count="14" type="stmt"/>
        <line num="53" count="14" type="stmt"/>
        <line num="54" count="14" type="stmt"/>
        <line num="55" count="14" type="stmt"/>
        <line num="56" count="14" type="stmt"/>
        <line num="57" count="14" type="stmt"/>
        <line num="58" count="14" type="stmt"/>
        <line num="59" count="14" type="stmt"/>
        <line num="60" count="14" type="stmt"/>
        <line num="61" count="14" type="stmt"/>
        <line num="62" count="14" type="stmt"/>
        <line num="63" count="14" type="stmt"/>
        <line num="65" count="14" type="stmt"/>
        <line num="66" count="14" type="stmt"/>
        <line num="72" count="14" type="stmt"/>
        <line num="79" count="14" type="stmt"/>
      </file>
    </package>
    <package name="worker.utils">
      <metrics statements="74" coveredstatements="42" conditionals="58" coveredconditionals="24" methods="19" coveredmethods="9"/>
      <file name="async-sequence.ts" path="/Users/danielpenin/whatsapp_saas/worker/utils/async-sequence.ts">
        <metrics statements="27" coveredstatements="15" conditionals="14" coveredconditionals="7" methods="6" coveredmethods="4"/>
        <line num="6" count="24" type="cond" truecount="1" falsecount="1"/>
        <line num="8" count="24" type="stmt"/>
        <line num="9" count="61" type="cond" truecount="2" falsecount="0"/>
        <line num="10" count="23" type="stmt"/>
        <line num="12" count="38" type="stmt"/>
        <line num="13" count="37" type="stmt"/>
        <line num="16" count="24" type="stmt"/>
        <line num="24" count="13" type="cond" truecount="1" falsecount="1"/>
        <line num="26" count="13" type="stmt"/>
        <line num="27" count="39" type="cond" truecount="2" falsecount="0"/>
        <line num="28" count="13" type="stmt"/>
        <line num="30" count="26" type="stmt"/>
        <line num="31" count="26" type="cond" truecount="1" falsecount="1"/>
        <line num="32" count="0" type="stmt"/>
        <line num="34" count="26" type="stmt"/>
        <line num="37" count="13" type="stmt"/>
        <line num="48" count="0" type="stmt"/>
        <line num="49" count="0" type="stmt"/>
        <line num="51" count="0" type="stmt"/>
        <line num="52" count="0" type="stmt"/>
        <line num="53" count="0" type="cond" truecount="0" falsecount="2"/>
        <line num="54" count="0" type="stmt"/>
        <line num="56" count="0" type="cond" truecount="0" falsecount="2"/>
        <line num="57" count="0" type="stmt"/>
        <line num="59" count="0" type="stmt"/>
        <line num="60" count="0" type="stmt"/>
        <line num="63" count="0" type="stmt"/>
      </file>
      <file name="prisma-json.util.ts" path="/Users/danielpenin/whatsapp_saas/worker/utils/prisma-json.util.ts">
        <metrics statements="19" coveredstatements="18" conditionals="21" coveredconditionals="17" methods="5" coveredmethods="5"/>
        <line num="5" count="773" type="cond" truecount="5" falsecount="0"/>
        <line num="6" count="613" type="stmt"/>
        <line num="8" count="160" type="stmt"/>
        <line num="12" count="40" type="cond" truecount="3" falsecount="1"/>
        <line num="13" count="40" type="stmt"/>
        <line num="14" count="40" type="cond" truecount="1" falsecount="1"/>
        <line num="18" count="40" type="stmt"/>
        <line num="19" count="40" type="stmt"/>
        <line num="20" count="870" type="cond" truecount="1" falsecount="1"/>
        <line num="21" count="870" type="stmt"/>
        <line num="23" count="40" type="stmt"/>
        <line num="34" count="927" type="cond" truecount="2" falsecount="0"/>
        <line num="35" count="773" type="stmt"/>
        <line num="36" count="773" type="cond" truecount="2" falsecount="0"/>
        <line num="37" count="160" type="cond" truecount="2" falsecount="0"/>
        <line num="38" count="120" type="stmt"/>
        <line num="40" count="40" type="cond" truecount="1" falsecount="1"/>
        <line num="41" count="40" type="stmt"/>
        <line num="43" count="0" type="stmt"/>
      </file>
      <file name="signed-storage-url.ts" path="/Users/danielpenin/whatsapp_saas/worker/utils/signed-storage-url.ts">
        <metrics statements="28" coveredstatements="9" conditionals="23" coveredconditionals="0" methods="8" coveredmethods="0"/>
        <line num="4" count="6" type="stmt"/>
        <line num="5" count="6" type="stmt"/>
        <line num="6" count="6" type="stmt"/>
        <line num="8" count="6" type="stmt"/>
        <line num="9" count="0" type="cond" truecount="0" falsecount="3"/>
        <line num="11" count="0" type="stmt"/>
        <line num="19" count="6" type="stmt"/>
        <line num="20" count="0" type="cond" truecount="0" falsecount="4"/>
        <line num="22" count="6" type="stmt"/>
        <line num="23" count="0" type="stmt"/>
        <line num="27" count="0" type="cond" truecount="0" falsecount="2"/>
        <line num="28" count="0" type="stmt"/>
        <line num="31" count="0" type="stmt"/>
        <line num="34" count="6" type="stmt"/>
        <line num="35" count="0" type="cond" truecount="0" falsecount="3"/>
        <line num="48" count="6" type="stmt"/>
        <line num="49" count="0" type="stmt"/>
        <line num="50" count="0" type="cond" truecount="0" falsecount="2"/>
        <line num="51" count="0" type="stmt"/>
        <line num="53" count="0" type="cond" truecount="0" falsecount="2"/>
        <line num="54" count="0" type="stmt"/>
        <line num="56" count="0" type="stmt"/>
        <line num="59" count="6" type="stmt"/>
        <line num="60" count="0" type="stmt"/>
        <line num="67" count="0" type="stmt"/>
        <line num="68" count="0" type="stmt"/>
        <line num="69" count="0" type="stmt"/>
        <line num="70" count="0" type="stmt"/>
      </file>
    </package>
  </project>
</coverage>
