{"total": {"lines":{"total":4689,"covered":2647,"skipped":0,"pct":56.45},"statements":{"total":4785,"covered":2702,"skipped":0,"pct":56.46},"functions":{"total":867,"covered":563,"skipped":0,"pct":64.93},"branches":{"total":5496,"covered":2368,"skipped":0,"pct":43.08},"branchesTrue":{"total":0,"covered":0,"skipped":0,"pct":100}}
,"/Users/danielpenin/whatsapp_saas/worker/context-store.ts": {"lines":{"total":34,"covered":2,"skipped":0,"pct":5.88},"functions":{"total":13,"covered":1,"skipped":0,"pct":7.69},"statements":{"total":34,"covered":2,"skipped":0,"pct":5.88},"branches":{"total":10,"covered":1,"skipped":0,"pct":10}}
,"/Users/danielpenin/whatsapp_saas/worker/conversation-agent-state.ts": {"lines":{"total":30,"covered":27,"skipped":0,"pct":90},"functions":{"total":5,"covered":5,"skipped":0,"pct":100},"statements":{"total":30,"covered":27,"skipped":0,"pct":90},"branches":{"total":38,"covered":32,"skipped":0,"pct":84.21}}
,"/Users/danielpenin/whatsapp_saas/worker/db.ts": {"lines":{"total":18,"covered":6,"skipped":0,"pct":33.33},"functions":{"total":4,"covered":0,"skipped":0,"pct":0},"statements":{"total":18,"covered":6,"skipped":0,"pct":33.33},"branches":{"total":10,"covered":2,"skipped":0,"pct":20}}
,"/Users/danielpenin/whatsapp_saas/worker/flow-engine-external-id.ts": {"lines":{"total":19,"covered":19,"skipped":0,"pct":100},"functions":{"total":4,"covered":4,"skipped":0,"pct":100},"statements":{"total":19,"covered":19,"skipped":0,"pct":100},"branches":{"total":17,"covered":16,"skipped":0,"pct":94.11}}
,"/Users/danielpenin/whatsapp_saas/worker/job-id.ts": {"lines":{"total":6,"covered":5,"skipped":0,"pct":83.33},"functions":{"total":3,"covered":2,"skipped":0,"pct":66.66},"statements":{"total":6,"covered":5,"skipped":0,"pct":83.33},"branches":{"total":4,"covered":2,"skipped":0,"pct":50}}
,"/Users/danielpenin/whatsapp_saas/worker/logger.ts": {"lines":{"total":14,"covered":14,"skipped":0,"pct":100},"functions":{"total":6,"covered":6,"skipped":0,"pct":100},"statements":{"total":14,"covered":14,"skipped":0,"pct":100},"branches":{"total":4,"covered":4,"skipped":0,"pct":100}}
,"/Users/danielpenin/whatsapp_saas/worker/metrics.ts": {"lines":{"total":37,"covered":16,"skipped":0,"pct":43.24},"functions":{"total":7,"covered":1,"skipped":0,"pct":14.28},"statements":{"total":37,"covered":16,"skipped":0,"pct":43.24},"branches":{"total":10,"covered":4,"skipped":0,"pct":40}}
,"/Users/danielpenin/whatsapp_saas/worker/processor-base.ts": {"lines":{"total":33,"covered":18,"skipped":0,"pct":54.54},"functions":{"total":8,"covered":4,"skipped":0,"pct":50},"statements":{"total":33,"covered":18,"skipped":0,"pct":54.54},"branches":{"total":17,"covered":11,"skipped":0,"pct":64.7}}
,"/Users/danielpenin/whatsapp_saas/worker/queue.ts": {"lines":{"total":177,"covered":110,"skipped":0,"pct":62.14},"functions":{"total":37,"covered":17,"skipped":0,"pct":45.94},"statements":{"total":181,"covered":110,"skipped":0,"pct":60.77},"branches":{"total":94,"covered":24,"skipped":0,"pct":25.53}}
,"/Users/danielpenin/whatsapp_saas/worker/redis-client.ts": {"lines":{"total":20,"covered":14,"skipped":0,"pct":70},"functions":{"total":5,"covered":0,"skipped":0,"pct":0},"statements":{"total":20,"covered":14,"skipped":0,"pct":70},"branches":{"total":2,"covered":1,"skipped":0,"pct":50}}
,"/Users/danielpenin/whatsapp_saas/worker/resolve-redis-url.ts": {"lines":{"total":68,"covered":51,"skipped":0,"pct":75},"functions":{"total":15,"covered":15,"skipped":0,"pct":100},"statements":{"total":68,"covered":51,"skipped":0,"pct":75},"branches":{"total":76,"covered":57,"skipped":0,"pct":75}}
,"/Users/danielpenin/whatsapp_saas/worker/safe-path.ts": {"lines":{"total":12,"covered":0,"skipped":0,"pct":0},"functions":{"total":2,"covered":0,"skipped":0,"pct":0},"statements":{"total":12,"covered":0,"skipped":0,"pct":0},"branches":{"total":8,"covered":0,"skipped":0,"pct":0}}
,"/Users/danielpenin/whatsapp_saas/worker/contracts/autopilot-jobs.ts": {"lines":{"total":29,"covered":24,"skipped":0,"pct":82.75},"functions":{"total":7,"covered":6,"skipped":0,"pct":85.71},"statements":{"total":29,"covered":24,"skipped":0,"pct":82.75},"branches":{"total":29,"covered":17,"skipped":0,"pct":58.62}}
,"/Users/danielpenin/whatsapp_saas/worker/processors/autopilot-processor.ts": {"lines":{"total":89,"covered":2,"skipped":0,"pct":2.24},"functions":{"total":1,"covered":0,"skipped":0,"pct":0},"statements":{"total":89,"covered":2,"skipped":0,"pct":2.24},"branches":{"total":40,"covered":1,"skipped":0,"pct":2.5}}
,"/Users/danielpenin/whatsapp_saas/worker/processors/checkout-social-lead-enrichment.ts": {"lines":{"total":69,"covered":52,"skipped":0,"pct":75.36},"functions":{"total":11,"covered":9,"skipped":0,"pct":81.81},"statements":{"total":71,"covered":53,"skipped":0,"pct":74.64},"branches":{"total":81,"covered":46,"skipped":0,"pct":56.79}}
,"/Users/danielpenin/whatsapp_saas/worker/processors/prepaid-wallet-errors.ts": {"lines":{"total":8,"covered":5,"skipped":0,"pct":62.5},"functions":{"total":2,"covered":1,"skipped":0,"pct":50},"statements":{"total":8,"covered":5,"skipped":0,"pct":62.5},"branches":{"total":0,"covered":0,"skipped":0,"pct":100}}
,"/Users/danielpenin/whatsapp_saas/worker/processors/prepaid-wallet-settlement.ts": {"lines":{"total":61,"covered":52,"skipped":0,"pct":85.24},"functions":{"total":11,"covered":11,"skipped":0,"pct":100},"statements":{"total":63,"covered":54,"skipped":0,"pct":85.71},"branches":{"total":33,"covered":21,"skipped":0,"pct":63.63}}
,"/Users/danielpenin/whatsapp_saas/worker/processors/__companions__/autopilot-core.companion.ts": {"lines":{"total":2066,"covered":886,"skipped":0,"pct":42.88},"functions":{"total":267,"covered":135,"skipped":0,"pct":50.56},"statements":{"total":2095,"covered":902,"skipped":0,"pct":43.05},"branches":{"total":3165,"covered":1057,"skipped":0,"pct":33.39}}
,"/Users/danielpenin/whatsapp_saas/worker/processors/cia/brain.ts": {"lines":{"total":140,"covered":134,"skipped":0,"pct":95.71},"functions":{"total":45,"covered":43,"skipped":0,"pct":95.55},"statements":{"total":142,"covered":135,"skipped":0,"pct":95.07},"branches":{"total":150,"covered":122,"skipped":0,"pct":81.33}}
,"/Users/danielpenin/whatsapp_saas/worker/processors/cia/build-state.ts": {"lines":{"total":78,"covered":68,"skipped":0,"pct":87.17},"functions":{"total":29,"covered":28,"skipped":0,"pct":96.55},"statements":{"total":81,"covered":71,"skipped":0,"pct":87.65},"branches":{"total":96,"covered":66,"skipped":0,"pct":68.75}}
,"/Users/danielpenin/whatsapp_saas/worker/processors/cia/cognitive-state-patterns.ts": {"lines":{"total":22,"covered":22,"skipped":0,"pct":100},"functions":{"total":0,"covered":0,"skipped":0,"pct":100},"statements":{"total":22,"covered":22,"skipped":0,"pct":100},"branches":{"total":0,"covered":0,"skipped":0,"pct":100}}
,"/Users/danielpenin/whatsapp_saas/worker/processors/cia/cognitive-state.ts": {"lines":{"total":0,"covered":0,"skipped":0,"pct":0},"functions":{"total":0,"covered":0,"skipped":0,"pct":0},"statements":{"total":0,"covered":0,"skipped":0,"pct":0},"branches":{"total":0,"covered":0,"skipped":0,"pct":0}}
,"/Users/danielpenin/whatsapp_saas/worker/processors/cia/contracts.ts": {"lines":{"total":74,"covered":72,"skipped":0,"pct":97.29},"functions":{"total":33,"covered":33,"skipped":0,"pct":100},"statements":{"total":77,"covered":75,"skipped":0,"pct":97.4},"branches":{"total":57,"covered":45,"skipped":0,"pct":78.94}}
,"/Users/danielpenin/whatsapp_saas/worker/processors/cia/conversation-policy.ts": {"lines":{"total":107,"covered":20,"skipped":0,"pct":18.69},"functions":{"total":17,"covered":0,"skipped":0,"pct":0},"statements":{"total":108,"covered":20,"skipped":0,"pct":18.51},"branches":{"total":94,"covered":0,"skipped":0,"pct":0}}
,"/Users/danielpenin/whatsapp_saas/worker/processors/cia/conversation-tactics.ts": {"lines":{"total":40,"covered":37,"skipped":0,"pct":92.5},"functions":{"total":9,"covered":9,"skipped":0,"pct":100},"statements":{"total":45,"covered":42,"skipped":0,"pct":93.33},"branches":{"total":86,"covered":75,"skipped":0,"pct":87.2}}
,"/Users/danielpenin/whatsapp_saas/worker/processors/cia/global-learning.ts": {"lines":{"total":113,"covered":97,"skipped":0,"pct":85.84},"functions":{"total":30,"covered":30,"skipped":0,"pct":100},"statements":{"total":118,"covered":102,"skipped":0,"pct":86.44},"branches":{"total":105,"covered":65,"skipped":0,"pct":61.9}}
,"/Users/danielpenin/whatsapp_saas/worker/processors/cia/harness.ts": {"lines":{"total":72,"covered":64,"skipped":0,"pct":88.88},"functions":{"total":14,"covered":12,"skipped":0,"pct":85.71},"statements":{"total":78,"covered":68,"skipped":0,"pct":87.17},"branches":{"total":98,"covered":60,"skipped":0,"pct":61.22}}
,"/Users/danielpenin/whatsapp_saas/worker/processors/cia/self-improvement.ts": {"lines":{"total":137,"covered":98,"skipped":0,"pct":71.53},"functions":{"total":36,"covered":28,"skipped":0,"pct":77.77},"statements":{"total":142,"covered":100,"skipped":0,"pct":70.42},"branches":{"total":151,"covered":76,"skipped":0,"pct":50.33}}
,"/Users/danielpenin/whatsapp_saas/worker/processors/cia/cognitive-state/__parts__/cognitive-state-build.ts": {"lines":{"total":40,"covered":40,"skipped":0,"pct":100},"functions":{"total":8,"covered":8,"skipped":0,"pct":100},"statements":{"total":40,"covered":40,"skipped":0,"pct":100},"branches":{"total":34,"covered":30,"skipped":0,"pct":88.23}}
,"/Users/danielpenin/whatsapp_saas/worker/processors/cia/cognitive-state/__parts__/cognitive-state-inference.ts": {"lines":{"total":174,"covered":150,"skipped":0,"pct":86.2},"functions":{"total":29,"covered":29,"skipped":0,"pct":100},"statements":{"total":176,"covered":152,"skipped":0,"pct":86.36},"branches":{"total":162,"covered":135,"skipped":0,"pct":83.33}}
,"/Users/danielpenin/whatsapp_saas/worker/processors/cia/cognitive-state/__parts__/cognitive-state-load.ts": {"lines":{"total":7,"covered":5,"skipped":0,"pct":71.42},"functions":{"total":3,"covered":2,"skipped":0,"pct":66.66},"statements":{"total":7,"covered":5,"skipped":0,"pct":71.42},"branches":{"total":9,"covered":6,"skipped":0,"pct":66.66}}
,"/Users/danielpenin/whatsapp_saas/worker/processors/cia/cognitive-state/__parts__/cognitive-state-persist.ts": {"lines":{"total":35,"covered":27,"skipped":0,"pct":77.14},"functions":{"total":11,"covered":8,"skipped":0,"pct":72.72},"statements":{"total":35,"covered":27,"skipped":0,"pct":77.14},"branches":{"total":51,"covered":29,"skipped":0,"pct":56.86}}
,"/Users/danielpenin/whatsapp_saas/worker/processors/cia/cognitive-state/__parts__/cognitive-state-record.ts": {"lines":{"total":10,"covered":9,"skipped":0,"pct":90},"functions":{"total":5,"covered":5,"skipped":0,"pct":100},"statements":{"total":12,"covered":11,"skipped":0,"pct":91.66},"branches":{"total":24,"covered":11,"skipped":0,"pct":45.83}}
,"/Users/danielpenin/whatsapp_saas/worker/processors/cia/cognitive-state/__parts__/cognitive-state-scoring.ts": {"lines":{"total":26,"covered":24,"skipped":0,"pct":92.3},"functions":{"total":6,"covered":6,"skipped":0,"pct":100},"statements":{"total":26,"covered":24,"skipped":0,"pct":92.3},"branches":{"total":42,"covered":34,"skipped":0,"pct":80.95}}
,"/Users/danielpenin/whatsapp_saas/worker/processors/cia/cognitive-state/__parts__/cognitive-state-types.ts": {"lines":{"total":21,"covered":21,"skipped":0,"pct":100},"functions":{"total":6,"covered":6,"skipped":0,"pct":100},"statements":{"total":23,"covered":23,"skipped":0,"pct":100},"branches":{"total":6,"covered":4,"skipped":0,"pct":66.66}}
,"/Users/danielpenin/whatsapp_saas/worker/providers/agent-events.ts": {"lines":{"total":49,"covered":29,"skipped":0,"pct":59.18},"functions":{"total":9,"covered":6,"skipped":0,"pct":66.66},"statements":{"total":50,"covered":29,"skipped":0,"pct":58},"branches":{"total":62,"covered":20,"skipped":0,"pct":32.25}}
,"/Users/danielpenin/whatsapp_saas/worker/providers/ai-provider.ts": {"lines":{"total":17,"covered":0,"skipped":0,"pct":0},"functions":{"total":5,"covered":0,"skipped":0,"pct":0},"statements":{"total":17,"covered":0,"skipped":0,"pct":0},"branches":{"total":20,"covered":0,"skipped":0,"pct":0}}
,"/Users/danielpenin/whatsapp_saas/worker/providers/anti-ban.ts": {"lines":{"total":38,"covered":2,"skipped":0,"pct":5.26},"functions":{"total":8,"covered":0,"skipped":0,"pct":0},"statements":{"total":41,"covered":2,"skipped":0,"pct":4.87},"branches":{"total":12,"covered":0,"skipped":0,"pct":0}}
,"/Users/danielpenin/whatsapp_saas/worker/providers/auto-provider.ts": {"lines":{"total":19,"covered":1,"skipped":0,"pct":5.26},"functions":{"total":3,"covered":0,"skipped":0,"pct":0},"statements":{"total":19,"covered":1,"skipped":0,"pct":5.26},"branches":{"total":10,"covered":0,"skipped":0,"pct":0}}
,"/Users/danielpenin/whatsapp_saas/worker/providers/channel-dispatcher.ts": {"lines":{"total":19,"covered":1,"skipped":0,"pct":5.26},"functions":{"total":4,"covered":0,"skipped":0,"pct":0},"statements":{"total":19,"covered":1,"skipped":0,"pct":5.26},"branches":{"total":19,"covered":0,"skipped":0,"pct":0}}
,"/Users/danielpenin/whatsapp_saas/worker/providers/commercial-intelligence.ts": {"lines":{"total":148,"covered":132,"skipped":0,"pct":89.18},"functions":{"total":32,"covered":32,"skipped":0,"pct":100},"statements":{"total":151,"covered":135,"skipped":0,"pct":89.4},"branches":{"total":215,"covered":162,"skipped":0,"pct":75.34}}
,"/Users/danielpenin/whatsapp_saas/worker/providers/health-monitor.ts": {"lines":{"total":49,"covered":12,"skipped":0,"pct":24.48},"functions":{"total":13,"covered":2,"skipped":0,"pct":15.38},"statements":{"total":49,"covered":12,"skipped":0,"pct":24.48},"branches":{"total":27,"covered":5,"skipped":0,"pct":18.51}}
,"/Users/danielpenin/whatsapp_saas/worker/providers/openai-models.ts": {"lines":{"total":11,"covered":2,"skipped":0,"pct":18.18},"functions":{"total":4,"covered":0,"skipped":0,"pct":0},"statements":{"total":11,"covered":2,"skipped":0,"pct":18.18},"branches":{"total":8,"covered":0,"skipped":0,"pct":0}}
,"/Users/danielpenin/whatsapp_saas/worker/providers/outbound-dispatcher.ts": {"lines":{"total":2,"covered":0,"skipped":0,"pct":0},"functions":{"total":1,"covered":0,"skipped":0,"pct":0},"statements":{"total":2,"covered":0,"skipped":0,"pct":0},"branches":{"total":4,"covered":0,"skipped":0,"pct":0}}
,"/Users/danielpenin/whatsapp_saas/worker/providers/timezone.ts": {"lines":{"total":22,"covered":13,"skipped":0,"pct":59.09},"functions":{"total":5,"covered":4,"skipped":0,"pct":80},"statements":{"total":23,"covered":13,"skipped":0,"pct":56.52},"branches":{"total":24,"covered":14,"skipped":0,"pct":58.33}}
,"/Users/danielpenin/whatsapp_saas/worker/providers/unified-agent-integrator.ts": {"lines":{"total":76,"covered":22,"skipped":0,"pct":28.94},"functions":{"total":15,"covered":2,"skipped":0,"pct":13.33},"statements":{"total":80,"covered":22,"skipped":0,"pct":27.5},"branches":{"total":62,"covered":7,"skipped":0,"pct":11.29}}
,"/Users/danielpenin/whatsapp_saas/worker/providers/unified-whatsapp-provider.ts": {"lines":{"total":39,"covered":24,"skipped":0,"pct":61.53},"functions":{"total":11,"covered":8,"skipped":0,"pct":72.72},"statements":{"total":39,"covered":24,"skipped":0,"pct":61.53},"branches":{"total":16,"covered":7,"skipped":0,"pct":43.75}}
,"/Users/danielpenin/whatsapp_saas/worker/providers/whatsapp-api-provider.ts": {"lines":{"total":40,"covered":33,"skipped":0,"pct":82.5},"functions":{"total":14,"covered":11,"skipped":0,"pct":78.57},"statements":{"total":41,"covered":33,"skipped":0,"pct":80.48},"branches":{"total":29,"covered":22,"skipped":0,"pct":75.86}}
,"/Users/danielpenin/whatsapp_saas/worker/providers/whatsapp-engine.ts": {"lines":{"total":118,"covered":79,"skipped":0,"pct":66.94},"functions":{"total":23,"covered":17,"skipped":0,"pct":73.91},"statements":{"total":121,"covered":80,"skipped":0,"pct":66.11},"branches":{"total":87,"covered":43,"skipped":0,"pct":49.42}}
,"/Users/danielpenin/whatsapp_saas/worker/providers/whatsapp-provider-resolver.ts": {"lines":{"total":4,"covered":4,"skipped":0,"pct":100},"functions":{"total":1,"covered":1,"skipped":0,"pct":100},"statements":{"total":4,"covered":4,"skipped":0,"pct":100},"branches":{"total":6,"covered":6,"skipped":0,"pct":100}}
,"/Users/danielpenin/whatsapp_saas/worker/src/utils/error-handler.ts": {"lines":{"total":33,"covered":15,"skipped":0,"pct":45.45},"functions":{"total":6,"covered":2,"skipped":0,"pct":33.33},"statements":{"total":35,"covered":15,"skipped":0,"pct":42.85},"branches":{"total":34,"covered":4,"skipped":0,"pct":11.76}}
,"/Users/danielpenin/whatsapp_saas/worker/test/__parts__/scan-contact.cases.sweep.ts": {"lines":{"total":16,"covered":16,"skipped":0,"pct":100},"functions":{"total":3,"covered":3,"skipped":0,"pct":100},"statements":{"total":16,"covered":16,"skipped":0,"pct":100},"branches":{"total":0,"covered":0,"skipped":0,"pct":100}}
,"/Users/danielpenin/whatsapp_saas/worker/test/__parts__/scan-contact.setup.ts": {"lines":{"total":29,"covered":29,"skipped":0,"pct":100},"functions":{"total":2,"covered":2,"skipped":0,"pct":100},"statements":{"total":29,"covered":29,"skipped":0,"pct":100},"branches":{"total":0,"covered":0,"skipped":0,"pct":100}}
,"/Users/danielpenin/whatsapp_saas/worker/utils/async-sequence.ts": {"lines":{"total":27,"covered":15,"skipped":0,"pct":55.55},"functions":{"total":6,"covered":4,"skipped":0,"pct":66.66},"statements":{"total":27,"covered":15,"skipped":0,"pct":55.55},"branches":{"total":14,"covered":7,"skipped":0,"pct":50}}
,"/Users/danielpenin/whatsapp_saas/worker/utils/prisma-json.util.ts": {"lines":{"total":19,"covered":18,"skipped":0,"pct":94.73},"functions":{"total":5,"covered":5,"skipped":0,"pct":100},"statements":{"total":24,"covered":21,"skipped":0,"pct":87.5},"branches":{"total":21,"covered":17,"skipped":0,"pct":80.95}}
,"/Users/danielpenin/whatsapp_saas/worker/utils/signed-storage-url.ts": {"lines":{"total":28,"covered":9,"skipped":0,"pct":32.14},"functions":{"total":8,"covered":0,"skipped":0,"pct":0},"statements":{"total":28,"covered":9,"skipped":0,"pct":32.14},"branches":{"total":23,"covered":0,"skipped":0,"pct":0}}
}
