TN:
SF:context-store.ts
FN:20,(anonymous_0)
FN:44,(anonymous_1)
FN:66,(anonymous_2)
FN:70,(anonymous_3)
FN:75,(anonymous_4)
FN:88,(anonymous_5)
FN:98,(anonymous_6)
FN:103,(anonymous_7)
FN:108,(anonymous_8)
FN:113,(anonymous_9)
FN:118,(anonymous_10)
FN:123,(anonymous_11)
FN:128,(anonymous_12)
FNF:13
FNH:1
FNDA:0,(anonymous_0)
FNDA:0,(anonymous_1)
FNDA:1,(anonymous_2)
FNDA:0,(anonymous_3)
FNDA:0,(anonymous_4)
FNDA:0,(anonymous_5)
FNDA:0,(anonymous_6)
FNDA:0,(anonymous_7)
FNDA:0,(anonymous_8)
FNDA:0,(anonymous_9)
FNDA:0,(anonymous_10)
FNDA:0,(anonymous_11)
FNDA:0,(anonymous_12)
DA:12,1
DA:21,0
DA:22,0
DA:24,0
DA:26,0
DA:28,0
DA:29,0
DA:30,0
DA:33,0
DA:35,0
DA:36,0
DA:45,0
DA:46,0
DA:47,0
DA:50,0
DA:67,1
DA:71,0
DA:76,0
DA:77,0
DA:78,0
DA:80,0
DA:81,0
DA:83,0
DA:89,0
DA:90,0
DA:91,0
DA:93,0
DA:99,0
DA:104,0
DA:109,0
DA:114,0
DA:119,0
DA:124,0
DA:129,0
LF:34
LH:2
BRDA:20,0,0,0
BRDA:28,1,0,0
BRDA:28,1,1,0
BRDA:66,2,0,1
BRDA:77,3,0,0
BRDA:77,3,1,0
BRDA:90,4,0,0
BRDA:90,4,1,0
BRDA:90,5,0,0
BRDA:90,5,1,0
BRF:10
BRH:1
end_of_record
TN:
SF:conversation-agent-state.ts
FN:15,normalizeDirection
FN:28,hasUnansweredInbound
FN:42,resolveConversationOwner
FN:58,isConversationPendingForAgent
FN:76,deriveOperationalUnreadCount
FNF:5
FNH:5
FNDA:20,normalizeDirection
FNDA:20,hasUnansweredInbound
FNDA:46,resolveConversationOwner
FNDA:35,isConversationPendingForAgent
FNDA:13,deriveOperationalUnreadCount
DA:16,20
DA:19,20
DA:20,14
DA:22,6
DA:23,6
DA:25,0
DA:29,20
DA:30,20
DA:31,20
DA:32,6
DA:34,14
DA:35,14
DA:38,0
DA:45,46
DA:48,46
DA:49,3
DA:51,43
DA:52,4
DA:54,39
DA:59,35
DA:62,35
DA:63,0
DA:65,35
DA:66,1
DA:68,34
DA:69,35
DA:70,14
DA:72,20
DA:77,13
DA:78,13
LF:30
LH:27
BRDA:16,0,0,20
BRDA:16,0,1,0
BRDA:19,1,0,14
BRDA:19,1,1,6
BRDA:22,2,0,6
BRDA:22,2,1,0
BRDA:29,3,0,20
BRDA:29,3,1,0
BRDA:31,4,0,6
BRDA:31,4,1,14
BRDA:34,5,0,14
BRDA:34,5,1,0
BRDA:45,6,0,46
BRDA:45,6,1,26
BRDA:48,7,0,3
BRDA:48,7,1,43
BRDA:48,8,0,46
BRDA:48,8,1,43
BRDA:51,9,0,4
BRDA:51,9,1,39
BRDA:59,10,0,35
BRDA:59,10,1,0
BRDA:62,11,0,0
BRDA:62,11,1,35
BRDA:65,12,0,1
BRDA:65,12,1,34
BRDA:68,13,0,34
BRDA:68,13,1,20
BRDA:68,14,0,34
BRDA:68,14,1,20
BRDA:69,15,0,14
BRDA:69,15,1,21
BRDA:77,16,0,13
BRDA:77,16,1,7
BRDA:77,17,0,13
BRDA:77,17,1,7
BRDA:78,18,0,11
BRDA:78,18,1,2
BRF:38
BRH:32
end_of_record
TN:
SF:db.ts
FN:11,(anonymous_0)
FN:20,shutdownPrisma
FN:37,(anonymous_2)
FN:41,(anonymous_3)
FNF:4
FNH:0
FNDA:0,(anonymous_0)
FNDA:0,shutdownPrisma
FNDA:0,(anonymous_2)
FNDA:0,(anonymous_3)
DA:3,1
DA:6,1
DA:10,1
DA:11,0
DA:12,0
DA:13,0
DA:18,1
DA:21,0
DA:22,0
DA:24,0
DA:26,0
DA:27,0
DA:28,0
DA:30,0
DA:37,1
DA:38,0
DA:41,1
DA:42,0
LF:18
LH:6
BRDA:7,0,0,0
BRDA:7,0,1,1
BRDA:10,1,0,0
BRDA:10,1,1,1
BRDA:12,2,0,0
BRDA:12,2,1,0
BRDA:21,3,0,0
BRDA:21,3,1,0
BRDA:32,4,0,0
BRDA:32,4,1,0
BRF:10
BRH:2
end_of_record
TN:
SF:flow-engine-external-id.ts
FN:1,(anonymous_0)
FN:9,(anonymous_1)
FN:16,(anonymous_2)
FN:25,(anonymous_3)
FNF:4
FNH:4
FNDA:9,(anonymous_0)
FNDA:8,(anonymous_1)
FNDA:5,(anonymous_2)
FNDA:13,(anonymous_3)
DA:1,1
DA:2,9
DA:3,6
DA:5,3
DA:6,3
DA:9,1
DA:10,8
DA:11,5
DA:13,3
DA:16,1
DA:17,5
DA:18,12
DA:19,3
DA:22,2
DA:25,1
DA:26,13
DA:27,5
DA:29,8
DA:30,8
LF:19
LH:19
BRDA:2,0,0,6
BRDA:2,0,1,3
BRDA:2,1,0,9
BRDA:2,1,1,3
BRDA:6,2,0,3
BRDA:6,2,1,0
BRDA:10,3,0,5
BRDA:10,3,1,3
BRDA:18,4,0,3
BRDA:18,4,1,9
BRDA:26,5,0,5
BRDA:26,5,1,8
BRDA:26,6,0,13
BRDA:26,6,1,11
BRDA:31,7,0,8
BRDA:31,7,1,6
BRDA:31,7,2,5
BRF:17
BRH:16
end_of_record
TN:
SF:job-id.ts
FN:3,sanitizeQueueIdPart
FN:14,buildQueueJobId
FN:19,buildQueueDedupId
FNF:3
FNH:2
FNDA:74,sanitizeQueueIdPart
FNDA:21,buildQueueJobId
FNDA:0,buildQueueDedupId
DA:1,6
DA:2,6
DA:4,74
DA:10,74
DA:15,21
DA:20,0
LF:6
LH:5
BRDA:4,0,0,74
BRDA:4,0,1,0
BRDA:10,1,0,74
BRDA:10,1,1,0
BRF:4
BRH:2
end_of_record
TN:
SF:logger.ts
FN:8,(anonymous_0)
FN:11,(anonymous_1)
FN:18,(anonymous_2)
FN:35,(anonymous_3)
FN:40,(anonymous_4)
FN:45,(anonymous_5)
FNF:6
FNH:6
FNDA:23,(anonymous_0)
FNDA:1,(anonymous_1)
FNDA:43,(anonymous_2)
FNDA:31,(anonymous_3)
FNDA:10,(anonymous_4)
FNDA:2,(anonymous_5)
DA:8,23
DA:12,1
DA:13,1
DA:14,1
DA:15,1
DA:19,43
DA:25,43
DA:26,1
DA:28,43
DA:29,1
DA:31,43
DA:36,31
DA:41,10
DA:46,2
LF:14
LH:14
BRDA:25,0,0,1
BRDA:25,0,1,42
BRDA:28,1,0,1
BRDA:28,1,1,42
BRF:4
BRH:4
end_of_record
TN:
SF:metrics.ts
FN:91,getMetrics
FN:97,getHealth
FN:112,refreshQueueMetrics
FN:116,(anonymous_3)
FN:128,(anonymous_4)
FN:131,(anonymous_5)
FN:137,(anonymous_6)
FNF:7
FNH:1
FNDA:0,getMetrics
FNDA:4,getHealth
FNDA:0,refreshQueueMetrics
FNDA:0,(anonymous_3)
FNDA:0,(anonymous_4)
FNDA:0,(anonymous_5)
FNDA:0,(anonymous_6)
DA:6,10
DA:7,10
DA:10,10
DA:18,10
DA:27,10
DA:35,10
DA:43,10
DA:51,10
DA:59,10
DA:67,10
DA:75,10
DA:83,10
DA:92,0
DA:93,0
DA:98,4
DA:99,4
DA:100,2
DA:108,2
DA:113,0
DA:114,0
DA:115,0
DA:116,0
DA:117,0
DA:121,0
DA:125,0
DA:126,0
DA:127,0
DA:128,0
DA:129,0
DA:130,0
DA:131,0
DA:132,0
DA:135,0
DA:136,0
DA:137,0
DA:138,0
DA:142,0
LF:37
LH:16
BRDA:101,0,0,1
BRDA:101,0,1,1
BRDA:108,1,0,1
BRDA:108,1,1,1
BRDA:117,2,0,0
BRDA:117,2,1,0
BRDA:132,3,0,0
BRDA:132,3,1,0
BRDA:138,4,0,0
BRDA:138,4,1,0
BRF:10
BRH:4
end_of_record
TN:
SF:processor-base.ts
FN:26,generateCorrelationId
FN:30,extractWorkspaceId
FN:47,buildDedupKey
FN:53,checkIdempotent
FN:63,markCompleted
FN:72,startJob
FN:85,endJob
FN:102,logError
FNF:8
FNH:4
FNDA:2,generateCorrelationId
FNDA:3,extractWorkspaceId
FNDA:3,buildDedupKey
FNDA:3,checkIdempotent
FNDA:0,markCompleted
FNDA:0,startJob
FNDA:0,endJob
FNDA:0,logError
DA:17,13
DA:18,13
DA:27,2
DA:31,3
DA:32,3
DA:33,0
DA:35,3
DA:36,1
DA:38,2
DA:39,1
DA:40,1
DA:41,1
DA:44,1
DA:49,3
DA:50,3
DA:54,3
DA:55,3
DA:56,3
DA:57,3
DA:59,0
DA:64,0
DA:65,0
DA:66,0
DA:73,0
DA:74,0
DA:75,0
DA:82,0
DA:91,0
DA:92,0
DA:99,0
DA:103,0
DA:104,0
DA:111,0
LF:33
LH:18
BRDA:32,0,0,0
BRDA:32,0,1,3
BRDA:35,1,0,1
BRDA:35,1,1,2
BRDA:38,2,0,1
BRDA:38,2,1,1
BRDA:38,3,0,2
BRDA:38,3,1,1
BRDA:38,3,2,1
BRDA:40,4,0,1
BRDA:40,4,1,0
BRDA:49,5,0,3
BRDA:49,5,1,2
BRDA:49,5,2,0
BRDA:63,6,0,0
BRDA:108,7,0,0
BRDA:108,7,1,0
BRF:17
BRH:11
end_of_record
TN:
SF:queue.ts
FN:42,(anonymous_0)
FN:49,getConnection
FN:67,(anonymous_2)
FN:70,(anonymous_3)
FN:73,(anonymous_4)
FN:83,(anonymous_5)
FN:98,buildQueueOptions
FN:115,getOrCreateQueue
FN:127,attachDlq
FN:137,(anonymous_9)
FN:138,(anonymous_10)
FN:156,(anonymous_11)
FN:200,getQueueEvents
FN:218,lazyQueue
FN:220,(anonymous_14)
FN:250,(anonymous_15)
FN:286,(anonymous_16)
FN:296,(anonymous_17)
FN:300,(anonymous_18)
FN:318,(anonymous_19)
FN:331,(anonymous_20)
FN:334,(anonymous_21)
FN:337,notifyOps
FN:361,classifyWebhook
FN:394,(anonymous_24)
FN:401,(anonymous_25)
FN:406,(anonymous_26)
FN:410,(anonymous_27)
FN:421,(anonymous_28)
FN:454,(anonymous_29)
FN:455,(anonymous_30)
FN:457,(anonymous_31)
FN:474,(anonymous_32)
FN:480,(anonymous_33)
FN:484,(anonymous_34)
FN:496,(anonymous_35)
FN:504,shutdownQueueSystem
FNF:37
FNH:17
FNDA:0,(anonymous_0)
FNDA:22,getConnection
FNDA:0,(anonymous_2)
FNDA:0,(anonymous_3)
FNDA:0,(anonymous_4)
FNDA:4,(anonymous_5)
FNDA:17,buildQueueOptions
FNDA:8,getOrCreateQueue
FNDA:6,attachDlq
FNDA:0,(anonymous_9)
FNDA:0,(anonymous_10)
FNDA:0,(anonymous_11)
FNDA:6,getQueueEvents
FNDA:117,lazyQueue
FNDA:8,(anonymous_14)
FNDA:0,(anonymous_15)
FNDA:0,(anonymous_16)
FNDA:0,(anonymous_17)
FNDA:0,(anonymous_18)
FNDA:0,(anonymous_19)
FNDA:0,(anonymous_20)
FNDA:0,(anonymous_21)
FNDA:0,notifyOps
FNDA:0,classifyWebhook
FNDA:2,(anonymous_24)
FNDA:0,(anonymous_25)
FNDA:1,(anonymous_26)
FNDA:0,(anonymous_27)
FNDA:2,(anonymous_28)
FNDA:0,(anonymous_29)
FNDA:0,(anonymous_30)
FNDA:2,(anonymous_31)
FNDA:2,(anonymous_32)
FNDA:2,(anonymous_33)
FNDA:2,(anonymous_34)
FNDA:2,(anonymous_35)
FNDA:2,shutdownQueueSystem
DA:39,13
DA:43,0
DA:47,13
DA:50,22
DA:51,11
DA:54,11
DA:55,11
DA:56,0
DA:59,0
DA:62,11
DA:63,11
DA:64,11
DA:66,11
DA:67,11
DA:68,0
DA:70,11
DA:71,0
DA:73,11
DA:74,0
DA:76,11
DA:82,13
DA:84,4
DA:85,4
DA:86,4
DA:92,13
DA:93,13
DA:99,17
DA:110,13
DA:111,13
DA:112,13
DA:113,13
DA:116,8
DA:117,8
DA:118,2
DA:121,6
DA:122,6
DA:123,6
DA:124,6
DA:128,6
DA:129,6
DA:130,0
DA:133,6
DA:134,6
DA:136,6
DA:137,6
DA:138,0
DA:139,0
DA:145,0
DA:146,0
DA:147,0
DA:148,0
DA:150,0
DA:151,0
DA:152,0
DA:156,0
DA:158,0
DA:159,0
DA:160,0
DA:161,0
DA:163,0
DA:165,0
DA:167,0
DA:181,0
DA:188,0
DA:201,6
DA:202,6
DA:203,0
DA:207,6
DA:208,6
DA:209,0
DA:211,6
DA:212,6
DA:213,6
DA:219,117
DA:221,8
DA:222,8
DA:223,8
DA:229,13
DA:231,13
DA:233,13
DA:235,13
DA:237,13
DA:239,13
DA:241,13
DA:243,13
DA:245,13
DA:249,13
DA:251,0
DA:252,0
DA:259,13
DA:286,13
DA:296,13
DA:300,13
DA:318,13
DA:322,0
DA:323,0
DA:325,0
DA:326,0
DA:328,0
DA:331,13
DA:332,0
DA:334,13
DA:335,0
DA:338,0
DA:339,0
DA:340,0
DA:342,0
DA:343,0
DA:344,0
DA:347,0
DA:348,0
DA:349,0
DA:350,0
DA:356,0
DA:357,0
DA:362,0
DA:363,0
DA:364,0
DA:365,0
DA:367,0
DA:373,0
DA:376,0
DA:379,0
DA:392,2
DA:395,2
DA:396,2
DA:397,2
DA:402,0
DA:407,1
DA:408,1
DA:411,0
DA:415,1
DA:416,1
DA:422,2
DA:423,0
DA:426,2
DA:427,1
DA:428,1
DA:429,1
DA:430,1
DA:431,1
DA:433,1
DA:435,2
DA:436,2
DA:454,13
DA:455,0
DA:457,13
DA:458,2
DA:459,2
DA:460,0
DA:462,2
DA:463,0
DA:465,2
DA:466,0
DA:468,2
DA:469,0
DA:471,2
DA:474,13
DA:478,2
DA:480,2
DA:484,13
DA:485,2
DA:486,0
DA:488,2
DA:489,2
DA:491,0
DA:493,2
DA:496,13
DA:497,2
DA:498,2
DA:499,2
DA:500,2
DA:505,2
DA:506,2
DA:507,2
DA:508,2
DA:509,2
LF:177
LH:110
BRDA:50,0,0,11
BRDA:50,0,1,11
BRDA:55,1,0,0
BRDA:55,1,1,11
BRDA:86,2,0,4
BRDA:86,2,1,0
BRDA:92,3,0,13
BRDA:92,3,1,0
BRDA:92,4,0,13
BRDA:92,4,1,13
BRDA:95,5,0,13
BRDA:95,5,1,0
BRDA:95,6,0,13
BRDA:95,6,1,13
BRDA:117,7,0,2
BRDA:117,7,1,6
BRDA:129,8,0,0
BRDA:129,8,1,6
BRDA:147,9,0,0
BRDA:147,9,1,0
BRDA:150,10,0,0
BRDA:150,10,1,0
BRDA:151,11,0,0
BRDA:151,11,1,0
BRDA:156,12,0,0
BRDA:156,12,1,0
BRDA:160,13,0,0
BRDA:160,13,1,0
BRDA:160,14,0,0
BRDA:160,14,1,0
BRDA:160,14,2,0
BRDA:176,15,0,0
BRDA:176,15,1,0
BRDA:177,16,0,0
BRDA:177,16,1,0
BRDA:183,17,0,0
BRDA:183,17,1,0
BRDA:192,18,0,0
BRDA:192,18,1,0
BRDA:202,19,0,0
BRDA:202,19,1,6
BRDA:208,20,0,0
BRDA:208,20,1,6
BRDA:223,21,0,4
BRDA:223,21,1,4
BRDA:292,22,0,0
BRDA:292,22,1,0
BRDA:297,23,0,0
BRDA:297,23,1,0
BRDA:297,23,2,0
BRDA:297,24,0,0
BRDA:297,24,1,0
BRDA:309,25,0,0
BRDA:309,25,1,0
BRDA:309,25,2,0
BRDA:310,26,0,0
BRDA:310,26,1,0
BRDA:322,27,0,0
BRDA:322,27,1,0
BRDA:325,28,0,0
BRDA:325,28,1,0
BRDA:332,29,0,0
BRDA:332,29,1,0
BRDA:335,30,0,0
BRDA:335,30,1,0
BRDA:335,31,0,0
BRDA:335,31,1,0
BRDA:338,32,0,0
BRDA:338,32,1,0
BRDA:339,33,0,0
BRDA:339,33,1,0
BRDA:343,34,0,0
BRDA:343,34,1,0
BRDA:357,35,0,0
BRDA:357,35,1,0
BRDA:364,36,0,0
BRDA:364,36,1,0
BRDA:367,37,0,0
BRDA:367,37,1,0
BRDA:368,38,0,0
BRDA:368,38,1,0
BRDA:368,38,2,0
BRDA:368,38,3,0
BRDA:407,39,0,1
BRDA:407,39,1,0
BRDA:422,40,0,0
BRDA:422,40,1,2
BRDA:426,41,0,1
BRDA:426,41,1,1
BRDA:430,42,0,1
BRDA:430,42,1,0
BRDA:485,43,0,0
BRDA:485,43,1,2
BRDA:504,44,0,2
BRF:94
BRH:24
end_of_record
TN:
SF:redis-client.ts
FN:40,(anonymous_0)
FN:47,(anonymous_1)
FN:50,(anonymous_2)
FN:56,(anonymous_3)
FN:62,(anonymous_4)
FNF:5
FNH:0
FNDA:0,(anonymous_0)
FNDA:0,(anonymous_1)
FNDA:0,(anonymous_2)
FNDA:0,(anonymous_3)
FNDA:0,(anonymous_4)
DA:20,10
DA:21,10
DA:26,0
DA:33,10
DA:34,10
DA:35,10
DA:37,10
DA:41,0
DA:46,10
DA:47,10
DA:48,0
DA:50,10
DA:51,0
DA:55,10
DA:56,10
DA:57,0
DA:61,10
DA:62,10
DA:63,0
DA:70,10
LF:20
LH:14
BRDA:21,0,0,0
BRDA:21,0,1,10
BRF:2
BRH:1
end_of_record
TN:
SF:resolve-redis-url.ts
FN:44,(anonymous_0)
FN:50,isLocalhost
FN:59,isRailwayPublicProxy
FN:70,isRailwayRuntime
FN:76,(anonymous_4)
FN:79,isProductionLikeRuntime
FN:83,assertProductionSafeRedisUrl
FN:102,maskRedisUrl
FN:109,getMode
FN:133,readRedisComponents
FN:143,resolveFromComponents
FN:155,resolveFromModeFallback
FN:179,resolveRedisUrl
FN:205,isRedisConfigured
FN:225,describeRedisResolution
FNF:15
FNH:15
FNDA:4,(anonymous_0)
FNDA:1,isLocalhost
FNDA:1,isRailwayPublicProxy
FNDA:12,isRailwayRuntime
FNDA:34,(anonymous_4)
FNDA:12,isProductionLikeRuntime
FNDA:1,assertProductionSafeRedisUrl
FNDA:5,maskRedisUrl
FNDA:10,getMode
FNDA:8,readRedisComponents
FNDA:8,resolveFromComponents
FNDA:8,resolveFromModeFallback
FNDA:9,resolveRedisUrl
FNDA:2,isRedisConfigured
FNDA:2,describeRedisResolution
DA:1,4
DA:45,4
DA:46,4
DA:51,1
DA:52,1
DA:53,1
DA:55,0
DA:60,1
DA:61,1
DA:62,1
DA:66,0
DA:71,12
DA:76,34
DA:80,12
DA:84,1
DA:85,1
DA:91,0
DA:92,0
DA:98,0
DA:103,5
DA:104,1
DA:106,4
DA:110,10
DA:113,10
DA:114,0
DA:116,10
DA:117,0
DA:119,10
DA:120,0
DA:123,10
DA:134,8
DA:144,8
DA:145,8
DA:146,0
DA:147,0
DA:149,8
DA:150,0
DA:152,8
DA:156,8
DA:157,8
DA:158,0
DA:160,8
DA:161,3
DA:168,5
DA:181,9
DA:182,1
DA:186,8
DA:187,8
DA:188,0
DA:192,8
DA:193,0
DA:197,8
DA:206,2
DA:207,0
DA:209,2
DA:211,2
DA:212,2
DA:213,0
DA:215,2
DA:216,0
DA:218,2
DA:232,2
DA:233,2
DA:234,2
DA:235,2
DA:236,2
DA:238,1
DA:240,2
LF:68
LH:51
BRDA:53,0,0,1
BRDA:53,0,1,0
BRDA:63,1,0,1
BRDA:63,1,1,0
BRDA:76,2,0,34
BRDA:76,2,1,6
BRDA:80,3,0,12
BRDA:80,3,1,12
BRDA:84,4,0,1
BRDA:84,4,1,0
BRDA:84,5,0,1
BRDA:84,5,1,1
BRDA:91,6,0,0
BRDA:91,6,1,0
BRDA:91,7,0,0
BRDA:91,7,1,0
BRDA:103,8,0,1
BRDA:103,8,1,4
BRDA:110,9,0,10
BRDA:110,9,1,10
BRDA:113,10,0,0
BRDA:113,10,1,10
BRDA:116,11,0,0
BRDA:116,11,1,10
BRDA:119,12,0,0
BRDA:119,12,1,10
BRDA:123,13,0,4
BRDA:123,13,1,6
BRDA:135,14,0,8
BRDA:135,14,1,7
BRDA:135,14,2,7
BRDA:136,15,0,8
BRDA:136,15,1,8
BRDA:136,15,2,8
BRDA:138,16,0,8
BRDA:138,16,1,8
BRDA:138,16,2,8
BRDA:138,16,3,8
BRDA:139,17,0,8
BRDA:139,17,1,8
BRDA:139,17,2,8
BRDA:145,18,0,0
BRDA:145,18,1,8
BRDA:145,19,0,8
BRDA:145,19,1,1
BRDA:149,20,0,0
BRDA:149,20,1,8
BRDA:149,21,0,8
BRDA:149,21,1,1
BRDA:149,21,2,1
BRDA:157,22,0,0
BRDA:157,22,1,8
BRDA:160,23,0,3
BRDA:160,23,1,5
BRDA:181,24,0,1
BRDA:181,24,1,8
BRDA:187,25,0,0
BRDA:187,25,1,8
BRDA:192,26,0,0
BRDA:192,26,1,8
BRDA:206,27,0,0
BRDA:206,27,1,2
BRDA:209,28,0,2
BRDA:209,28,1,2
BRDA:209,28,2,2
BRDA:211,29,0,2
BRDA:211,29,1,2
BRDA:211,29,2,2
BRDA:212,30,0,0
BRDA:212,30,1,2
BRDA:212,31,0,2
BRDA:212,31,1,0
BRDA:215,32,0,0
BRDA:215,32,1,2
BRDA:244,33,0,2
BRDA:244,33,1,1
BRF:76
BRH:57
end_of_record
TN:
SF:safe-path.ts
FN:4,safeJoin
FN:17,safeResolve
FNF:2
FNH:0
FNDA:0,safeJoin
FNDA:0,safeResolve
DA:5,0
DA:6,0
DA:7,0
DA:9,0
DA:10,0
DA:13,0
DA:18,0
DA:19,0
DA:20,0
DA:22,0
DA:23,0
DA:26,0
LF:12
LH:0
BRDA:6,0,0,0
BRDA:6,0,1,0
BRDA:9,1,0,0
BRDA:9,1,1,0
BRDA:19,2,0,0
BRDA:19,2,1,0
BRDA:22,3,0,0
BRDA:22,3,1,0
BRF:8
BRH:0
end_of_record
TN:
SF:contracts/autopilot-jobs.ts
FN:46,asObject
FN:53,normalizeOptionalString
FN:66,requireNonEmptyString
FN:77,normalizeLimit
FN:85,normalizeMode
FN:94,parseSweepUnreadConversationsJobData
FN:110,buildSweepUnreadConversationsJobData
FNF:7
FNH:6
FNDA:2,asObject
FNDA:8,normalizeOptionalString
FNDA:4,requireNonEmptyString
FNDA:2,normalizeLimit
FNDA:2,normalizeMode
FNDA:2,parseSweepUnreadConversationsJobData
FNDA:0,buildSweepUnreadConversationsJobData
DA:7,6
DA:9,6
DA:47,2
DA:48,0
DA:50,2
DA:54,8
DA:55,2
DA:58,6
DA:63,8
DA:70,4
DA:71,4
DA:72,0
DA:74,4
DA:78,2
DA:79,2
DA:80,0
DA:82,2
DA:86,2
DA:87,2
DA:88,2
DA:90,0
DA:97,2
DA:98,2
DA:99,2
DA:100,2
DA:101,2
DA:102,2
DA:104,2
DA:113,0
LF:29
LH:24
BRDA:47,0,0,0
BRDA:47,0,1,2
BRDA:47,1,0,2
BRDA:47,1,1,2
BRDA:47,1,2,2
BRDA:54,2,0,2
BRDA:54,2,1,6
BRDA:54,3,0,8
BRDA:54,3,1,8
BRDA:58,4,0,6
BRDA:58,4,1,0
BRDA:60,5,0,0
BRDA:60,5,1,0
BRDA:60,6,0,0
BRDA:60,6,1,0
BRDA:63,7,0,6
BRDA:63,7,1,0
BRDA:71,8,0,0
BRDA:71,8,1,4
BRDA:78,9,0,2
BRDA:78,9,1,0
BRDA:79,10,0,0
BRDA:79,10,1,2
BRDA:87,11,0,2
BRDA:87,11,1,0
BRDA:87,12,0,2
BRDA:87,12,1,2
BRDA:104,13,0,0
BRDA:104,13,1,2
BRF:29
BRH:17
end_of_record
TN:
SF:processors/autopilot-processor.ts
FN:31,(anonymous_0)
FNF:1
FNH:0
FNDA:0,(anonymous_0)
DA:25,6
DA:28,6
DA:32,0
DA:33,0
DA:35,0
DA:36,0
DA:37,0
DA:38,0
DA:39,0
DA:40,0
DA:43,0
DA:45,0
DA:46,0
DA:47,0
DA:48,0
DA:49,0
DA:52,0
DA:53,0
DA:54,0
DA:55,0
DA:56,0
DA:59,0
DA:60,0
DA:61,0
DA:62,0
DA:64,0
DA:65,0
DA:66,0
DA:69,0
DA:70,0
DA:71,0
DA:72,0
DA:74,0
DA:75,0
DA:76,0
DA:79,0
DA:80,0
DA:81,0
DA:82,0
DA:83,0
DA:86,0
DA:87,0
DA:88,0
DA:89,0
DA:90,0
DA:93,0
DA:94,0
DA:95,0
DA:96,0
DA:97,0
DA:100,0
DA:101,0
DA:102,0
DA:103,0
DA:104,0
DA:107,0
DA:108,0
DA:109,0
DA:110,0
DA:111,0
DA:114,0
DA:115,0
DA:116,0
DA:117,0
DA:118,0
DA:121,0
DA:122,0
DA:123,0
DA:124,0
DA:126,0
DA:128,0
DA:129,0
DA:130,0
DA:133,0
DA:134,0
DA:135,0
DA:136,0
DA:137,0
DA:140,0
DA:141,0
DA:142,0
DA:143,0
DA:144,0
DA:146,0
DA:147,0
DA:148,0
DA:155,0
DA:156,0
DA:159,0
LF:89
LH:2
BRDA:28,0,0,6
BRDA:28,0,1,0
BRDA:37,1,0,0
BRDA:37,1,1,0
BRDA:45,2,0,0
BRDA:45,2,1,0
BRDA:52,3,0,0
BRDA:52,3,1,0
BRDA:59,4,0,0
BRDA:59,4,1,0
BRDA:61,5,0,0
BRDA:61,5,1,0
BRDA:69,6,0,0
BRDA:69,6,1,0
BRDA:71,7,0,0
BRDA:71,7,1,0
BRDA:79,8,0,0
BRDA:79,8,1,0
BRDA:86,9,0,0
BRDA:86,9,1,0
BRDA:93,10,0,0
BRDA:93,10,1,0
BRDA:100,11,0,0
BRDA:100,11,1,0
BRDA:107,12,0,0
BRDA:107,12,1,0
BRDA:114,13,0,0
BRDA:114,13,1,0
BRDA:121,14,0,0
BRDA:121,14,1,0
BRDA:123,15,0,0
BRDA:123,15,1,0
BRDA:133,16,0,0
BRDA:133,16,1,0
BRDA:146,17,0,0
BRDA:146,17,1,0
BRDA:149,18,0,0
BRDA:149,18,1,0
BRDA:155,19,0,0
BRDA:155,19,1,0
BRF:40
BRH:1
end_of_record
TN:
SF:processors/checkout-social-lead-enrichment.ts
FN:25,processCheckoutSocialLeadEnrichment
FN:145,parseEnrichmentSettings
FN:170,parseStringRecord
FN:175,(anonymous_3)
FN:182,readStringField
FN:200,normalizePhone
FN:205,normalizeCpf
FN:210,isRecord
FN:214,toJsonValue
FN:229,(anonymous_9)
FN:233,(anonymous_10)
FNF:11
FNH:9
FNDA:4,processCheckoutSocialLeadEnrichment
FNDA:3,parseEnrichmentSettings
FNDA:3,parseStringRecord
FNDA:0,(anonymous_3)
FNDA:2,readStringField
FNDA:1,normalizePhone
FNDA:1,normalizeCpf
FNDA:12,isRecord
FNDA:3,toJsonValue
FNDA:0,(anonymous_9)
FNDA:2,(anonymous_10)
DA:9,1
DA:11,1
DA:26,4
DA:42,4
DA:43,1
DA:49,1
DA:52,3
DA:53,4
DA:54,0
DA:60,0
DA:63,3
DA:64,3
DA:81,1
DA:82,0
DA:85,1
DA:86,1
DA:87,1
DA:88,1
DA:90,1
DA:102,1
DA:103,1
DA:127,2
DA:128,2
DA:134,2
DA:140,1
DA:141,2
DA:146,3
DA:147,0
DA:150,3
DA:151,3
DA:152,0
DA:155,3
DA:156,3
DA:157,3
DA:158,0
DA:161,3
DA:171,3
DA:172,3
DA:175,0
DA:177,0
DA:179,0
DA:183,2
DA:184,0
DA:187,2
DA:188,2
DA:189,0
DA:191,2
DA:192,2
DA:193,2
DA:197,0
DA:201,1
DA:202,1
DA:206,1
DA:207,1
DA:211,12
DA:215,3
DA:216,0
DA:218,3
DA:219,2
DA:221,1
DA:222,0
DA:224,1
DA:225,0
DA:228,1
DA:229,0
DA:232,1
DA:233,2
DA:234,1
DA:237,0
LF:69
LH:52
BRDA:42,0,0,1
BRDA:42,0,1,3
BRDA:44,1,0,1
BRDA:44,1,1,0
BRDA:53,2,0,0
BRDA:53,2,1,4
BRDA:68,3,0,3
BRDA:68,3,1,0
BRDA:69,4,0,4
BRDA:69,4,1,3
BRDA:81,5,0,0
BRDA:81,5,1,1
BRDA:93,6,0,1
BRDA:93,6,1,0
BRDA:94,7,0,4
BRDA:94,7,1,0
BRDA:102,8,0,1
BRDA:102,8,1,0
BRDA:113,9,0,1
BRDA:113,9,1,0
BRDA:117,10,0,1
BRDA:117,10,1,0
BRDA:121,11,0,1
BRDA:121,11,1,0
BRDA:132,12,0,2
BRDA:132,12,1,0
BRDA:135,13,0,2
BRDA:135,13,1,0
BRDA:140,14,0,1
BRDA:140,14,1,0
BRDA:146,15,0,0
BRDA:146,15,1,3
BRDA:151,16,0,0
BRDA:151,16,1,3
BRDA:156,17,0,3
BRDA:156,17,1,0
BRDA:157,18,0,0
BRDA:157,18,1,3
BRDA:157,19,0,3
BRDA:157,19,1,3
BRDA:164,20,0,3
BRDA:164,20,1,0
BRDA:165,21,0,1
BRDA:165,21,1,2
BRDA:171,22,0,3
BRDA:171,22,1,0
BRDA:177,23,0,0
BRDA:177,23,1,0
BRDA:179,24,0,0
BRDA:179,24,1,0
BRDA:183,25,0,0
BRDA:183,25,1,2
BRDA:188,26,0,0
BRDA:188,26,1,2
BRDA:192,27,0,2
BRDA:192,27,1,0
BRDA:192,28,0,2
BRDA:192,28,1,2
BRDA:201,29,0,1
BRDA:201,29,1,0
BRDA:202,30,0,1
BRDA:202,30,1,0
BRDA:206,31,0,1
BRDA:206,31,1,0
BRDA:207,32,0,1
BRDA:207,32,1,0
BRDA:211,33,0,12
BRDA:211,33,1,9
BRDA:211,33,2,9
BRDA:215,34,0,0
BRDA:215,34,1,3
BRDA:218,35,0,2
BRDA:218,35,1,1
BRDA:221,36,0,0
BRDA:221,36,1,1
BRDA:224,37,0,0
BRDA:224,37,1,1
BRDA:228,38,0,0
BRDA:228,38,1,1
BRDA:232,39,0,1
BRDA:232,39,1,0
BRF:81
BRH:46
end_of_record
TN:
SF:processors/prepaid-wallet-errors.ts
FN:18,(anonymous_0)
FN:45,(anonymous_1)
FNF:2
FNH:1
FNDA:0,(anonymous_0)
FNDA:1,(anonymous_1)
DA:19,0
DA:20,0
DA:21,0
DA:46,1
DA:49,1
DA:50,1
DA:51,1
DA:52,1
LF:8
LH:5
BRF:0
BRH:0
end_of_record
TN:
SF:processors/prepaid-wallet-settlement.ts
FN:107,(anonymous_0)
FN:120,(anonymous_1)
FN:153,(anonymous_2)
FN:179,(anonymous_3)
FN:200,(anonymous_4)
FN:221,(anonymous_5)
FN:237,(anonymous_6)
FN:259,(anonymous_7)
FN:287,(anonymous_8)
FN:349,(anonymous_9)
FN:359,(anonymous_10)
FNF:11
FNH:11
FNDA:1,(anonymous_0)
FNDA:4,(anonymous_1)
FNDA:1,(anonymous_2)
FNDA:3,(anonymous_3)
FNDA:3,(anonymous_4)
FNDA:3,(anonymous_5)
FNDA:2,(anonymous_6)
FNDA:1,(anonymous_7)
FNDA:3,(anonymous_8)
FNDA:3,(anonymous_9)
FNDA:3,(anonymous_10)
DA:13,1
DA:14,1
DA:15,1
DA:16,1
DA:17,1
DA:18,1
DA:19,1
DA:107,1
DA:120,1
DA:121,4
DA:122,0
DA:123,0
DA:126,0
DA:129,4
DA:130,1
DA:131,0
DA:134,1
DA:137,3
DA:138,0
DA:141,3
DA:153,1
DA:154,1
DA:155,1
DA:159,1
DA:163,1
DA:165,1
DA:179,1
DA:184,3
DA:200,1
DA:205,3
DA:221,1
DA:222,3
DA:237,1
DA:241,2
DA:242,1
DA:245,1
DA:259,1
DA:265,1
DA:287,1
DA:291,3
DA:292,3
DA:294,3
DA:295,3
DA:296,0
DA:299,3
DA:300,3
DA:301,0
DA:304,3
DA:307,3
DA:308,0
DA:311,3
DA:312,3
DA:313,3
DA:314,1
DA:317,2
DA:319,2
DA:324,1
DA:349,1
DA:353,3
DA:354,0
DA:359,3
LF:61
LH:52
BRDA:121,0,0,0
BRDA:121,0,1,4
BRDA:122,1,0,0
BRDA:122,1,1,0
BRDA:129,2,0,1
BRDA:129,2,1,3
BRDA:130,3,0,0
BRDA:130,3,1,1
BRDA:130,4,0,1
BRDA:130,4,1,1
BRDA:137,5,0,0
BRDA:137,5,1,3
BRDA:222,6,0,3
BRDA:222,6,1,0
BRDA:241,7,0,1
BRDA:241,7,1,1
BRDA:241,8,0,2
BRDA:241,8,1,1
BRDA:245,9,0,0
BRDA:245,9,1,1
BRDA:272,10,0,1
BRDA:272,10,1,0
BRDA:295,11,0,0
BRDA:295,11,1,3
BRDA:300,12,0,0
BRDA:300,12,1,3
BRDA:307,13,0,0
BRDA:307,13,1,3
BRDA:313,14,0,1
BRDA:313,14,1,2
BRDA:351,15,0,3
BRDA:353,16,0,0
BRDA:353,16,1,3
BRF:33
BRH:21
end_of_record
TN:
SF:processors/__companions__/autopilot-core.companion.ts
FN:290,notifyBillingSuspended
FN:329,reportSmokeTest
FN:345,countReplyWords
FN:353,isRecentLiveConversation
FN:359,(anonymous_4)
FN:363,(anonymous_5)
FN:364,(anonymous_6)
FN:373,computeReplyStyleBudget
FN:405,finalizeReplyStyle
FN:425,(anonymous_9)
FN:463,buildMirroredReplyPlanFallback
FN:475,(anonymous_11)
FN:488,(anonymous_12)
FN:500,buildQuotedReplyPlan
FN:506,(anonymous_14)
FN:510,(anonymous_15)
FN:516,(anonymous_16)
FN:539,(anonymous_17)
FN:557,(anonymous_18)
FN:571,decideActionSafe
FN:582,(anonymous_20)
FN:582,(anonymous_21)
FN:674,normalizeAction
FN:704,isAutonomousEnabled
FN:721,isCiaAutonomyMode
FN:726,isExplicitProactiveOutreachAllowed
FN:740,isCiaProactiveCycleEnabled
FN:760,loadWorkspaceGlobalStrategy
FN:765,(anonymous_28)
FN:795,normalizeMatchableText
FN:805,messageMatchesProductText
FN:815,(anonymous_31)
FN:817,(anonymous_32)
FN:820,findWorkspaceProductMatches
FN:846,(anonymous_34)
FN:850,(anonymous_35)
FN:859,(anonymous_36)
FN:864,(anonymous_37)
FN:869,buildPendingMessageBatch
FN:955,(anonymous_39)
FN:990,(anonymous_40)
FN:993,(anonymous_41)
FN:1000,(anonymous_42)
FN:1007,(anonymous_43)
FN:1032,(anonymous_44)
FN:1033,(anonymous_45)
FN:1053,(anonymous_46)
FN:1096,(anonymous_47)
FN:1107,(anonymous_48)
FN:1108,(anonymous_49)
FN:1110,(anonymous_50)
FN:1115,(anonymous_51)
FN:1119,resolveLatestQuotedMessageId
FN:1157,runSweepUnreadConversations
FN:1172,(anonymous_54)
FN:1179,(anonymous_55)
FN:1219,(anonymous_56)
FN:1226,(anonymous_57)
FN:1227,(anonymous_58)
FN:1278,(anonymous_59)
FN:1328,normalizeCatalogPhone
FN:1335,expandComparablePhoneVariants
FN:1352,resolveWorkspaceSelfIdentity
FN:1366,(anonymous_63)
FN:1373,(anonymous_64)
FN:1384,(anonymous_65)
FN:1415,isWorkspaceSelfPhone
FN:1422,(anonymous_67)
FN:1425,isWorkspaceSelfTarget
FN:1444,(anonymous_69)
FN:1452,(anonymous_70)
FN:1459,buildLidMap
FN:1478,resolveCanonicalChatId
FN:1497,resolveCatalogPhoneFromChatId
FN:1501,resolveLastMessageFromMe
FN:1514,isIndividualWahaChatId
FN:1533,resolveCatalogChatActivityTimestamp
FN:1564,extractCatalogChatName
FN:1595,isPlaceholderCatalogName
FN:1623,resolveTrustedCatalogName
FN:1637,extractTrustedNameFromRemoteMessage
FN:1657,extractTrustedNameFromMessageText
FN:1682,extractRemoteMessageText
FN:1699,buildConversationLedger
FN:1715,(anonymous_84)
FN:1732,(anonymous_85)
FN:1795,ensureTrustedContactProfile
FN:1843,(anonymous_87)
FN:1872,(anonymous_88)
FN:1899,(anonymous_89)
FN:1906,(anonymous_90)
FN:1938,(anonymous_91)
FN:1948,(anonymous_92)
FN:1949,(anonymous_93)
FN:1994,(anonymous_94)
FN:2028,(anonymous_95)
FN:2038,(anonymous_96)
FN:2066,(anonymous_97)
FN:2076,scoreToProbabilityBucket
FN:2089,normalizeJsonObject
FN:2096,extractFirstJsonObject
FN:2117,scheduleCatalogContactsJob
FN:2148,getRemoteUnreadChatSnapshot
FN:2166,(anonymous_103)
FN:2167,(anonymous_104)
FN:2170,(anonymous_105)
FN:2188,(anonymous_106)
FN:2226,(anonymous_107)
FN:2227,(anonymous_108)
FN:2230,(anonymous_109)
FN:2238,(anonymous_110)
FN:2241,(anonymous_111)
FN:2245,(anonymous_112)
FN:2260,(anonymous_113)
FN:2269,seedRemoteUnreadConversationShells
FN:2282,(anonymous_115)
FN:2304,(anonymous_116)
FN:2352,scheduleBacklogContinuation
FN:2389,setWorkspaceSilentLiveMode
FN:2442,finalizeBacklogIntoSilentCatalog
FN:2494,(anonymous_120)
FN:2512,(anonymous_121)
FN:2521,(anonymous_122)
FN:2571,maybeEscalateToHumanControl
FN:2708,findConversationAutomationState
FN:2736,lockConversationForHumanReview
FN:2757,resolveScanDeliveryMode
FN:2768,getSharedReplyLockKey
FN:2778,runScanContact
FN:2860,(anonymous_129)
FN:2873,(anonymous_130)
FN:3770,(anonymous_131)
FN:3787,(anonymous_132)
FN:3814,(anonymous_133)
FN:3815,(anonymous_134)
FN:3838,(anonymous_135)
FN:3846,(anonymous_136)
FN:3869,fetchConversationHistory
FN:3903,fetchCompressedContactContext
FN:3944,getKbContext
FN:3969,(anonymous_140)
FN:3980,generatePitchSafe
FN:4000,generateAutonomousFallbackResponse
FN:4046,(anonymous_143)
FN:4131,computePersistentCognitiveState
FN:4175,computeCognitiveRewardSignal
FN:4206,buildCognitiveMessage
FN:4289,normalizeAutonomyLedgerValue
FN:4295,(anonymous_148)
FN:4301,(anonymous_149)
FN:4310,buildAutonomyExecutionKey
FN:4334,isAutonomyExecutionDuplicate
FN:4344,beginAutonomyExecution
FN:4422,finishAutonomyExecution
FN:4449,dispatchAutonomousTextMessage
FN:4474,normalizeOutboundMessageForDedupe
FN:4483,findRecentDuplicateOutbound
FN:4515,(anonymous_157)
FN:4521,dispatchAutonomousReplyPlan
FN:4533,(anonymous_159)
FN:4538,(anonymous_160)
FN:4561,(anonymous_161)
FN:4573,(anonymous_162)
FN:4579,executeAction
FN:5230,sendDirectAutopilotText
FN:5336,(anonymous_165)
FN:5618,(anonymous_166)
FN:5739,persistFallbackMessage
FN:5823,buildMessage
FN:5947,ensureCompliance
FN:5986,(anonymous_170)
FN:6013,runFollowupContact
FN:6191,(anonymous_172)
FN:6233,buildWorkspaceConfig
FN:6258,checkRateLimits
FN:6294,logAutopilotAction
FN:6351,acquireCiaContactLock
FN:6379,releaseCiaContactLock
FN:6390,mapOpportunityBucket
FN:6400,classifyOpportunityCandidate
FN:6506,buildCompressedOpportunityContext
FN:6521,(anonymous_181)
FN:6522,(anonymous_182)
FN:6540,upsertCatalogConversationShell
FN:6597,maybeScoreContactWithAi
FN:6754,(anonymous_185)
FN:6763,(anonymous_186)
FN:6767,(anonymous_187)
FN:6800,buildHeuristicCatalogScore
FN:6810,(anonymous_189)
FN:6967,inferHeuristicDemographics
FN:7021,runCatalogContacts
FN:7037,(anonymous_192)
FN:7044,(anonymous_193)
FN:7053,(anonymous_194)
FN:7081,(anonymous_195)
FN:7082,(anonymous_196)
FN:7117,(anonymous_197)
FN:7126,(anonymous_198)
FN:7157,(anonymous_199)
FN:7223,(anonymous_200)
FN:7239,(anonymous_201)
FN:7330,runScoreContact
FN:7379,(anonymous_203)
FN:7384,(anonymous_204)
FN:7385,(anonymous_205)
FN:7397,(anonymous_206)
FN:7400,(anonymous_207)
FN:7413,(anonymous_208)
FN:7414,(anonymous_209)
FN:7422,(anonymous_210)
FN:7606,refreshOpportunityUniverse
FN:7654,(anonymous_212)
FN:7656,(anonymous_213)
FN:7676,(anonymous_214)
FN:7680,(anonymous_215)
FN:7687,(anonymous_216)
FN:7712,(anonymous_217)
FN:7828,(anonymous_218)
FN:7877,persistCiaCycleProof
FN:7897,(anonymous_220)
FN:7932,listCanonicalWorkItems
FN:7945,persistAccountProofSnapshot
FN:7964,(anonymous_223)
FN:7967,(anonymous_224)
FN:8004,createConversationProofSnapshotDraft
FN:8025,(anonymous_226)
FN:8054,finalizeConversationProofSnapshot
FN:8082,runCiaCycleAll
FN:8088,(anonymous_229)
FN:8100,runCiaCycleWorkspace
FN:8147,(anonymous_231)
FN:8268,(anonymous_232)
FN:8309,(anonymous_233)
FN:8388,(anonymous_234)
FN:8401,(anonymous_235)
FN:8440,runCiaAction
FN:8808,runCiaSelfImproveAll
FN:8814,(anonymous_238)
FN:8823,runCiaSelfImproveWorkspace
FN:8843,runCiaGlobalLearningAll
FN:8849,(anonymous_241)
FN:8854,(anonymous_242)
FN:8867,(anonymous_243)
FN:8883,(anonymous_244)
FN:8887,(anonymous_245)
FN:8921,runCycleAll
FN:8926,(anonymous_247)
FN:8950,runCycleWorkspace
FN:8989,(anonymous_249)
FN:9017,(anonymous_250)
FN:9018,(anonymous_251)
FN:9034,(anonymous_252)
FN:9037,(anonymous_253)
FN:9037,(anonymous_254)
FN:9039,(anonymous_255)
FN:9040,(anonymous_256)
FN:9042,(anonymous_257)
FN:9058,(anonymous_258)
FN:9060,(anonymous_259)
FN:9064,(anonymous_260)
FN:9065,(anonymous_261)
FN:9087,(anonymous_262)
FN:9134,(anonymous_263)
FN:9169,(anonymous_264)
FN:9236,sendAudioResponse
FN:9337,(anonymous_266)
FNF:267
FNH:135
FNDA:0,notifyBillingSuspended
FNDA:21,reportSmokeTest
FNDA:0,countReplyWords
FNDA:6,isRecentLiveConversation
FNDA:8,(anonymous_4)
FNDA:8,(anonymous_5)
FNDA:2,(anonymous_6)
FNDA:0,computeReplyStyleBudget
FNDA:0,finalizeReplyStyle
FNDA:0,(anonymous_9)
FNDA:0,buildMirroredReplyPlanFallback
FNDA:0,(anonymous_11)
FNDA:0,(anonymous_12)
FNDA:0,buildQuotedReplyPlan
FNDA:0,(anonymous_14)
FNDA:0,(anonymous_15)
FNDA:0,(anonymous_16)
FNDA:0,(anonymous_17)
FNDA:0,(anonymous_18)
FNDA:0,decideActionSafe
FNDA:0,(anonymous_20)
FNDA:0,(anonymous_21)
FNDA:0,normalizeAction
FNDA:16,isAutonomousEnabled
FNDA:1,isCiaAutonomyMode
FNDA:7,isExplicitProactiveOutreachAllowed
FNDA:1,isCiaProactiveCycleEnabled
FNDA:1,loadWorkspaceGlobalStrategy
FNDA:0,(anonymous_28)
FNDA:19,normalizeMatchableText
FNDA:10,messageMatchesProductText
FNDA:30,(anonymous_31)
FNDA:18,(anonymous_32)
FNDA:9,findWorkspaceProductMatches
FNDA:5,(anonymous_34)
FNDA:0,(anonymous_35)
FNDA:10,(anonymous_36)
FNDA:4,(anonymous_37)
FNDA:12,buildPendingMessageBatch
FNDA:17,(anonymous_39)
FNDA:11,(anonymous_40)
FNDA:0,(anonymous_41)
FNDA:0,(anonymous_42)
FNDA:0,(anonymous_43)
FNDA:0,(anonymous_44)
FNDA:0,(anonymous_45)
FNDA:0,(anonymous_46)
FNDA:12,(anonymous_47)
FNDA:17,(anonymous_48)
FNDA:17,(anonymous_49)
FNDA:17,(anonymous_50)
FNDA:17,(anonymous_51)
FNDA:11,resolveLatestQuotedMessageId
FNDA:2,runSweepUnreadConversations
FNDA:0,(anonymous_54)
FNDA:0,(anonymous_55)
FNDA:6,(anonymous_56)
FNDA:5,(anonymous_57)
FNDA:3,(anonymous_58)
FNDA:4,(anonymous_59)
FNDA:141,normalizeCatalogPhone
FNDA:93,expandComparablePhoneVariants
FNDA:25,resolveWorkspaceSelfIdentity
FNDA:0,(anonymous_63)
FNDA:0,(anonymous_64)
FNDA:150,(anonymous_65)
FNDA:40,isWorkspaceSelfPhone
FNDA:77,(anonymous_67)
FNDA:40,isWorkspaceSelfTarget
FNDA:0,(anonymous_69)
FNDA:0,(anonymous_70)
FNDA:2,buildLidMap
FNDA:0,resolveCanonicalChatId
FNDA:0,resolveCatalogPhoneFromChatId
FNDA:0,resolveLastMessageFromMe
FNDA:0,isIndividualWahaChatId
FNDA:0,resolveCatalogChatActivityTimestamp
FNDA:0,extractCatalogChatName
FNDA:88,isPlaceholderCatalogName
FNDA:25,resolveTrustedCatalogName
FNDA:0,extractTrustedNameFromRemoteMessage
FNDA:0,extractTrustedNameFromMessageText
FNDA:0,extractRemoteMessageText
FNDA:0,buildConversationLedger
FNDA:0,(anonymous_84)
FNDA:0,(anonymous_85)
FNDA:14,ensureTrustedContactProfile
FNDA:0,(anonymous_87)
FNDA:0,(anonymous_88)
FNDA:26,(anonymous_89)
FNDA:26,(anonymous_90)
FNDA:13,(anonymous_91)
FNDA:0,(anonymous_92)
FNDA:0,(anonymous_93)
FNDA:0,(anonymous_94)
FNDA:0,(anonymous_95)
FNDA:0,(anonymous_96)
FNDA:0,(anonymous_97)
FNDA:0,scoreToProbabilityBucket
FNDA:58,normalizeJsonObject
FNDA:0,extractFirstJsonObject
FNDA:0,scheduleCatalogContactsJob
FNDA:2,getRemoteUnreadChatSnapshot
FNDA:2,(anonymous_103)
FNDA:0,(anonymous_104)
FNDA:0,(anonymous_105)
FNDA:0,(anonymous_106)
FNDA:0,(anonymous_107)
FNDA:0,(anonymous_108)
FNDA:0,(anonymous_109)
FNDA:0,(anonymous_110)
FNDA:0,(anonymous_111)
FNDA:0,(anonymous_112)
FNDA:0,(anonymous_113)
FNDA:0,seedRemoteUnreadConversationShells
FNDA:0,(anonymous_115)
FNDA:0,(anonymous_116)
FNDA:0,scheduleBacklogContinuation
FNDA:0,setWorkspaceSilentLiveMode
FNDA:0,finalizeBacklogIntoSilentCatalog
FNDA:0,(anonymous_120)
FNDA:0,(anonymous_121)
FNDA:0,(anonymous_122)
FNDA:11,maybeEscalateToHumanControl
FNDA:13,findConversationAutomationState
FNDA:2,lockConversationForHumanReview
FNDA:12,resolveScanDeliveryMode
FNDA:11,getSharedReplyLockKey
FNDA:12,runScanContact
FNDA:0,(anonymous_129)
FNDA:0,(anonymous_130)
FNDA:0,(anonymous_131)
FNDA:0,(anonymous_132)
FNDA:10,(anonymous_133)
FNDA:10,(anonymous_134)
FNDA:0,(anonymous_135)
FNDA:0,(anonymous_136)
FNDA:0,fetchConversationHistory
FNDA:0,fetchCompressedContactContext
FNDA:0,getKbContext
FNDA:0,(anonymous_140)
FNDA:0,generatePitchSafe
FNDA:0,generateAutonomousFallbackResponse
FNDA:0,(anonymous_143)
FNDA:9,computePersistentCognitiveState
FNDA:2,computeCognitiveRewardSignal
FNDA:1,buildCognitiveMessage
FNDA:234,normalizeAutonomyLedgerValue
FNDA:20,(anonymous_148)
FNDA:203,(anonymous_149)
FNDA:11,buildAutonomyExecutionKey
FNDA:1,isAutonomyExecutionDuplicate
FNDA:11,beginAutonomyExecution
FNDA:10,finishAutonomyExecution
FNDA:8,dispatchAutonomousTextMessage
FNDA:15,normalizeOutboundMessageForDedupe
FNDA:8,findRecentDuplicateOutbound
FNDA:7,(anonymous_157)
FNDA:8,dispatchAutonomousReplyPlan
FNDA:7,(anonymous_159)
FNDA:7,(anonymous_160)
FNDA:8,(anonymous_161)
FNDA:8,(anonymous_162)
FNDA:2,executeAction
FNDA:9,sendDirectAutopilotText
FNDA:0,(anonymous_165)
FNDA:6,(anonymous_166)
FNDA:0,persistFallbackMessage
FNDA:2,buildMessage
FNDA:11,ensureCompliance
FNDA:0,(anonymous_170)
FNDA:4,runFollowupContact
FNDA:3,(anonymous_172)
FNDA:2,buildWorkspaceConfig
FNDA:9,checkRateLimits
FNDA:18,logAutopilotAction
FNDA:1,acquireCiaContactLock
FNDA:1,releaseCiaContactLock
FNDA:1,mapOpportunityBucket
FNDA:1,classifyOpportunityCandidate
FNDA:1,buildCompressedOpportunityContext
FNDA:1,(anonymous_181)
FNDA:1,(anonymous_182)
FNDA:0,upsertCatalogConversationShell
FNDA:0,maybeScoreContactWithAi
FNDA:0,(anonymous_185)
FNDA:0,(anonymous_186)
FNDA:0,(anonymous_187)
FNDA:0,buildHeuristicCatalogScore
FNDA:0,(anonymous_189)
FNDA:0,inferHeuristicDemographics
FNDA:0,runCatalogContacts
FNDA:0,(anonymous_192)
FNDA:0,(anonymous_193)
FNDA:0,(anonymous_194)
FNDA:0,(anonymous_195)
FNDA:0,(anonymous_196)
FNDA:0,(anonymous_197)
FNDA:0,(anonymous_198)
FNDA:0,(anonymous_199)
FNDA:0,(anonymous_200)
FNDA:0,(anonymous_201)
FNDA:0,runScoreContact
FNDA:0,(anonymous_203)
FNDA:0,(anonymous_204)
FNDA:0,(anonymous_205)
FNDA:0,(anonymous_206)
FNDA:0,(anonymous_207)
FNDA:0,(anonymous_208)
FNDA:0,(anonymous_209)
FNDA:0,(anonymous_210)
FNDA:1,refreshOpportunityUniverse
FNDA:4,(anonymous_212)
FNDA:4,(anonymous_213)
FNDA:4,(anonymous_214)
FNDA:1,(anonymous_215)
FNDA:1,(anonymous_216)
FNDA:0,(anonymous_217)
FNDA:0,(anonymous_218)
FNDA:1,persistCiaCycleProof
FNDA:2,(anonymous_220)
FNDA:1,listCanonicalWorkItems
FNDA:1,persistAccountProofSnapshot
FNDA:3,(anonymous_223)
FNDA:3,(anonymous_224)
FNDA:1,createConversationProofSnapshotDraft
FNDA:1,(anonymous_226)
FNDA:1,finalizeConversationProofSnapshot
FNDA:0,runCiaCycleAll
FNDA:0,(anonymous_229)
FNDA:1,runCiaCycleWorkspace
FNDA:1,(anonymous_231)
FNDA:3,(anonymous_232)
FNDA:3,(anonymous_233)
FNDA:3,(anonymous_234)
FNDA:3,(anonymous_235)
FNDA:1,runCiaAction
FNDA:0,runCiaSelfImproveAll
FNDA:0,(anonymous_238)
FNDA:0,runCiaSelfImproveWorkspace
FNDA:1,runCiaGlobalLearningAll
FNDA:2,(anonymous_241)
FNDA:2,(anonymous_242)
FNDA:0,(anonymous_243)
FNDA:2,(anonymous_244)
FNDA:2,(anonymous_245)
FNDA:0,runCycleAll
FNDA:0,(anonymous_247)
FNDA:1,runCycleWorkspace
FNDA:0,(anonymous_249)
FNDA:2,(anonymous_250)
FNDA:2,(anonymous_251)
FNDA:1,(anonymous_252)
FNDA:2,(anonymous_253)
FNDA:2,(anonymous_254)
FNDA:2,(anonymous_255)
FNDA:2,(anonymous_256)
FNDA:9,(anonymous_257)
FNDA:0,(anonymous_258)
FNDA:1,(anonymous_259)
FNDA:1,(anonymous_260)
FNDA:1,(anonymous_261)
FNDA:2,(anonymous_262)
FNDA:2,(anonymous_263)
FNDA:12,(anonymous_264)
FNDA:0,sendAudioResponse
FNDA:0,(anonymous_266)
DA:121,6
DA:122,6
DA:123,6
DA:124,6
DA:125,6
DA:126,6
DA:127,6
DA:128,6
DA:129,6
DA:130,6
DA:131,6
DA:133,6
DA:134,6
DA:135,6
DA:136,6
DA:138,6
DA:140,6
DA:141,6
DA:142,6
DA:143,6
DA:144,6
DA:145,6
DA:146,6
DA:147,6
DA:148,6
DA:149,6
DA:151,6
DA:153,6
DA:155,6
DA:157,6
DA:159,6
DA:160,6
DA:162,6
DA:163,6
DA:164,6
DA:166,6
DA:167,6
DA:168,6
DA:169,6
DA:170,6
DA:171,6
DA:172,6
DA:173,6
DA:174,6
DA:175,6
DA:176,6
DA:177,6
DA:179,6
DA:180,6
DA:181,6
DA:183,6
DA:185,6
DA:189,6
DA:193,6
DA:194,6
DA:195,6
DA:196,6
DA:197,6
DA:201,6
DA:205,6
DA:209,6
DA:213,6
DA:217,6
DA:221,6
DA:225,6
DA:229,6
DA:233,6
DA:237,6
DA:241,6
DA:245,6
DA:249,6
DA:253,6
DA:285,6
DA:291,0
DA:292,0
DA:294,0
DA:295,0
DA:308,0
DA:309,0
DA:330,21
DA:331,21
DA:333,0
DA:346,0
DA:350,0
DA:354,6
DA:355,0
DA:358,6
DA:360,8
DA:361,8
DA:363,8
DA:364,2
DA:366,6
DA:367,0
DA:370,6
DA:381,0
DA:382,0
DA:383,0
DA:388,0
DA:389,0
DA:390,0
DA:393,0
DA:394,0
DA:395,0
DA:398,0
DA:410,0
DA:415,0
DA:416,0
DA:419,0
DA:420,0
DA:421,0
DA:423,0
DA:425,0
DA:428,0
DA:433,0
DA:437,0
DA:438,0
DA:440,0
DA:441,0
DA:442,0
DA:443,0
DA:444,0
DA:445,0
DA:448,0
DA:449,0
DA:452,0
DA:453,0
DA:456,0
DA:457,0
DA:460,0
DA:468,0
DA:473,0
DA:475,0
DA:478,0
DA:479,0
DA:488,0
DA:490,0
DA:493,0
DA:505,0
DA:506,0
DA:510,0
DA:512,0
DA:513,0
DA:516,0
DA:518,0
DA:519,0
DA:522,0
DA:523,0
DA:524,0
DA:527,0
DA:528,0
DA:529,0
DA:539,0
DA:545,0
DA:550,0
DA:551,0
DA:553,0
DA:554,0
DA:557,0
DA:564,0
DA:567,0
DA:578,0
DA:579,0
DA:582,0
DA:584,0
DA:586,0
DA:588,0
DA:589,0
DA:596,0
DA:597,0
DA:604,0
DA:605,0
DA:612,0
DA:613,0
DA:615,0
DA:616,0
DA:620,0
DA:621,0
DA:622,0
DA:625,0
DA:626,0
DA:627,0
DA:633,0
DA:634,0
DA:635,0
DA:637,0
DA:640,0
DA:655,0
DA:656,0
DA:657,0
DA:658,0
DA:668,0
DA:669,0
DA:670,0
DA:675,0
DA:676,0
DA:689,0
DA:690,0
DA:692,0
DA:693,0
DA:695,0
DA:696,0
DA:698,0
DA:699,0
DA:701,0
DA:705,16
DA:706,16
DA:707,0
DA:709,16
DA:710,0
DA:712,16
DA:713,1
DA:715,15
DA:716,0
DA:718,15
DA:722,1
DA:723,1
DA:727,7
DA:731,7
DA:732,2
DA:735,5
DA:741,1
DA:742,1
DA:745,0
DA:749,1
DA:750,0
DA:753,0
DA:754,0
DA:757,0
DA:764,1
DA:765,1
DA:766,1
DA:767,1
DA:774,0
DA:775,0
DA:778,0
DA:784,0
DA:787,0
DA:796,19
DA:806,10
DA:807,10
DA:808,0
DA:811,10
DA:812,0
DA:815,30
DA:817,18
DA:824,9
DA:825,9
DA:826,0
DA:829,9
DA:845,9
DA:846,5
DA:850,0
DA:856,9
DA:860,10
DA:864,4
DA:877,12
DA:879,12
DA:892,12
DA:893,0
DA:905,12
DA:906,12
DA:908,12
DA:909,0
DA:912,12
DA:919,1
DA:922,11
DA:932,11
DA:955,11
DA:956,17
DA:958,11
DA:971,12
DA:972,12
DA:977,12
DA:990,12
DA:992,12
DA:993,0
DA:994,0
DA:1000,0
DA:1002,0
DA:1003,0
DA:1006,0
DA:1007,0
DA:1032,0
DA:1035,0
DA:1039,0
DA:1040,0
DA:1041,0
DA:1042,0
DA:1043,0
DA:1048,0
DA:1049,0
DA:1050,0
DA:1053,0
DA:1055,0
DA:1061,0
DA:1062,0
DA:1063,0
DA:1064,0
DA:1065,0
DA:1067,0
DA:1068,0
DA:1070,0
DA:1071,0
DA:1075,0
DA:1079,0
DA:1080,0
DA:1081,0
DA:1082,0
DA:1084,0
DA:1088,11
DA:1089,0
DA:1093,11
DA:1096,12
DA:1099,12
DA:1107,17
DA:1108,17
DA:1110,17
DA:1115,17
DA:1127,11
DA:1131,11
DA:1132,0
DA:1135,11
DA:1152,11
DA:1153,11
DA:1158,2
DA:1159,2
DA:1160,2
DA:1164,2
DA:1165,2
DA:1167,2
DA:1168,2
DA:1172,0
DA:1174,2
DA:1175,0
DA:1180,0
DA:1181,0
DA:1185,2
DA:1218,2
DA:1221,6
DA:1226,5
DA:1228,3
DA:1229,3
DA:1230,3
DA:1231,0
DA:1232,0
DA:1233,0
DA:1236,3
DA:1240,2
DA:1247,2
DA:1248,0
DA:1254,0
DA:1259,0
DA:1262,2
DA:1278,2
DA:1279,4
DA:1281,4
DA:1295,4
DA:1322,2
DA:1329,141
DA:1336,93
DA:1337,93
DA:1338,12
DA:1341,81
DA:1342,81
DA:1343,80
DA:1345,81
DA:1346,0
DA:1349,81
DA:1356,25
DA:1357,25
DA:1358,25
DA:1359,0
DA:1362,25
DA:1365,25
DA:1366,0
DA:1369,25
DA:1370,25
DA:1371,0
DA:1373,0
DA:1376,25
DA:1384,150
DA:1388,25
DA:1400,25
DA:1405,25
DA:1406,0
DA:1412,25
DA:1419,40
DA:1420,40
DA:1422,77
DA:1430,40
DA:1431,40
DA:1432,0
DA:1435,40
DA:1436,2
DA:1439,38
DA:1440,40
DA:1441,27
DA:1444,11
DA:1445,0
DA:1446,0
DA:1447,0
DA:1450,0
DA:1453,0
DA:1462,2
DA:1464,2
DA:1465,0
DA:1466,0
DA:1467,0
DA:1468,0
DA:1471,0
DA:1472,0
DA:1475,2
DA:1479,0
DA:1480,0
DA:1481,0
DA:1484,0
DA:1486,0
DA:1489,0
DA:1490,0
DA:1494,0
DA:1498,0
DA:1502,0
DA:1503,0
DA:1505,0
DA:1506,0
DA:1508,0
DA:1509,0
DA:1511,0
DA:1515,0
DA:1518,0
DA:1519,0
DA:1521,0
DA:1522,0
DA:1524,0
DA:1525,0
DA:1527,0
DA:1528,0
DA:1530,0
DA:1534,0
DA:1546,0
DA:1547,0
DA:1548,0
DA:1550,0
DA:1551,0
DA:1552,0
DA:1555,0
DA:1556,0
DA:1557,0
DA:1561,0
DA:1565,0
DA:1566,0
DA:1576,0
DA:1577,0
DA:1578,0
DA:1580,0
DA:1587,0
DA:1588,0
DA:1592,0
DA:1596,88
DA:1597,88
DA:1598,88
DA:1600,88
DA:1601,74
DA:1604,14
DA:1605,0
DA:1608,14
DA:1609,0
DA:1612,14
DA:1613,0
DA:1616,14
DA:1617,13
DA:1620,1
DA:1627,25
DA:1628,88
DA:1629,88
DA:1630,1
DA:1634,24
DA:1641,0
DA:1658,0
DA:1661,0
DA:1662,0
DA:1665,0
DA:1667,0
DA:1668,0
DA:1669,0
DA:1670,0
DA:1673,0
DA:1674,0
DA:1675,0
DA:1679,0
DA:1683,0
DA:1703,0
DA:1704,0
DA:1710,0
DA:1711,0
DA:1712,0
DA:1714,0
DA:1716,0
DA:1719,0
DA:1720,0
DA:1723,0
DA:1724,0
DA:1725,0
DA:1729,0
DA:1730,0
DA:1732,0
DA:1734,0
DA:1735,0
DA:1736,0
DA:1741,0
DA:1742,0
DA:1743,0
DA:1746,0
DA:1747,0
DA:1748,0
DA:1751,0
DA:1752,0
DA:1753,0
DA:1756,0
DA:1757,0
DA:1759,0
DA:1760,0
DA:1762,0
DA:1763,0
DA:1765,0
DA:1766,0
DA:1768,0
DA:1769,0
DA:1772,0
DA:1777,0
DA:1789,0
DA:1807,14
DA:1808,14
DA:1810,14
DA:1811,0
DA:1843,0
DA:1846,0
DA:1847,0
DA:1854,0
DA:1862,14
DA:1872,0
DA:1873,1
DA:1875,14
DA:1876,14
DA:1885,14
DA:1898,14
DA:1899,13
DA:1900,26
DA:1906,26
DA:1908,26
DA:1909,26
DA:1912,0
DA:1913,0
DA:1917,0
DA:1921,0
DA:1922,0
DA:1923,0
DA:1927,0
DA:1928,0
DA:1930,0
DA:1934,14
DA:1935,13
DA:1936,13
DA:1938,13
DA:1940,13
DA:1941,0
DA:1942,0
DA:1947,0
DA:1948,0
DA:1949,0
DA:1952,0
DA:1953,0
DA:1956,0
DA:1968,0
DA:1969,0
DA:1974,14
DA:1975,13
DA:1995,0
DA:1996,0
DA:1999,13
DA:2006,1
DA:2029,0
DA:2030,0
DA:2033,1
DA:2039,0
DA:2040,0
DA:2043,1
DA:2044,0
DA:2066,0
DA:2069,1
DA:2077,0
DA:2078,0
DA:2080,0
DA:2081,0
DA:2083,0
DA:2084,0
DA:2086,0
DA:2090,58
DA:2091,50
DA:2093,8
DA:2097,0
DA:2098,0
DA:2099,0
DA:2102,0
DA:2103,0
DA:2105,0
DA:2106,0
DA:2107,0
DA:2109,0
DA:2110,0
DA:2112,0
DA:2121,0
DA:2122,0
DA:2134,0
DA:2137,0
DA:2140,0
DA:2141,0
DA:2142,0
DA:2144,0
DA:2164,2
DA:2166,2
DA:2167,2
DA:2169,2
DA:2171,0
DA:2172,0
DA:2173,0
DA:2174,0
DA:2175,0
DA:2177,0
DA:2190,0
DA:2200,2
DA:2214,2
DA:2215,0
DA:2216,0
DA:2224,2
DA:2225,2
DA:2226,0
DA:2227,0
DA:2230,2
DA:2231,0
DA:2232,0
DA:2238,0
DA:2240,0
DA:2241,0
DA:2245,0
DA:2247,0
DA:2248,0
DA:2251,0
DA:2259,2
DA:2261,0
DA:2262,0
DA:2264,0
DA:2281,0
DA:2282,0
DA:2283,0
DA:2291,0
DA:2294,0
DA:2304,0
DA:2306,0
DA:2339,0
DA:2346,0
DA:2349,0
DA:2358,0
DA:2359,0
DA:2369,0
DA:2370,0
DA:2374,0
DA:2377,0
DA:2380,0
DA:2394,0
DA:2398,0
DA:2399,0
DA:2402,0
DA:2403,0
DA:2405,0
DA:2447,0
DA:2448,0
DA:2451,0
DA:2452,0
DA:2453,0
DA:2454,0
DA:2457,0
DA:2461,0
DA:2466,0
DA:2467,0
DA:2468,0
DA:2494,0
DA:2496,0
DA:2502,0
DA:2505,0
DA:2508,0
DA:2512,0
DA:2513,0
DA:2515,0
DA:2516,0
DA:2517,0
DA:2521,0
DA:2524,0
DA:2531,0
DA:2547,0
DA:2550,0
DA:2551,0
DA:2556,0
DA:2582,11
DA:2583,0
DA:2586,11
DA:2588,11
DA:2589,9
DA:2592,2
DA:2600,2
DA:2601,2
DA:2606,2
DA:2612,2
DA:2617,2
DA:2632,2
DA:2656,2
DA:2657,2
DA:2667,2
DA:2686,2
DA:2702,2
DA:2713,13
DA:2714,0
DA:2717,13
DA:2741,2
DA:2742,2
DA:2743,1
DA:2746,1
DA:2751,1
DA:2762,12
DA:2763,1
DA:2765,11
DA:2773,11
DA:2774,11
DA:2779,12
DA:2780,12
DA:2781,0
DA:2783,12
DA:2784,12
DA:2785,12
DA:2786,12
DA:2788,12
DA:2789,12
DA:2790,12
DA:2791,12
DA:2800,12
DA:2801,12
DA:2802,12
DA:2803,12
DA:2804,12
DA:2805,12
DA:2806,12
DA:2807,12
DA:2809,12
DA:2810,12
DA:2811,1
DA:2816,1
DA:2821,1
DA:2827,1
DA:2828,1
DA:2842,11
DA:2844,11
DA:2850,12
DA:2851,12
DA:2852,12
DA:2853,12
DA:2854,12
DA:2855,11
DA:2860,0
DA:2861,11
DA:2862,11
DA:2874,0
DA:2875,0
DA:2878,11
DA:2885,0
DA:2886,0
DA:2899,0
DA:2901,11
DA:2902,11
DA:2909,11
DA:2910,0
DA:2911,0
DA:2914,11
DA:2919,11
DA:2920,2
DA:2921,2
DA:2938,2
DA:2943,2
DA:2960,2
DA:2961,2
DA:2964,9
DA:2970,9
DA:2975,9
DA:2983,9
DA:2998,9
DA:2999,0
DA:3005,0
DA:3010,0
DA:3016,0
DA:3017,0
DA:3020,9
DA:3021,0
DA:3022,0
DA:3023,0
DA:3036,0
DA:3037,0
DA:3039,0
DA:3040,0
DA:3046,0
DA:3051,0
DA:3057,0
DA:3058,0
DA:3061,9
DA:3063,9
DA:3080,9
DA:3087,12
DA:3088,9
DA:3096,9
DA:3110,9
DA:3127,9
DA:3128,0
DA:3141,0
DA:3155,0
DA:3168,0
DA:3169,0
DA:3172,9
DA:3173,1
DA:3181,1
DA:3192,1
DA:3206,1
DA:3207,1
DA:3208,1
DA:3212,8
DA:3222,0
DA:3226,0
DA:3227,0
DA:3235,0
DA:3243,0
DA:3254,0
DA:3255,0
DA:3269,0
DA:3270,0
DA:3273,0
DA:3274,0
DA:3279,0
DA:3292,0
DA:3293,0
DA:3296,0
DA:3326,0
DA:3327,0
DA:3341,0
DA:3345,0
DA:3349,8
DA:3358,12
DA:3360,12
DA:3361,8
DA:3368,8
DA:3381,8
DA:3382,8
DA:3383,8
DA:3385,8
DA:3390,8
DA:3391,0
DA:3419,0
DA:3420,0
DA:3428,0
DA:3430,0
DA:3436,0
DA:3441,0
DA:3448,0
DA:3449,0
DA:3452,8
DA:3453,8
DA:3462,8
DA:3473,8
DA:3474,0
DA:3475,0
DA:3478,8
DA:3492,8
DA:3493,0
DA:3498,0
DA:3508,0
DA:3509,0
DA:3512,8
DA:3540,8
DA:3541,8
DA:3542,8
DA:3546,8
DA:3549,0
DA:3550,0
DA:3559,0
DA:3568,0
DA:3570,0
DA:3571,0
DA:3580,0
DA:3591,0
DA:3592,0
DA:3593,0
DA:3596,0
DA:3608,0
DA:3621,0
DA:3622,0
DA:3627,0
DA:3637,0
DA:3638,0
DA:3641,0
DA:3669,0
DA:3670,0
DA:3671,0
DA:3675,0
DA:3678,0
DA:3687,0
DA:3698,0
DA:3699,0
DA:3700,0
DA:3703,0
DA:3718,0
DA:3746,0
DA:3747,12
DA:3748,12
DA:3754,0
DA:3755,0
DA:3756,0
DA:3757,0
DA:3759,12
DA:3760,5
DA:3770,0
DA:3772,5
DA:3774,5
DA:3775,5
DA:3787,0
DA:3793,5
DA:3794,5
DA:3796,5
DA:3797,0
DA:3801,5
DA:3814,5
DA:3815,10
DA:3816,10
DA:3817,10
DA:3821,5
DA:3822,5
DA:3839,0
DA:3840,0
DA:3845,12
DA:3846,6
DA:3848,12
DA:3849,2
DA:3858,2
DA:3859,0
DA:3875,0
DA:3876,0
DA:3878,0
DA:3884,0
DA:3885,0
DA:3890,0
DA:3891,0
DA:3894,0
DA:3900,0
DA:3908,0
DA:3909,0
DA:3912,0
DA:3913,0
DA:3918,0
DA:3919,0
DA:3922,0
DA:3935,0
DA:3945,0
DA:3946,0
DA:3948,0
DA:3949,0
DA:3950,0
DA:3951,0
DA:3955,0
DA:3956,0
DA:3965,0
DA:3966,0
DA:3968,0
DA:3969,0
DA:3974,0
DA:3975,0
DA:3976,0
DA:3981,0
DA:3982,0
DA:3983,0
DA:3985,0
DA:3986,0
DA:3987,0
DA:3988,0
DA:3994,0
DA:3995,0
DA:3996,0
DA:4021,0
DA:4022,0
DA:4024,0
DA:4028,0
DA:4034,0
DA:4035,0
DA:4036,0
DA:4042,0
DA:4043,0
DA:4044,0
DA:4048,0
DA:4051,0
DA:4054,0
DA:4059,0
DA:4060,0
DA:4061,0
DA:4070,0
DA:4079,0
DA:4080,0
DA:4081,0
DA:4099,0
DA:4109,0
DA:4111,0
DA:4114,0
DA:4115,0
DA:4119,0
DA:4144,9
DA:4151,9
DA:4164,9
DA:4179,2
DA:4180,0
DA:4182,2
DA:4183,2
DA:4184,2
DA:4186,2
DA:4188,0
DA:4190,1
DA:4192,0
DA:4194,0
DA:4196,0
DA:4198,0
DA:4200,0
DA:4202,1
DA:4213,1
DA:4217,1
DA:4220,1
DA:4222,1
DA:4226,1
DA:4228,0
DA:4229,0
DA:4231,0
DA:4232,0
DA:4234,0
DA:4235,0
DA:4237,0
DA:4239,0
DA:4240,0
DA:4242,0
DA:4244,1
DA:4245,0
DA:4247,1
DA:4248,0
DA:4250,1
DA:4251,0
DA:4253,1
DA:4254,0
DA:4256,1
DA:4257,1
DA:4259,0
DA:4261,0
DA:4262,0
DA:4264,0
DA:4266,0
DA:4267,0
DA:4269,0
DA:4270,0
DA:4272,0
DA:4274,0
DA:4275,0
DA:4277,0
DA:4279,0
DA:4280,0
DA:4282,0
DA:4283,0
DA:4285,0
DA:4290,234
DA:4291,0
DA:4294,234
DA:4295,20
DA:4298,214
DA:4299,40
DA:4302,203
DA:4303,203
DA:4307,174
DA:4318,11
DA:4319,11
DA:4331,11
DA:4335,1
DA:4336,1
DA:4356,11
DA:4357,11
DA:4358,2
DA:4361,9
DA:4362,9
DA:4377,8
DA:4379,1
DA:4380,0
DA:4383,1
DA:4390,1
DA:4391,0
DA:4404,0
DA:4411,1
DA:4430,10
DA:4431,2
DA:4434,8
DA:4435,8
DA:4436,0
DA:4439,8
DA:4457,8
DA:4467,8
DA:4468,0
DA:4471,8
DA:4475,15
DA:4489,8
DA:4490,8
DA:4491,0
DA:4494,8
DA:4512,8
DA:4514,8
DA:4516,7
DA:4532,8
DA:4533,7
DA:4538,7
DA:4541,8
DA:4554,8
DA:4555,0
DA:4561,8
DA:4562,8
DA:4563,8
DA:4573,8
DA:4604,2
DA:4605,0
DA:4611,2
DA:4612,2
DA:4613,0
DA:4627,0
DA:4628,0
DA:4629,0
DA:4632,2
DA:4633,0
DA:4635,2
DA:4639,2
DA:4645,0
DA:4658,0
DA:4661,2
DA:4662,2
DA:4675,2
DA:4676,1
DA:4677,1
DA:4678,1
DA:4682,2
DA:4683,2
DA:4691,2
DA:4698,2
DA:4699,0
DA:4710,0
DA:4716,0
DA:4721,0
DA:4729,0
DA:4732,2
DA:4737,2
DA:4738,0
DA:4743,0
DA:4752,0
DA:4758,0
DA:4763,0
DA:4771,0
DA:4772,0
DA:4778,0
DA:4781,2
DA:4782,2
DA:4783,0
DA:4797,0
DA:4802,0
DA:4810,0
DA:4813,2
DA:4814,2
DA:4815,0
DA:4818,2
DA:4834,2
DA:4835,2
DA:4860,2
DA:4861,0
DA:4875,0
DA:4880,0
DA:4888,0
DA:4891,2
DA:4896,2
DA:4897,0
DA:4905,0
DA:4920,0
DA:4925,0
DA:4928,2
DA:4948,2
DA:4950,2
DA:4951,2
DA:4952,2
DA:4953,2
DA:4954,2
DA:4960,2
DA:4961,0
DA:4970,0
DA:4971,0
DA:4984,0
DA:4991,0
DA:4997,2
DA:5010,2
DA:5017,2
DA:5033,2
DA:5039,2
DA:5044,2
DA:5053,2
DA:5054,1
DA:5060,2
DA:5062,2
DA:5063,1
DA:5081,0
DA:5082,0
DA:5083,0
DA:5084,0
DA:5098,0
DA:5104,0
DA:5109,0
DA:5110,0
DA:5118,2
DA:5119,0
DA:5121,0
DA:5122,0
DA:5123,0
DA:5124,0
DA:5125,0
DA:5131,0
DA:5135,0
DA:5144,0
DA:5150,0
DA:5155,0
DA:5164,0
DA:5167,0
DA:5168,0
DA:5173,2
DA:5174,0
DA:5178,0
DA:5186,0
DA:5189,2
DA:5193,2
DA:5215,2
DA:5216,0
DA:5217,0
DA:5218,0
DA:5227,2
DA:5253,9
DA:5254,9
DA:5255,9
DA:5256,0
DA:5259,9
DA:5260,9
DA:5262,9
DA:5263,0
DA:5275,0
DA:5278,9
DA:5279,9
DA:5293,9
DA:5294,9
DA:5295,0
DA:5297,9
DA:5301,9
DA:5307,0
DA:5320,0
DA:5322,9
DA:5324,9
DA:5329,9
DA:5336,0
DA:5341,9
DA:5342,0
DA:5344,9
DA:5352,9
DA:5359,9
DA:5360,2
DA:5375,2
DA:5381,2
DA:5386,2
DA:5394,2
DA:5397,7
DA:5402,7
DA:5403,0
DA:5417,0
DA:5423,0
DA:5428,0
DA:5436,0
DA:5439,7
DA:5440,7
DA:5441,0
DA:5456,0
DA:5461,0
DA:5469,0
DA:5472,7
DA:5488,9
DA:5489,9
DA:5514,7
DA:5515,1
DA:5530,1
DA:5535,1
DA:5543,1
DA:5546,6
DA:5551,6
DA:5552,0
DA:5560,0
DA:5576,0
DA:5581,0
DA:5584,6
DA:5585,6
DA:5586,6
DA:5606,6
DA:5618,6
DA:5619,6
DA:5635,6
DA:5641,9
DA:5646,9
DA:5655,6
DA:5663,6
DA:5685,6
DA:5688,0
DA:5689,0
DA:5698,0
DA:5713,0
DA:5719,0
DA:5724,0
DA:5732,0
DA:5745,0
DA:5746,0
DA:5747,0
DA:5751,0
DA:5757,0
DA:5758,0
DA:5770,0
DA:5782,0
DA:5788,0
DA:5796,0
DA:5808,0
DA:5824,2
DA:5862,2
DA:5863,2
DA:5865,2
DA:5879,2
DA:5880,0
DA:5881,0
DA:5882,0
DA:5891,0
DA:5900,0
DA:5901,0
DA:5902,0
DA:5906,0
DA:5909,0
DA:5916,2
DA:5918,0
DA:5920,0
DA:5922,0
DA:5924,0
DA:5926,0
DA:5928,1
DA:5930,1
DA:5932,0
DA:5934,0
DA:5936,0
DA:5938,0
DA:5941,0
DA:5943,0
DA:5960,11
DA:5961,2
DA:5973,11
DA:5974,1
DA:5977,10
DA:5978,4
DA:5982,6
DA:5983,11
DA:5985,11
DA:5986,1
DA:5987,1
DA:5989,1
DA:5993,1
DA:5994,1
DA:5998,5
DA:5999,0
DA:6004,0
DA:6005,0
DA:6006,0
DA:6010,5
DA:6014,4
DA:6015,4
DA:6016,0
DA:6019,4
DA:6020,4
DA:6021,4
DA:6022,4
DA:6024,4
DA:6028,4
DA:6030,4
DA:6031,0
DA:6032,0
DA:6033,0
DA:6043,0
DA:6046,4
DA:6047,0
DA:6048,0
DA:6058,0
DA:6061,4
DA:6062,1
DA:6063,1
DA:6073,1
DA:6076,3
DA:6077,3
DA:6078,3
DA:6085,3
DA:6086,0
DA:6093,0
DA:6107,0
DA:6123,0
DA:6127,3
DA:6138,3
DA:6139,0
DA:6141,3
DA:6142,1
DA:6156,1
DA:6159,2
DA:6160,2
DA:6161,0
DA:6165,2
DA:6166,1
DA:6167,1
DA:6177,1
DA:6180,1
DA:6181,4
DA:6191,3
DA:6193,4
DA:6195,4
DA:6196,0
DA:6215,1
DA:6238,2
DA:6239,2
DA:6243,2
DA:6245,2
DA:6263,9
DA:6265,9
DA:6266,4
DA:6268,5
DA:6269,3
DA:6271,2
DA:6272,2
DA:6273,2
DA:6275,2
DA:6276,2
DA:6277,2
DA:6280,2
DA:6281,2
DA:6282,2
DA:6285,2
DA:6286,0
DA:6288,2
DA:6289,0
DA:6291,2
DA:6306,18
DA:6307,18
DA:6318,18
DA:6328,18
DA:6329,18
DA:6330,18
DA:6346,0
DA:6347,0
DA:6352,1
DA:6353,1
DA:6354,0
DA:6357,1
DA:6358,1
DA:6359,1
DA:6362,1
DA:6365,0
DA:6371,0
DA:6375,0
DA:6380,1
DA:6381,0
DA:6383,1
DA:6384,1
DA:6391,1
DA:6392,1
DA:6394,0
DA:6395,0
DA:6397,0
DA:6414,1
DA:6415,1
DA:6416,1
DA:6421,1
DA:6427,1
DA:6428,0
DA:6437,1
DA:6443,1
DA:6448,1
DA:6453,1
DA:6458,1
DA:6463,1
DA:6464,1
DA:6465,1
DA:6466,0
DA:6467,0
DA:6468,0
DA:6469,0
DA:6470,0
DA:6471,0
DA:6474,1
DA:6488,1
DA:6498,1
DA:6521,1
DA:6522,1
DA:6524,1
DA:6546,0
DA:6559,0
DA:6560,0
DA:6572,0
DA:6576,0
DA:6580,0
DA:6627,0
DA:6628,0
DA:6631,0
DA:6632,0
DA:6633,0
DA:6675,0
DA:6676,0
DA:6677,0
DA:6680,0
DA:6684,0
DA:6688,0
DA:6694,0
DA:6703,0
DA:6716,0
DA:6720,0
DA:6726,0
DA:6728,0
DA:6732,0
DA:6736,0
DA:6754,0
DA:6763,0
DA:6767,0
DA:6792,0
DA:6795,0
DA:6796,0
DA:6808,0
DA:6809,0
DA:6810,0
DA:6811,0
DA:6812,0
DA:6814,0
DA:6817,0
DA:6819,0
DA:6820,0
DA:6842,0
DA:6844,0
DA:6846,0
DA:6847,0
DA:6851,0
DA:6853,0
DA:6854,0
DA:6855,0
DA:6856,0
DA:6857,0
DA:6882,0
DA:6883,0
DA:6884,0
DA:6885,0
DA:6887,0
DA:6888,0
DA:6889,0
DA:6891,0
DA:6892,0
DA:6893,0
DA:6895,0
DA:6896,0
DA:6897,0
DA:6899,0
DA:6900,0
DA:6901,0
DA:6903,0
DA:6904,0
DA:6905,0
DA:6907,0
DA:6908,0
DA:6909,0
DA:6912,0
DA:6914,0
DA:6915,0
DA:6920,0
DA:6930,0
DA:6935,0
DA:6943,0
DA:6973,0
DA:6975,0
DA:6976,0
DA:6977,0
DA:6978,0
DA:6979,0
DA:6982,0
DA:6983,0
DA:6984,0
DA:6985,0
DA:6986,0
DA:6987,0
DA:6988,0
DA:6989,0
DA:6990,0
DA:6991,0
DA:6992,0
DA:6993,0
DA:6994,0
DA:6995,0
DA:6999,0
DA:7000,0
DA:7002,0
DA:7003,0
DA:7004,0
DA:7006,0
DA:7007,0
DA:7009,0
DA:7010,0
DA:7013,0
DA:7022,0
DA:7023,0
DA:7024,0
DA:7027,0
DA:7031,0
DA:7032,0
DA:7033,0
DA:7037,0
DA:7039,0
DA:7040,0
DA:7045,0
DA:7046,0
DA:7048,0
DA:7054,0
DA:7055,0
DA:7057,0
DA:7067,0
DA:7074,0
DA:7078,0
DA:7079,0
DA:7081,0
DA:7082,0
DA:7083,0
DA:7084,0
DA:7085,0
DA:7086,0
DA:7087,0
DA:7090,0
DA:7091,0
DA:7092,0
DA:7101,0
DA:7104,0
DA:7105,0
DA:7106,0
DA:7116,0
DA:7119,0
DA:7123,0
DA:7124,0
DA:7126,0
DA:7127,0
DA:7128,0
DA:7129,0
DA:7130,0
DA:7131,0
DA:7139,0
DA:7142,0
DA:7154,0
DA:7155,0
DA:7156,0
DA:7157,0
DA:7158,0
DA:7159,0
DA:7160,0
DA:7170,0
DA:7174,0
DA:7217,0
DA:7223,0
DA:7226,0
DA:7227,0
DA:7239,0
DA:7243,0
DA:7264,0
DA:7274,0
DA:7276,0
DA:7277,0
DA:7291,0
DA:7294,0
DA:7297,0
DA:7298,0
DA:7299,0
DA:7308,0
DA:7314,0
DA:7327,0
DA:7331,0
DA:7332,0
DA:7333,0
DA:7334,0
DA:7337,0
DA:7338,0
DA:7374,0
DA:7375,0
DA:7378,0
DA:7379,0
DA:7384,0
DA:7387,0
DA:7390,0
DA:7391,0
DA:7397,0
DA:7398,0
DA:7399,0
DA:7400,0
DA:7413,0
DA:7416,0
DA:7421,0
DA:7422,0
DA:7424,0
DA:7425,0
DA:7428,0
DA:7436,0
DA:7443,0
DA:7444,0
DA:7448,0
DA:7455,0
DA:7479,0
DA:7480,0
DA:7514,0
DA:7595,0
DA:7607,1
DA:7608,1
DA:7615,1
DA:7616,0
DA:7619,1
DA:7620,1
DA:7652,1
DA:7656,4
DA:7658,4
DA:7660,4
DA:7675,1
DA:7676,4
DA:7678,1
DA:7680,1
DA:7681,1
DA:7682,1
DA:7683,0
DA:7686,1
DA:7687,1
DA:7689,1
DA:7695,1
DA:7704,1
DA:7713,0
DA:7714,0
DA:7717,0
DA:7770,0
DA:7817,0
DA:7828,0
DA:7829,0
DA:7870,0
DA:7884,1
DA:7885,0
DA:7888,1
DA:7896,1
DA:7897,2
DA:7906,1
DA:7933,1
DA:7934,1
DA:7935,0
DA:7938,1
DA:7955,1
DA:7956,1
DA:7957,0
DA:7960,1
DA:7961,1
DA:7964,1
DA:7965,3
DA:7967,1
DA:7968,3
DA:7971,1
DA:8019,1
DA:8020,1
DA:8021,0
DA:8024,1
DA:8026,1
DA:8029,1
DA:8063,1
DA:8064,0
DA:8066,1
DA:8067,1
DA:8068,0
DA:8071,1
DA:8083,0
DA:8088,0
DA:8089,0
DA:8090,0
DA:8091,0
DA:8093,0
DA:8094,0
DA:8096,0
DA:8101,1
DA:8110,1
DA:8111,0
DA:8117,1
DA:8118,1
DA:8119,1
DA:8125,1
DA:8126,0
DA:8133,1
DA:8139,1
DA:8143,1
DA:8147,1
DA:8148,1
DA:8155,1
DA:8165,1
DA:8166,1
DA:8167,0
DA:8179,1
DA:8183,1
DA:8184,1
DA:8190,1
DA:8198,1
DA:8199,1
DA:8200,1
DA:8201,1
DA:8202,3
DA:8219,0
DA:8220,0
DA:8235,0
DA:8249,0
DA:8260,1
DA:8267,1
DA:8268,3
DA:8275,1
DA:8285,1
DA:8288,1
DA:8291,1
DA:8309,3
DA:8329,1
DA:8330,0
DA:8347,0
DA:8348,0
DA:8364,0
DA:8376,1
DA:8388,3
DA:8401,1
DA:8402,3
DA:8428,1
DA:8441,1
DA:8442,1
DA:8443,0
DA:8446,1
DA:8447,1
DA:8448,0
DA:8458,0
DA:8461,1
DA:8462,1
DA:8463,1
DA:8464,1
DA:8465,1
DA:8466,1
DA:8470,1
DA:8472,1
DA:8473,1
DA:8503,1
DA:8504,0
DA:8515,0
DA:8516,1
DA:8517,0
DA:8541,0
DA:8542,0
DA:8543,0
DA:8545,1
DA:8546,0
DA:8552,0
DA:8554,1
DA:8556,1
DA:8562,1
DA:8563,1
DA:8564,0
DA:8565,0
DA:8570,1
DA:8578,1
DA:8580,1
DA:8616,1
DA:8618,1
DA:8645,1
DA:8647,1
DA:8648,0
DA:8658,0
DA:8659,0
DA:8660,0
DA:8662,1
DA:8663,0
DA:8696,0
DA:8699,1
DA:8712,1
DA:8717,1
DA:8748,1
DA:8770,1
DA:8798,1
DA:8801,1
DA:8802,0
DA:8805,1
DA:8809,0
DA:8814,0
DA:8815,0
DA:8816,0
DA:8817,0
DA:8819,0
DA:8824,0
DA:8825,0
DA:8826,0
DA:8829,0
DA:8840,0
DA:8844,1
DA:8849,1
DA:8850,2
DA:8852,1
DA:8854,1
DA:8855,2
DA:8858,2
DA:8867,0
DA:8869,2
DA:8870,2
DA:8874,2
DA:8875,2
DA:8880,1
DA:8881,1
DA:8883,1
DA:8884,2
DA:8887,2
DA:8888,2
DA:8889,0
DA:8892,2
DA:8898,2
DA:8914,1
DA:8922,0
DA:8926,0
DA:8927,0
DA:8928,0
DA:8929,0
DA:8930,0
DA:8931,0
DA:8933,0
DA:8934,0
DA:8935,0
DA:8937,0
DA:8938,0
DA:8940,0
DA:8941,0
DA:8944,0
DA:8946,0
DA:8951,1
DA:8959,1
DA:8960,0
DA:8961,0
DA:8962,0
DA:8964,1
DA:8965,0
DA:8967,1
DA:8968,1
DA:8969,1
DA:8975,1
DA:8976,0
DA:8977,0
DA:8980,1
DA:8989,0
DA:8992,1
DA:8993,1
DA:9015,1
DA:9016,1
DA:9018,2
DA:9019,2
DA:9020,2
DA:9027,2
DA:9034,1
DA:9036,1
DA:9037,2
DA:9039,2
DA:9040,1
DA:9041,2
DA:9042,2
DA:9043,9
DA:9046,1
DA:9058,0
DA:9060,1
DA:9061,1
DA:9063,1
DA:9064,1
DA:9065,1
DA:9067,1
DA:9077,1
DA:9081,1
DA:9086,1
DA:9087,2
DA:9095,1
DA:9109,1
DA:9110,0
DA:9125,1
DA:9126,0
DA:9130,0
DA:9133,1
DA:9134,1
DA:9135,2
DA:9136,2
DA:9144,2
DA:9145,0
DA:9155,0
DA:9158,2
DA:9159,2
DA:9169,12
DA:9170,2
DA:9171,2
DA:9173,2
DA:9181,2
DA:9189,2
DA:9199,2
DA:9200,1
DA:9203,1
DA:9222,1
DA:9224,1
DA:9225,1
DA:9245,0
DA:9246,0
DA:9247,0
DA:9248,0
DA:9249,0
DA:9254,0
DA:9259,0
DA:9264,0
DA:9265,0
DA:9268,0
DA:9271,0
DA:9272,0
DA:9281,0
DA:9282,0
DA:9283,0
DA:9286,0
DA:9287,0
DA:9288,0
DA:9291,0
DA:9292,0
DA:9293,0
DA:9297,0
DA:9298,0
DA:9300,0
DA:9301,0
DA:9303,0
DA:9306,0
DA:9310,0
DA:9311,0
DA:9312,0
DA:9313,0
DA:9319,0
DA:9323,0
DA:9337,0
DA:9338,0
DA:9339,0
DA:9340,0
DA:9343,0
DA:9347,0
DA:9353,0
DA:9356,0
DA:9359,0
DA:9360,0
LF:2066
LH:886
BRDA:180,0,0,6
BRDA:180,0,1,6
BRDA:183,1,0,6
BRDA:183,1,1,6
BRDA:183,1,2,6
BRDA:187,2,0,6
BRDA:187,2,1,0
BRDA:187,3,0,6
BRDA:187,3,1,6
BRDA:191,4,0,6
BRDA:191,4,1,0
BRDA:191,5,0,6
BRDA:191,5,1,6
BRDA:193,6,0,6
BRDA:193,6,1,0
BRDA:193,7,0,6
BRDA:193,7,1,6
BRDA:194,8,0,6
BRDA:194,8,1,0
BRDA:194,9,0,6
BRDA:194,9,1,6
BRDA:195,10,0,6
BRDA:195,10,1,0
BRDA:195,11,0,6
BRDA:195,11,1,6
BRDA:196,12,0,6
BRDA:196,12,1,0
BRDA:196,13,0,6
BRDA:196,13,1,6
BRDA:199,14,0,6
BRDA:199,14,1,0
BRDA:199,15,0,6
BRDA:199,15,1,6
BRDA:203,16,0,6
BRDA:203,16,1,0
BRDA:203,17,0,6
BRDA:203,17,1,6
BRDA:207,18,0,6
BRDA:207,18,1,0
BRDA:207,19,0,6
BRDA:207,19,1,6
BRDA:211,20,0,6
BRDA:211,20,1,0
BRDA:211,21,0,6
BRDA:211,21,1,6
BRDA:215,22,0,6
BRDA:215,22,1,0
BRDA:215,23,0,6
BRDA:215,23,1,6
BRDA:219,24,0,6
BRDA:219,24,1,0
BRDA:219,25,0,6
BRDA:219,25,1,6
BRDA:223,26,0,6
BRDA:223,26,1,0
BRDA:223,27,0,6
BRDA:223,27,1,6
BRDA:227,28,0,6
BRDA:227,28,1,0
BRDA:227,29,0,6
BRDA:227,29,1,6
BRDA:231,30,0,6
BRDA:231,30,1,0
BRDA:231,31,0,6
BRDA:231,31,1,6
BRDA:235,32,0,6
BRDA:235,32,1,0
BRDA:235,33,0,6
BRDA:235,33,1,6
BRDA:239,34,0,6
BRDA:239,34,1,0
BRDA:239,35,0,6
BRDA:239,35,1,6
BRDA:243,36,0,6
BRDA:243,36,1,0
BRDA:243,37,0,6
BRDA:243,37,1,6
BRDA:247,38,0,6
BRDA:247,38,1,0
BRDA:247,39,0,6
BRDA:247,39,1,6
BRDA:251,40,0,6
BRDA:251,40,1,6
BRDA:251,41,0,6
BRDA:251,41,1,6
BRDA:255,42,0,6
BRDA:255,42,1,0
BRDA:255,43,0,6
BRDA:255,43,1,6
BRDA:291,44,0,0
BRDA:291,44,1,0
BRDA:291,45,0,0
BRDA:291,45,1,0
BRDA:302,46,0,0
BRDA:302,46,1,0
BRDA:308,47,0,0
BRDA:308,47,1,0
BRDA:308,48,0,0
BRDA:308,48,1,0
BRDA:330,49,0,21
BRDA:330,49,1,0
BRDA:346,50,0,0
BRDA:346,50,1,0
BRDA:354,51,0,0
BRDA:354,51,1,6
BRDA:354,52,0,6
BRDA:354,52,1,6
BRDA:360,53,0,8
BRDA:360,53,1,0
BRDA:361,54,0,8
BRDA:361,54,1,0
BRDA:366,55,0,0
BRDA:366,55,1,6
BRDA:375,56,0,0
BRDA:382,57,0,0
BRDA:382,57,1,0
BRDA:382,58,0,0
BRDA:382,58,1,0
BRDA:385,59,0,0
BRDA:385,59,1,0
BRDA:385,60,0,0
BRDA:385,60,1,0
BRDA:388,61,0,0
BRDA:388,61,1,0
BRDA:393,62,0,0
BRDA:393,62,1,0
BRDA:408,63,0,0
BRDA:410,64,0,0
BRDA:410,64,1,0
BRDA:415,65,0,0
BRDA:415,65,1,0
BRDA:420,66,0,0
BRDA:420,66,1,0
BRDA:421,67,0,0
BRDA:421,67,1,0
BRDA:423,68,0,0
BRDA:423,68,1,0
BRDA:428,69,0,0
BRDA:428,69,1,0
BRDA:428,70,0,0
BRDA:428,70,1,0
BRDA:428,70,2,0
BRDA:433,71,0,0
BRDA:433,71,1,0
BRDA:442,72,0,0
BRDA:442,72,1,0
BRDA:448,73,0,0
BRDA:448,73,1,0
BRDA:452,74,0,0
BRDA:452,74,1,0
BRDA:460,75,0,0
BRDA:460,75,1,0
BRDA:468,76,0,0
BRDA:468,76,1,0
BRDA:469,77,0,0
BRDA:469,77,1,0
BRDA:473,78,0,0
BRDA:473,78,1,0
BRDA:478,79,0,0
BRDA:478,79,1,0
BRDA:483,80,0,0
BRDA:483,80,1,0
BRDA:490,81,0,0
BRDA:490,81,1,0
BRDA:491,82,0,0
BRDA:491,82,1,0
BRDA:495,83,0,0
BRDA:495,83,1,0
BRDA:505,84,0,0
BRDA:505,84,1,0
BRDA:507,85,0,0
BRDA:507,85,1,0
BRDA:508,86,0,0
BRDA:508,86,1,0
BRDA:510,87,0,0
BRDA:510,87,1,0
BRDA:512,88,0,0
BRDA:512,88,1,0
BRDA:518,89,0,0
BRDA:518,89,1,0
BRDA:522,90,0,0
BRDA:522,90,1,0
BRDA:523,91,0,0
BRDA:523,91,1,0
BRDA:545,92,0,0
BRDA:545,92,1,0
BRDA:551,93,0,0
BRDA:551,93,1,0
BRDA:553,94,0,0
BRDA:553,94,1,0
BRDA:560,95,0,0
BRDA:560,95,1,0
BRDA:560,96,0,0
BRDA:560,96,1,0
BRDA:565,97,0,0
BRDA:565,97,1,0
BRDA:579,98,0,0
BRDA:579,98,1,0
BRDA:584,99,0,0
BRDA:584,99,1,0
BRDA:588,100,0,0
BRDA:588,100,1,0
BRDA:596,101,0,0
BRDA:596,101,1,0
BRDA:604,102,0,0
BRDA:604,102,1,0
BRDA:612,103,0,0
BRDA:612,103,1,0
BRDA:615,104,0,0
BRDA:615,104,1,0
BRDA:620,105,0,0
BRDA:620,105,1,0
BRDA:621,106,0,0
BRDA:621,106,1,0
BRDA:642,107,0,0
BRDA:642,107,1,0
BRDA:648,108,0,0
BRDA:648,108,1,0
BRDA:651,109,0,0
BRDA:651,109,1,0
BRDA:659,110,0,0
BRDA:659,110,1,0
BRDA:661,111,0,0
BRDA:661,111,1,0
BRDA:662,112,0,0
BRDA:662,112,1,0
BRDA:668,113,0,0
BRDA:668,113,1,0
BRDA:668,114,0,0
BRDA:668,114,1,0
BRDA:675,115,0,0
BRDA:675,115,1,0
BRDA:689,116,0,0
BRDA:689,116,1,0
BRDA:692,117,0,0
BRDA:692,117,1,0
BRDA:695,118,0,0
BRDA:695,118,1,0
BRDA:698,119,0,0
BRDA:698,119,1,0
BRDA:705,120,0,16
BRDA:705,120,1,15
BRDA:706,121,0,0
BRDA:706,121,1,16
BRDA:706,122,0,16
BRDA:706,122,1,16
BRDA:706,122,2,16
BRDA:709,123,0,0
BRDA:709,123,1,16
BRDA:709,124,0,16
BRDA:709,124,1,16
BRDA:712,125,0,1
BRDA:712,125,1,15
BRDA:715,126,0,0
BRDA:715,126,1,15
BRDA:716,127,0,0
BRDA:716,127,1,0
BRDA:716,127,2,0
BRDA:722,128,0,1
BRDA:722,128,1,0
BRDA:723,129,0,1
BRDA:723,129,1,0
BRDA:723,129,2,0
BRDA:727,130,0,7
BRDA:727,130,1,2
BRDA:731,131,0,2
BRDA:731,131,1,5
BRDA:736,132,0,5
BRDA:736,132,1,4
BRDA:741,133,0,1
BRDA:741,133,1,0
BRDA:745,134,0,0
BRDA:745,134,1,0
BRDA:749,135,0,0
BRDA:749,135,1,1
BRDA:753,136,0,0
BRDA:753,136,1,0
BRDA:764,137,0,1
BRDA:764,137,1,0
BRDA:766,138,0,1
BRDA:766,138,1,0
BRDA:770,139,0,1
BRDA:770,139,1,0
BRDA:779,140,0,0
BRDA:779,140,1,0
BRDA:781,141,0,1
BRDA:781,141,1,0
BRDA:785,142,0,0
BRDA:785,142,1,0
BRDA:790,143,0,0
BRDA:790,143,1,0
BRDA:796,144,0,19
BRDA:796,144,1,0
BRDA:807,145,0,0
BRDA:807,145,1,10
BRDA:811,146,0,0
BRDA:811,146,1,10
BRDA:825,147,0,0
BRDA:825,147,1,9
BRDA:861,148,0,10
BRDA:861,148,1,10
BRDA:861,149,0,10
BRDA:861,149,1,0
BRDA:879,150,0,12
BRDA:879,150,1,0
BRDA:892,151,0,0
BRDA:892,151,1,12
BRDA:892,152,0,12
BRDA:892,152,1,0
BRDA:905,153,0,12
BRDA:905,153,1,0
BRDA:906,154,0,12
BRDA:906,154,1,0
BRDA:908,155,0,0
BRDA:908,155,1,12
BRDA:908,156,0,12
BRDA:908,156,1,12
BRDA:912,157,0,1
BRDA:912,157,1,11
BRDA:937,158,0,3
BRDA:937,158,1,8
BRDA:956,159,0,17
BRDA:956,159,1,0
BRDA:958,160,0,11
BRDA:958,160,1,0
BRDA:960,161,0,0
BRDA:960,161,1,0
BRDA:980,162,0,12
BRDA:980,162,1,11
BRDA:981,163,0,12
BRDA:981,163,1,11
BRDA:982,164,0,12
BRDA:982,164,1,11
BRDA:983,165,0,12
BRDA:983,165,1,11
BRDA:990,166,0,12
BRDA:990,166,1,0
BRDA:992,167,0,0
BRDA:992,167,1,12
BRDA:992,168,0,12
BRDA:992,168,1,0
BRDA:1002,169,0,0
BRDA:1002,169,1,0
BRDA:1002,170,0,0
BRDA:1002,170,1,0
BRDA:1010,171,0,0
BRDA:1010,171,1,0
BRDA:1011,172,0,0
BRDA:1011,172,1,0
BRDA:1011,172,2,0
BRDA:1011,172,3,0
BRDA:1011,172,4,0
BRDA:1018,173,0,0
BRDA:1018,173,1,0
BRDA:1018,174,0,0
BRDA:1018,174,1,0
BRDA:1021,175,0,0
BRDA:1021,175,1,0
BRDA:1021,176,0,0
BRDA:1021,176,1,0
BRDA:1021,176,2,0
BRDA:1027,177,0,0
BRDA:1027,177,1,0
BRDA:1027,177,2,0
BRDA:1027,177,3,0
BRDA:1027,177,4,0
BRDA:1030,178,0,0
BRDA:1030,178,1,0
BRDA:1030,178,2,0
BRDA:1030,178,3,0
BRDA:1039,179,0,0
BRDA:1039,179,1,0
BRDA:1041,180,0,0
BRDA:1041,180,1,0
BRDA:1048,181,0,0
BRDA:1048,181,1,0
BRDA:1049,182,0,0
BRDA:1049,182,1,0
BRDA:1055,183,0,0
BRDA:1055,183,1,0
BRDA:1055,183,2,0
BRDA:1064,184,0,0
BRDA:1064,184,1,0
BRDA:1067,185,0,0
BRDA:1067,185,1,0
BRDA:1070,186,0,0
BRDA:1070,186,1,0
BRDA:1076,187,0,0
BRDA:1076,187,1,0
BRDA:1079,188,0,0
BRDA:1079,188,1,0
BRDA:1088,189,0,0
BRDA:1088,189,1,11
BRDA:1093,190,0,5
BRDA:1093,190,1,6
BRDA:1096,191,0,12
BRDA:1096,191,1,0
BRDA:1103,192,0,12
BRDA:1103,192,1,11
BRDA:1111,193,0,17
BRDA:1111,193,1,0
BRDA:1112,194,0,17
BRDA:1112,194,1,17
BRDA:1112,195,0,17
BRDA:1112,195,1,17
BRDA:1113,196,0,17
BRDA:1113,196,1,0
BRDA:1127,197,0,0
BRDA:1127,197,1,11
BRDA:1127,198,0,11
BRDA:1127,198,1,8
BRDA:1128,199,0,0
BRDA:1128,199,1,0
BRDA:1128,200,0,0
BRDA:1128,200,1,0
BRDA:1131,201,0,0
BRDA:1131,201,1,11
BRDA:1140,202,0,2
BRDA:1140,202,1,9
BRDA:1142,203,0,9
BRDA:1142,203,1,0
BRDA:1144,204,0,0
BRDA:1144,204,1,0
BRDA:1152,205,0,11
BRDA:1152,205,1,10
BRDA:1153,206,0,11
BRDA:1153,206,1,10
BRDA:1164,207,0,2
BRDA:1164,207,1,0
BRDA:1174,208,0,0
BRDA:1174,208,1,2
BRDA:1228,209,0,3
BRDA:1228,209,1,0
BRDA:1229,210,0,3
BRDA:1229,210,1,0
BRDA:1230,211,0,0
BRDA:1230,211,1,3
BRDA:1232,212,0,0
BRDA:1232,212,1,0
BRDA:1247,213,0,0
BRDA:1247,213,1,2
BRDA:1269,214,0,0
BRDA:1269,214,1,2
BRDA:1279,215,0,4
BRDA:1279,215,1,0
BRDA:1279,215,2,0
BRDA:1289,216,0,4
BRDA:1289,216,1,0
BRDA:1290,217,0,4
BRDA:1290,217,1,0
BRDA:1302,218,0,4
BRDA:1302,218,1,0
BRDA:1303,219,0,4
BRDA:1303,219,1,0
BRDA:1305,220,0,4
BRDA:1305,220,1,4
BRDA:1306,221,0,4
BRDA:1306,221,1,4
BRDA:1306,221,2,4
BRDA:1329,222,0,141
BRDA:1329,222,1,30
BRDA:1336,223,0,93
BRDA:1336,223,1,12
BRDA:1337,224,0,12
BRDA:1337,224,1,81
BRDA:1342,225,0,80
BRDA:1342,225,1,1
BRDA:1342,226,0,81
BRDA:1342,226,1,80
BRDA:1345,227,0,0
BRDA:1345,227,1,81
BRDA:1345,228,0,81
BRDA:1345,228,1,1
BRDA:1345,228,2,0
BRDA:1356,229,0,25
BRDA:1356,229,1,0
BRDA:1357,230,0,25
BRDA:1357,230,1,0
BRDA:1358,231,0,0
BRDA:1358,231,1,25
BRDA:1358,232,0,25
BRDA:1358,232,1,0
BRDA:1363,233,0,25
BRDA:1363,233,1,9
BRDA:1365,234,0,0
BRDA:1365,234,1,25
BRDA:1366,235,0,0
BRDA:1366,235,1,0
BRDA:1370,236,0,0
BRDA:1370,236,1,25
BRDA:1384,237,0,150
BRDA:1384,237,1,150
BRDA:1388,238,0,25
BRDA:1388,238,1,9
BRDA:1388,238,2,9
BRDA:1405,239,0,0
BRDA:1405,239,1,25
BRDA:1431,240,0,0
BRDA:1431,240,1,40
BRDA:1435,241,0,2
BRDA:1435,241,1,38
BRDA:1439,242,0,38
BRDA:1439,242,1,27
BRDA:1440,243,0,27
BRDA:1440,243,1,13
BRDA:1445,244,0,0
BRDA:1445,244,1,0
BRDA:1446,245,0,0
BRDA:1446,245,1,0
BRDA:1451,246,0,0
BRDA:1451,246,1,0
BRDA:1464,247,0,2
BRDA:1464,247,1,0
BRDA:1465,248,0,0
BRDA:1465,248,1,0
BRDA:1466,249,0,0
BRDA:1466,249,1,0
BRDA:1467,250,0,0
BRDA:1467,250,1,0
BRDA:1467,251,0,0
BRDA:1467,251,1,0
BRDA:1479,252,0,0
BRDA:1479,252,1,0
BRDA:1480,253,0,0
BRDA:1480,253,1,0
BRDA:1484,254,0,0
BRDA:1484,254,1,0
BRDA:1484,255,0,0
BRDA:1484,255,1,0
BRDA:1486,256,0,0
BRDA:1486,256,1,0
BRDA:1486,256,2,0
BRDA:1489,257,0,0
BRDA:1489,257,1,0
BRDA:1502,258,0,0
BRDA:1502,258,1,0
BRDA:1505,259,0,0
BRDA:1505,259,1,0
BRDA:1508,260,0,0
BRDA:1508,260,1,0
BRDA:1515,261,0,0
BRDA:1515,261,1,0
BRDA:1518,262,0,0
BRDA:1518,262,1,0
BRDA:1521,263,0,0
BRDA:1521,263,1,0
BRDA:1524,264,0,0
BRDA:1524,264,1,0
BRDA:1527,265,0,0
BRDA:1527,265,1,0
BRDA:1547,266,0,0
BRDA:1547,266,1,0
BRDA:1547,267,0,0
BRDA:1547,267,1,0
BRDA:1547,267,2,0
BRDA:1551,268,0,0
BRDA:1551,268,1,0
BRDA:1551,269,0,0
BRDA:1551,269,1,0
BRDA:1552,270,0,0
BRDA:1552,270,1,0
BRDA:1556,271,0,0
BRDA:1556,271,1,0
BRDA:1556,272,0,0
BRDA:1556,272,1,0
BRDA:1565,273,0,0
BRDA:1565,273,1,0
BRDA:1577,274,0,0
BRDA:1577,274,1,0
BRDA:1580,275,0,0
BRDA:1580,275,1,0
BRDA:1580,275,2,0
BRDA:1580,275,3,0
BRDA:1580,275,4,0
BRDA:1580,275,5,0
BRDA:1580,275,6,0
BRDA:1580,275,7,0
BRDA:1580,275,8,0
BRDA:1587,276,0,0
BRDA:1587,276,1,0
BRDA:1596,277,0,88
BRDA:1596,277,1,74
BRDA:1598,278,0,88
BRDA:1598,278,1,0
BRDA:1600,279,0,74
BRDA:1600,279,1,14
BRDA:1604,280,0,0
BRDA:1604,280,1,14
BRDA:1604,281,0,14
BRDA:1604,281,1,14
BRDA:1604,281,2,14
BRDA:1608,282,0,0
BRDA:1608,282,1,14
BRDA:1612,283,0,0
BRDA:1612,283,1,14
BRDA:1612,284,0,14
BRDA:1612,284,1,14
BRDA:1616,285,0,13
BRDA:1616,285,1,1
BRDA:1616,286,0,14
BRDA:1616,286,1,14
BRDA:1628,287,0,88
BRDA:1628,287,1,74
BRDA:1629,288,0,1
BRDA:1629,288,1,87
BRDA:1658,289,0,0
BRDA:1658,289,1,0
BRDA:1661,290,0,0
BRDA:1661,290,1,0
BRDA:1669,291,0,0
BRDA:1669,291,1,0
BRDA:1674,292,0,0
BRDA:1674,292,1,0
BRDA:1684,293,0,0
BRDA:1684,293,1,0
BRDA:1684,293,2,0
BRDA:1684,293,3,0
BRDA:1684,293,4,0
BRDA:1684,293,5,0
BRDA:1684,293,6,0
BRDA:1684,293,7,0
BRDA:1684,293,8,0
BRDA:1684,293,9,0
BRDA:1703,294,0,0
BRDA:1703,294,1,0
BRDA:1703,295,0,0
BRDA:1703,295,1,0
BRDA:1716,296,0,0
BRDA:1716,296,1,0
BRDA:1719,297,0,0
BRDA:1719,297,1,0
BRDA:1723,298,0,0
BRDA:1723,298,1,0
BRDA:1724,299,0,0
BRDA:1724,299,1,0
BRDA:1725,300,0,0
BRDA:1725,300,1,0
BRDA:1729,301,0,0
BRDA:1729,301,1,0
BRDA:1735,302,0,0
BRDA:1735,302,1,0
BRDA:1742,303,0,0
BRDA:1742,303,1,0
BRDA:1747,304,0,0
BRDA:1747,304,1,0
BRDA:1752,305,0,0
BRDA:1752,305,1,0
BRDA:1756,306,0,0
BRDA:1756,306,1,0
BRDA:1759,307,0,0
BRDA:1759,307,1,0
BRDA:1762,308,0,0
BRDA:1762,308,1,0
BRDA:1765,309,0,0
BRDA:1765,309,1,0
BRDA:1768,310,0,0
BRDA:1768,310,1,0
BRDA:1778,311,0,0
BRDA:1778,311,1,0
BRDA:1781,312,0,0
BRDA:1781,312,1,0
BRDA:1784,313,0,0
BRDA:1784,313,1,0
BRDA:1807,314,0,14
BRDA:1807,314,1,0
BRDA:1808,315,0,14
BRDA:1808,315,1,0
BRDA:1808,315,2,0
BRDA:1810,316,0,0
BRDA:1810,316,1,14
BRDA:1810,317,0,14
BRDA:1810,317,1,14
BRDA:1811,318,0,0
BRDA:1811,318,1,0
BRDA:1822,319,0,0
BRDA:1822,319,1,0
BRDA:1822,320,0,0
BRDA:1822,320,1,0
BRDA:1823,321,0,0
BRDA:1823,321,1,0
BRDA:1823,322,0,0
BRDA:1823,322,1,0
BRDA:1832,323,0,0
BRDA:1832,323,1,0
BRDA:1832,324,0,0
BRDA:1832,324,1,0
BRDA:1833,325,0,0
BRDA:1833,325,1,0
BRDA:1833,326,0,0
BRDA:1833,326,1,0
BRDA:1846,327,0,0
BRDA:1846,327,1,0
BRDA:1846,328,0,0
BRDA:1846,328,1,0
BRDA:1862,329,0,14
BRDA:1862,329,1,1
BRDA:1873,330,0,1
BRDA:1873,330,1,0
BRDA:1873,330,2,0
BRDA:1888,331,0,14
BRDA:1888,331,1,9
BRDA:1889,332,0,14
BRDA:1889,332,1,14
BRDA:1890,333,0,14
BRDA:1890,333,1,14
BRDA:1891,334,0,14
BRDA:1891,334,1,14
BRDA:1898,335,0,13
BRDA:1898,335,1,1
BRDA:1908,336,0,26
BRDA:1908,336,1,0
BRDA:1908,337,0,26
BRDA:1908,337,1,26
BRDA:1921,338,0,0
BRDA:1921,338,1,0
BRDA:1921,339,0,0
BRDA:1921,339,1,0
BRDA:1922,340,0,0
BRDA:1922,340,1,0
BRDA:1927,341,0,0
BRDA:1927,341,1,0
BRDA:1934,342,0,13
BRDA:1934,342,1,1
BRDA:1940,343,0,13
BRDA:1940,343,1,0
BRDA:1941,344,0,0
BRDA:1941,344,1,0
BRDA:1941,344,2,0
BRDA:1943,345,0,0
BRDA:1943,345,1,0
BRDA:1944,346,0,0
BRDA:1944,346,1,0
BRDA:1947,347,0,0
BRDA:1947,347,1,0
BRDA:1952,348,0,0
BRDA:1952,348,1,0
BRDA:1952,349,0,0
BRDA:1952,349,1,0
BRDA:1968,350,0,0
BRDA:1968,350,1,0
BRDA:1974,351,0,13
BRDA:1974,351,1,1
BRDA:1982,352,0,13
BRDA:1982,352,1,8
BRDA:1982,352,2,8
BRDA:1986,353,0,13
BRDA:1986,353,1,8
BRDA:1986,353,2,8
BRDA:2016,354,0,1
BRDA:2016,354,1,1
BRDA:2016,354,2,1
BRDA:2020,355,0,14
BRDA:2020,355,1,1
BRDA:2020,355,2,1
BRDA:2043,356,0,0
BRDA:2043,356,1,1
BRDA:2054,357,0,0
BRDA:2054,357,1,0
BRDA:2054,357,2,0
BRDA:2058,358,0,0
BRDA:2058,358,1,0
BRDA:2058,358,2,0
BRDA:2077,359,0,0
BRDA:2077,359,1,0
BRDA:2080,360,0,0
BRDA:2080,360,1,0
BRDA:2083,361,0,0
BRDA:2083,361,1,0
BRDA:2090,362,0,50
BRDA:2090,362,1,8
BRDA:2090,363,0,58
BRDA:2090,363,1,50
BRDA:2090,363,2,50
BRDA:2097,364,0,0
BRDA:2097,364,1,0
BRDA:2098,365,0,0
BRDA:2098,365,1,0
BRDA:2106,366,0,0
BRDA:2106,366,1,0
BRDA:2137,367,0,0
BRDA:2137,367,1,0
BRDA:2139,368,0,0
BRDA:2139,368,1,0
BRDA:2140,369,0,0
BRDA:2140,369,1,0
BRDA:2141,370,0,0
BRDA:2141,370,1,0
BRDA:2144,371,0,0
BRDA:2144,371,1,0
BRDA:2150,372,0,2
BRDA:2169,373,0,2
BRDA:2169,373,1,0
BRDA:2171,374,0,0
BRDA:2171,374,1,0
BRDA:2174,375,0,0
BRDA:2174,375,1,0
BRDA:2174,376,0,0
BRDA:2174,376,1,0
BRDA:2174,376,2,0
BRDA:2181,377,0,0
BRDA:2181,377,1,0
BRDA:2190,378,0,0
BRDA:2190,378,1,0
BRDA:2190,378,2,0
BRDA:2190,378,3,0
BRDA:2215,379,0,0
BRDA:2215,379,1,0
BRDA:2215,380,0,0
BRDA:2215,380,1,0
BRDA:2219,381,0,0
BRDA:2219,381,1,0
BRDA:2219,382,0,0
BRDA:2219,382,1,0
BRDA:2224,383,0,2
BRDA:2224,383,1,0
BRDA:2226,384,0,0
BRDA:2226,384,1,0
BRDA:2231,385,0,0
BRDA:2231,385,1,0
BRDA:2240,386,0,0
BRDA:2240,386,1,0
BRDA:2243,387,0,0
BRDA:2243,387,1,0
BRDA:2243,388,0,0
BRDA:2243,388,1,0
BRDA:2243,388,2,0
BRDA:2247,389,0,0
BRDA:2247,389,1,0
BRDA:2247,390,0,0
BRDA:2247,390,1,0
BRDA:2253,391,0,0
BRDA:2253,391,1,0
BRDA:2261,392,0,0
BRDA:2261,392,1,0
BRDA:2283,393,0,0
BRDA:2283,393,1,0
BRDA:2284,394,0,0
BRDA:2284,394,1,0
BRDA:2314,395,0,0
BRDA:2314,395,1,0
BRDA:2326,396,0,0
BRDA:2326,396,1,0
BRDA:2342,397,0,0
BRDA:2342,397,1,0
BRDA:2362,398,0,0
BRDA:2362,398,1,0
BRDA:2362,399,0,0
BRDA:2362,399,1,0
BRDA:2364,400,0,0
BRDA:2364,400,1,0
BRDA:2364,401,0,0
BRDA:2364,401,1,0
BRDA:2377,402,0,0
BRDA:2377,402,1,0
BRDA:2379,403,0,0
BRDA:2379,403,1,0
BRDA:2384,404,0,0
BRDA:2384,404,1,0
BRDA:2398,405,0,0
BRDA:2398,405,1,0
BRDA:2402,406,0,0
BRDA:2402,406,1,0
BRDA:2403,407,0,0
BRDA:2403,407,1,0
BRDA:2411,408,0,0
BRDA:2411,408,1,0
BRDA:2428,409,0,0
BRDA:2428,409,1,0
BRDA:2433,410,0,0
BRDA:2433,410,1,0
BRDA:2447,411,0,0
BRDA:2447,411,1,0
BRDA:2451,412,0,0
BRDA:2451,412,1,0
BRDA:2453,413,0,0
BRDA:2453,413,1,0
BRDA:2463,414,0,0
BRDA:2463,414,1,0
BRDA:2496,415,0,0
BRDA:2496,415,1,0
BRDA:2503,416,0,0
BRDA:2503,416,1,0
BRDA:2515,417,0,0
BRDA:2515,417,1,0
BRDA:2516,418,0,0
BRDA:2516,418,1,0
BRDA:2538,419,0,0
BRDA:2538,419,1,0
BRDA:2554,420,0,0
BRDA:2554,420,1,0
BRDA:2554,421,0,0
BRDA:2554,421,1,0
BRDA:2562,422,0,0
BRDA:2562,422,1,0
BRDA:2582,423,0,0
BRDA:2582,423,1,11
BRDA:2582,424,0,11
BRDA:2582,424,1,0
BRDA:2588,425,0,9
BRDA:2588,425,1,2
BRDA:2600,426,0,2
BRDA:2600,426,1,0
BRDA:2608,427,0,2
BRDA:2608,427,1,1
BRDA:2620,428,0,2
BRDA:2620,428,1,0
BRDA:2620,428,2,0
BRDA:2622,429,0,2
BRDA:2622,429,1,0
BRDA:2649,430,0,2
BRDA:2649,430,1,0
BRDA:2656,431,0,2
BRDA:2656,431,1,0
BRDA:2660,432,0,2
BRDA:2660,432,1,1
BRDA:2673,433,0,2
BRDA:2673,433,1,0
BRDA:2673,433,2,0
BRDA:2674,434,0,11
BRDA:2674,434,1,0
BRDA:2678,435,0,11
BRDA:2678,435,1,0
BRDA:2679,436,0,11
BRDA:2679,436,1,0
BRDA:2681,437,0,11
BRDA:2681,437,1,0
BRDA:2690,438,0,2
BRDA:2690,438,1,0
BRDA:2693,439,0,11
BRDA:2693,439,1,0
BRDA:2704,440,0,2
BRDA:2704,440,1,0
BRDA:2713,441,0,0
BRDA:2713,441,1,13
BRDA:2713,442,0,13
BRDA:2713,442,1,0
BRDA:2720,443,0,13
BRDA:2720,443,1,0
BRDA:2722,444,0,0
BRDA:2722,444,1,0
BRDA:2742,445,0,1
BRDA:2742,445,1,1
BRDA:2742,446,0,2
BRDA:2742,446,1,1
BRDA:2762,447,0,1
BRDA:2762,447,1,11
BRDA:2762,448,0,12
BRDA:2762,448,1,11
BRDA:2765,449,0,8
BRDA:2765,449,1,3
BRDA:2765,450,0,11
BRDA:2765,450,1,8
BRDA:2773,451,0,11
BRDA:2773,451,1,0
BRDA:2774,452,0,11
BRDA:2774,452,1,0
BRDA:2779,453,0,12
BRDA:2779,453,1,0
BRDA:2780,454,0,0
BRDA:2780,454,1,12
BRDA:2784,455,0,0
BRDA:2784,455,1,12
BRDA:2786,456,0,12
BRDA:2786,456,1,0
BRDA:2789,457,0,12
BRDA:2789,457,1,0
BRDA:2810,458,0,1
BRDA:2810,458,1,11
BRDA:2844,459,0,8
BRDA:2844,459,1,3
BRDA:2846,460,0,0
BRDA:2846,460,1,3
BRDA:2846,461,0,3
BRDA:2846,461,1,0
BRDA:2854,462,0,11
BRDA:2854,462,1,1
BRDA:2854,463,0,12
BRDA:2854,463,1,11
BRDA:2878,464,0,0
BRDA:2878,464,1,11
BRDA:2896,465,0,0
BRDA:2896,465,1,0
BRDA:2904,466,0,11
BRDA:2904,466,1,4
BRDA:2904,466,2,2
BRDA:2909,467,0,0
BRDA:2909,467,1,11
BRDA:2919,468,0,2
BRDA:2919,468,1,9
BRDA:2919,469,0,11
BRDA:2919,469,1,3
BRDA:2920,470,0,1
BRDA:2920,470,1,1
BRDA:2934,471,0,2
BRDA:2934,471,1,1
BRDA:2949,472,0,2
BRDA:2949,472,1,0
BRDA:2956,473,0,2
BRDA:2956,473,1,1
BRDA:2988,474,0,9
BRDA:2988,474,1,0
BRDA:2998,475,0,0
BRDA:2998,475,1,9
BRDA:3020,476,0,0
BRDA:3020,476,1,9
BRDA:3036,477,0,0
BRDA:3036,477,1,0
BRDA:3036,478,0,0
BRDA:3036,478,1,0
BRDA:3069,479,0,4
BRDA:3069,479,1,5
BRDA:3083,480,0,9
BRDA:3083,480,1,0
BRDA:3087,481,0,9
BRDA:3087,481,1,3
BRDA:3105,482,0,12
BRDA:3105,482,1,0
BRDA:3115,483,0,9
BRDA:3115,483,1,0
BRDA:3127,484,0,0
BRDA:3127,484,1,9
BRDA:3133,485,0,0
BRDA:3133,485,1,0
BRDA:3172,486,0,1
BRDA:3172,486,1,8
BRDA:3198,487,0,1
BRDA:3198,487,1,0
BRDA:3206,488,0,1
BRDA:3206,488,1,0
BRDA:3212,489,0,0
BRDA:3212,489,1,8
BRDA:3254,490,0,0
BRDA:3254,490,1,0
BRDA:3273,491,0,0
BRDA:3273,491,1,0
BRDA:3273,492,0,0
BRDA:3273,492,1,0
BRDA:3319,493,0,0
BRDA:3319,493,1,0
BRDA:3323,494,0,0
BRDA:3323,494,1,0
BRDA:3326,495,0,0
BRDA:3326,495,1,0
BRDA:3333,496,0,0
BRDA:3333,496,1,0
BRDA:3342,497,0,0
BRDA:3342,497,1,0
BRDA:3349,498,0,8
BRDA:3349,498,1,0
BRDA:3349,498,2,0
BRDA:3353,499,0,0
BRDA:3353,499,1,0
BRDA:3360,500,0,8
BRDA:3360,500,1,0
BRDA:3381,501,0,8
BRDA:3381,501,1,0
BRDA:3390,502,0,0
BRDA:3390,502,1,8
BRDA:3405,503,0,0
BRDA:3405,503,1,0
BRDA:3407,504,0,0
BRDA:3407,504,1,0
BRDA:3413,505,0,0
BRDA:3413,505,1,0
BRDA:3416,506,0,0
BRDA:3416,506,1,0
BRDA:3419,507,0,0
BRDA:3419,507,1,0
BRDA:3424,508,0,0
BRDA:3424,508,1,0
BRDA:3452,509,0,8
BRDA:3452,509,1,0
BRDA:3452,510,0,8
BRDA:3452,510,1,8
BRDA:3473,511,0,0
BRDA:3473,511,1,8
BRDA:3483,512,0,8
BRDA:3483,512,1,0
BRDA:3492,513,0,0
BRDA:3492,513,1,8
BRDA:3492,514,0,8
BRDA:3492,514,1,0
BRDA:3536,515,0,8
BRDA:3536,515,1,6
BRDA:3540,516,0,5
BRDA:3540,516,1,3
BRDA:3543,517,0,5
BRDA:3543,517,1,3
BRDA:3570,518,0,0
BRDA:3570,518,1,0
BRDA:3570,519,0,0
BRDA:3570,519,1,0
BRDA:3572,520,0,0
BRDA:3572,520,1,0
BRDA:3588,521,0,0
BRDA:3588,521,1,0
BRDA:3591,522,0,0
BRDA:3591,522,1,0
BRDA:3613,523,0,0
BRDA:3613,523,1,0
BRDA:3621,524,0,0
BRDA:3621,524,1,0
BRDA:3621,525,0,0
BRDA:3621,525,1,0
BRDA:3649,526,0,0
BRDA:3649,526,1,0
BRDA:3650,527,0,0
BRDA:3650,527,1,0
BRDA:3655,528,0,0
BRDA:3655,528,1,0
BRDA:3665,529,0,0
BRDA:3665,529,1,0
BRDA:3669,530,0,0
BRDA:3669,530,1,0
BRDA:3672,531,0,0
BRDA:3672,531,1,0
BRDA:3698,532,0,0
BRDA:3698,532,1,0
BRDA:3708,533,0,0
BRDA:3708,533,1,0
BRDA:3732,534,0,12
BRDA:3732,534,1,0
BRDA:3742,535,0,12
BRDA:3742,535,1,0
BRDA:3746,536,0,0
BRDA:3746,536,1,0
BRDA:3749,537,0,0
BRDA:3749,537,1,0
BRDA:3754,538,0,0
BRDA:3754,538,1,0
BRDA:3754,539,0,0
BRDA:3754,539,1,0
BRDA:3756,540,0,0
BRDA:3756,540,1,0
BRDA:3759,541,0,5
BRDA:3759,541,1,7
BRDA:3760,542,0,5
BRDA:3760,542,1,0
BRDA:3774,543,0,5
BRDA:3774,543,1,0
BRDA:3780,544,0,5
BRDA:3780,544,1,0
BRDA:3780,544,2,0
BRDA:3780,544,3,0
BRDA:3780,544,4,0
BRDA:3793,545,0,5
BRDA:3793,545,1,0
BRDA:3796,546,0,0
BRDA:3796,546,1,5
BRDA:3804,547,0,5
BRDA:3804,547,1,0
BRDA:3805,548,0,5
BRDA:3805,548,1,5
BRDA:3806,549,0,5
BRDA:3806,549,1,5
BRDA:3807,550,0,5
BRDA:3807,550,1,5
BRDA:3808,551,0,5
BRDA:3808,551,1,0
BRDA:3809,552,0,5
BRDA:3809,552,1,0
BRDA:3821,553,0,5
BRDA:3821,553,1,0
BRDA:3821,554,0,5
BRDA:3821,554,1,5
BRDA:3830,555,0,5
BRDA:3830,555,1,0
BRDA:3845,556,0,6
BRDA:3845,556,1,6
BRDA:3845,557,0,12
BRDA:3845,557,1,11
BRDA:3848,558,0,2
BRDA:3848,558,1,10
BRDA:3858,559,0,0
BRDA:3858,559,1,2
BRDA:3858,560,0,2
BRDA:3858,560,1,0
BRDA:3873,561,0,0
BRDA:3875,562,0,0
BRDA:3875,562,1,0
BRDA:3878,563,0,0
BRDA:3878,563,1,0
BRDA:3884,564,0,0
BRDA:3884,564,1,0
BRDA:3884,565,0,0
BRDA:3884,565,1,0
BRDA:3890,566,0,0
BRDA:3890,566,1,0
BRDA:3897,567,0,0
BRDA:3897,567,1,0
BRDA:3908,568,0,0
BRDA:3908,568,1,0
BRDA:3912,569,0,0
BRDA:3912,569,1,0
BRDA:3914,570,0,0
BRDA:3914,570,1,0
BRDA:3915,571,0,0
BRDA:3915,571,1,0
BRDA:3918,572,0,0
BRDA:3918,572,1,0
BRDA:3936,573,0,0
BRDA:3936,573,1,0
BRDA:3936,573,2,0
BRDA:3945,574,0,0
BRDA:3945,574,1,0
BRDA:3945,575,0,0
BRDA:3945,575,1,0
BRDA:3945,575,2,0
BRDA:3965,576,0,0
BRDA:3965,576,1,0
BRDA:3965,577,0,0
BRDA:3965,577,1,0
BRDA:3974,578,0,0
BRDA:3974,578,1,0
BRDA:3974,579,0,0
BRDA:3974,579,1,0
BRDA:3981,580,0,0
BRDA:3981,580,1,0
BRDA:3982,581,0,0
BRDA:3982,581,1,0
BRDA:3994,582,0,0
BRDA:3994,582,1,0
BRDA:3994,583,0,0
BRDA:3994,583,1,0
BRDA:4015,584,0,0
BRDA:4022,585,0,0
BRDA:4022,585,1,0
BRDA:4034,586,0,0
BRDA:4034,586,1,0
BRDA:4044,587,0,0
BRDA:4044,587,1,0
BRDA:4048,588,0,0
BRDA:4048,588,1,0
BRDA:4049,589,0,0
BRDA:4049,589,1,0
BRDA:4051,590,0,0
BRDA:4051,590,1,0
BRDA:4059,591,0,0
BRDA:4059,591,1,0
BRDA:4060,592,0,0
BRDA:4060,592,1,0
BRDA:4062,593,0,0
BRDA:4062,593,1,0
BRDA:4063,594,0,0
BRDA:4063,594,1,0
BRDA:4066,595,0,0
BRDA:4066,595,1,0
BRDA:4072,596,0,0
BRDA:4072,596,1,0
BRDA:4074,597,0,0
BRDA:4074,597,1,0
BRDA:4092,598,0,0
BRDA:4092,598,1,0
BRDA:4094,599,0,0
BRDA:4094,599,1,0
BRDA:4094,600,0,0
BRDA:4094,600,1,0
BRDA:4111,601,0,0
BRDA:4111,601,1,0
BRDA:4114,602,0,0
BRDA:4114,602,1,0
BRDA:4114,603,0,0
BRDA:4114,603,1,0
BRDA:4120,604,0,0
BRDA:4120,604,1,0
BRDA:4122,605,0,0
BRDA:4122,605,1,0
BRDA:4125,606,0,0
BRDA:4125,606,1,0
BRDA:4126,607,0,0
BRDA:4126,607,1,0
BRDA:4179,608,0,0
BRDA:4179,608,1,2
BRDA:4182,609,0,0
BRDA:4182,609,1,2
BRDA:4182,610,0,1
BRDA:4182,610,1,1
BRDA:4186,611,0,0
BRDA:4186,611,1,1
BRDA:4186,611,2,0
BRDA:4186,611,3,0
BRDA:4186,611,4,0
BRDA:4186,611,5,0
BRDA:4186,611,6,0
BRDA:4186,611,7,1
BRDA:4213,612,0,1
BRDA:4213,612,1,0
BRDA:4217,613,0,0
BRDA:4217,613,1,1
BRDA:4220,614,0,1
BRDA:4220,614,1,0
BRDA:4222,615,0,0
BRDA:4222,615,1,1
BRDA:4222,616,0,1
BRDA:4222,616,1,1
BRDA:4222,616,2,1
BRDA:4226,617,0,0
BRDA:4226,617,1,0
BRDA:4226,617,2,1
BRDA:4226,617,3,0
BRDA:4226,617,4,0
BRDA:4226,617,5,0
BRDA:4226,617,6,0
BRDA:4228,618,0,0
BRDA:4228,618,1,0
BRDA:4231,619,0,0
BRDA:4231,619,1,0
BRDA:4234,620,0,0
BRDA:4234,620,1,0
BRDA:4239,621,0,0
BRDA:4239,621,1,0
BRDA:4244,622,0,0
BRDA:4244,622,1,1
BRDA:4247,623,0,0
BRDA:4247,623,1,1
BRDA:4250,624,0,0
BRDA:4250,624,1,1
BRDA:4253,625,0,0
BRDA:4253,625,1,1
BRDA:4256,626,0,1
BRDA:4256,626,1,0
BRDA:4261,627,0,0
BRDA:4261,627,1,0
BRDA:4266,628,0,0
BRDA:4266,628,1,0
BRDA:4269,629,0,0
BRDA:4269,629,1,0
BRDA:4274,630,0,0
BRDA:4274,630,1,0
BRDA:4279,631,0,0
BRDA:4279,631,1,0
BRDA:4282,632,0,0
BRDA:4282,632,1,0
BRDA:4290,633,0,0
BRDA:4290,633,1,234
BRDA:4294,634,0,20
BRDA:4294,634,1,214
BRDA:4298,635,0,40
BRDA:4298,635,1,174
BRDA:4298,636,0,214
BRDA:4298,636,1,187
BRDA:4307,637,0,174
BRDA:4307,637,1,27
BRDA:4324,638,0,11
BRDA:4324,638,1,0
BRDA:4325,639,0,11
BRDA:4325,639,1,9
BRDA:4326,640,0,11
BRDA:4326,640,1,0
[...]
BRDA:105,3,0,57
BRDA:105,3,1,5
BRDA:105,4,0,57
BRDA:105,4,1,5
BRDA:106,5,0,57
BRDA:106,5,1,0
BRDA:106,6,0,57
BRDA:106,6,1,0
BRDA:107,7,0,57
BRDA:107,7,1,57
BRDA:107,8,0,57
BRDA:107,8,1,57
BRDA:108,9,0,57
BRDA:108,9,1,57
BRDA:108,10,0,57
BRDA:108,10,1,57
BRDA:109,11,0,57
BRDA:109,11,1,0
BRDA:110,12,0,57
BRDA:110,12,1,0
BRDA:115,13,0,40
BRDA:115,13,1,17
BRDA:117,14,0,12
BRDA:117,14,1,5
BRDA:119,15,0,0
BRDA:119,15,1,5
BRDA:121,16,0,5
BRDA:121,16,1,0
BRDA:125,17,0,33
BRDA:125,17,1,24
BRDA:126,18,0,18
BRDA:126,18,1,39
BRDA:127,19,0,3
BRDA:127,19,1,54
BRDA:142,20,0,2
BRDA:142,20,1,55
BRDA:144,21,0,0
BRDA:144,21,1,57
BRDA:145,22,0,3
BRDA:145,22,1,54
BRDA:149,23,0,18
BRDA:149,23,1,39
BRDA:149,24,0,57
BRDA:149,24,1,40
BRDA:151,25,0,14
BRDA:151,25,1,25
BRDA:153,26,0,22
BRDA:153,26,1,3
BRDA:155,27,0,3
BRDA:155,27,1,0
BRDA:162,28,0,18
BRDA:162,28,1,39
BRDA:164,29,0,0
BRDA:164,29,1,39
BRDA:166,30,0,14
BRDA:166,30,1,25
BRDA:168,31,0,22
BRDA:168,31,1,3
BRDA:170,32,0,3
BRDA:170,32,1,0
BRDA:179,33,0,18
BRDA:179,33,1,39
BRDA:187,34,0,3
BRDA:187,34,1,54
BRDA:211,35,0,13
BRDA:211,35,1,0
BRDA:212,36,0,13
BRDA:212,36,1,0
BRDA:215,37,0,3
BRDA:215,37,1,10
BRDA:216,38,0,3
BRDA:216,38,1,0
BRDA:216,39,0,3
BRDA:216,39,1,1
BRDA:216,39,2,1
BRDA:219,40,0,0
BRDA:219,40,1,3
BRDA:219,41,0,3
BRDA:219,41,1,3
BRDA:219,41,2,3
BRDA:222,42,0,1
BRDA:222,42,1,2
BRDA:222,43,0,3
BRDA:222,43,1,2
BRDA:227,44,0,1
BRDA:227,44,1,12
BRDA:228,45,0,13
BRDA:228,45,1,1
BRDA:234,46,0,1
BRDA:234,46,1,12
BRDA:235,47,0,13
BRDA:235,47,1,1
BRDA:235,47,2,0
BRDA:242,48,0,4
BRDA:242,48,1,9
BRDA:244,49,0,0
BRDA:244,49,1,9
BRDA:246,50,0,1
BRDA:246,50,1,8
BRDA:248,51,0,0
BRDA:248,51,1,8
BRDA:250,52,0,0
BRDA:250,52,1,8
BRDA:255,53,0,4
BRDA:255,53,1,9
BRDA:257,54,0,0
BRDA:257,54,1,9
BRDA:257,55,0,9
BRDA:257,55,1,9
BRDA:259,56,0,7
BRDA:259,56,1,2
BRDA:264,57,0,13
BRDA:264,57,1,0
BRDA:265,58,0,13
BRDA:265,58,1,0
BRDA:271,59,0,13
BRDA:271,59,1,9
BRDA:271,59,2,0
BRDA:277,60,0,13
BRDA:277,60,1,12
BRDA:280,61,0,13
BRDA:280,61,1,10
BRDA:291,62,0,3
BRDA:291,62,1,9
BRDA:294,63,0,0
BRDA:294,63,1,9
BRDA:294,64,0,9
BRDA:294,64,1,0
BRDA:297,65,0,9
BRDA:297,65,1,0
BRDA:300,66,0,0
BRDA:300,66,1,0
BRDA:300,67,0,0
BRDA:300,67,1,0
BRDA:338,68,0,32
BRDA:338,68,1,180
BRDA:343,69,0,42
BRDA:343,69,1,435
BRDA:352,70,0,74
BRDA:352,70,1,56
BRDA:359,71,0,74
BRDA:359,71,1,0
BRDA:359,72,0,74
BRDA:359,72,1,74
BRDA:359,72,2,74
BRDA:373,73,0,0
BRDA:373,73,1,53
BRDA:388,74,0,2
BRDA:388,74,1,1
BRDA:391,75,0,0
BRDA:391,75,1,1
BRDA:395,76,0,3
BRDA:395,76,1,0
BRDA:402,77,0,1
BRDA:402,77,1,2
BRDA:408,78,0,3
BRDA:408,78,1,0
BRDA:422,79,0,0
BRDA:422,79,1,3
BRDA:422,80,0,3
BRDA:422,80,1,0
BRDA:432,81,0,2
BRDA:432,81,1,1
BRDA:453,82,0,27
BRDA:453,82,1,0
BRDA:455,83,0,27
BRDA:455,83,1,20
BRDA:455,83,2,10
BRDA:459,84,0,27
BRDA:459,84,1,10
BRDA:462,85,0,0
BRDA:462,85,1,27
BRDA:462,86,0,27
BRDA:462,86,1,27
BRDA:464,87,0,1
BRDA:464,87,1,26
BRDA:464,88,0,27
BRDA:464,88,1,26
BRDA:473,89,0,27
BRDA:473,89,1,23
BRDA:474,90,0,27
BRDA:474,90,1,25
BRDA:499,91,0,4
BRDA:499,91,1,0
BRDA:502,92,0,2
BRDA:502,92,1,0
BRDA:505,93,0,2
BRDA:505,93,1,0
BRDA:508,94,0,2
BRDA:508,94,1,0
BRDA:515,95,0,2
BRDA:515,95,1,0
BRDA:540,96,0,0
BRDA:540,96,1,19
BRDA:545,97,0,19
BRDA:545,97,1,0
BRDA:592,98,0,11
BRDA:592,98,1,0
BRDA:651,99,0,0
BRDA:651,99,1,2
BRDA:658,100,0,2
BRDA:658,100,1,0
BRDA:658,100,2,0
BRDA:685,101,0,0
BRDA:685,101,1,4
BRDA:685,102,0,4
BRDA:685,102,1,4
BRDA:700,103,0,0
BRDA:700,103,1,4
BRDA:711,104,0,4
BRDA:711,104,1,0
BRF:215
BRH:162
end_of_record
TN:
SF:providers/health-monitor.ts
FN:32,(anonymous_0)
FN:56,(anonymous_1)
FN:67,(anonymous_2)
FN:78,(anonymous_3)
FN:96,(anonymous_4)
FN:112,(anonymous_5)
FN:132,(anonymous_6)
FN:137,(anonymous_7)
FN:152,(anonymous_8)
FN:157,(anonymous_9)
FN:161,(anonymous_10)
FN:166,(anonymous_11)
FN:173,(anonymous_12)
FNF:13
FNH:2
FNDA:0,(anonymous_0)
FNDA:1,(anonymous_1)
FNDA:0,(anonymous_2)
FNDA:0,(anonymous_3)
FNDA:0,(anonymous_4)
FNDA:1,(anonymous_5)
FNDA:0,(anonymous_6)
FNDA:0,(anonymous_7)
FNDA:0,(anonymous_8)
FNDA:0,(anonymous_9)
FNDA:0,(anonymous_10)
FNDA:0,(anonymous_11)
FNDA:0,(anonymous_12)
DA:23,9
DA:25,9
DA:28,9
DA:37,0
DA:38,0
DA:45,0
DA:48,0
DA:49,0
DA:57,1
DA:59,1
DA:60,1
DA:61,0
DA:64,0
DA:68,0
DA:69,0
DA:71,0
DA:72,0
DA:75,0
DA:76,0
DA:78,0
DA:79,0
DA:80,0
DA:81,0
DA:83,0
DA:86,0
DA:97,0
DA:103,0
DA:111,9
DA:113,1
DA:121,1
DA:122,1
DA:124,1
DA:132,1
DA:138,0
DA:146,0
DA:152,0
DA:158,0
DA:160,0
DA:162,0
DA:163,0
DA:164,0
DA:168,0
DA:169,0
DA:171,0
DA:173,0
DA:176,0
DA:177,0
DA:178,0
DA:182,0
LF:49
LH:12
BRDA:35,0,0,0
BRDA:48,1,0,0
BRDA:48,1,1,0
BRDA:59,2,0,1
BRDA:59,2,1,0
BRDA:71,3,0,0
BRDA:71,3,1,0
BRDA:80,4,0,0
BRDA:80,4,1,0
BRDA:96,5,0,0
BRDA:112,6,0,1
BRDA:113,7,0,1
BRDA:113,7,1,1
BRDA:117,8,0,1
BRDA:117,8,1,0
BRDA:138,9,0,0
BRDA:138,9,1,0
BRDA:163,10,0,0
BRDA:163,10,1,0
BRDA:168,11,0,0
BRDA:168,11,1,0
BRDA:171,12,0,0
BRDA:171,12,1,0
BRDA:171,13,0,0
BRDA:171,13,1,0
BRDA:177,14,0,0
BRDA:177,14,1,0
BRF:27
BRH:5
end_of_record
TN:
SF:providers/openai-models.ts
FN:19,readEnv
FN:33,resolveFromChain
FN:44,resolveWorkerOpenAIModel
FN:49,shouldRequireAudioReplyByDefault
FNF:4
FNH:0
FNDA:0,readEnv
FNDA:0,resolveFromChain
FNDA:0,resolveWorkerOpenAIModel
FNDA:0,shouldRequireAudioReplyByDefault
DA:10,6
DA:20,0
DA:21,0
DA:24,6
DA:34,0
DA:35,0
DA:36,0
DA:37,0
DA:40,0
DA:45,0
DA:50,0
LF:11
LH:2
BRDA:21,0,0,0
BRDA:21,0,1,0
BRDA:21,1,0,0
BRDA:21,1,1,0
BRDA:36,2,0,0
BRDA:36,2,1,0
BRDA:45,3,0,0
BRDA:45,3,1,0
BRF:8
BRH:0
end_of_record
TN:
SF:providers/outbound-dispatcher.ts
FN:4,dispatchOutboundThroughFlow
FNF:1
FNH:0
FNDA:0,dispatchOutboundThroughFlow
DA:22,0
DA:43,0
LF:2
LH:0
BRDA:34,0,0,0
BRDA:34,0,1,0
BRDA:45,1,0,0
BRDA:45,1,1,0
BRF:4
BRH:0
end_of_record
TN:
SF:providers/timezone.ts
FN:15,safeTimezone
FN:33,resolveWorkspaceTimezone
FN:44,getWorkspaceLocalHour
FN:59,isWithinWorkspaceWindow
FN:73,getDelayUntilWorkspaceWindowOpens
FNF:5
FNH:4
FNDA:10,safeTimezone
FNDA:10,resolveWorkspaceTimezone
FNDA:10,getWorkspaceLocalHour
FNDA:5,isWithinWorkspaceWindow
FNDA:0,getDelayUntilWorkspaceWindowOpens
DA:1,6
DA:16,10
DA:17,10
DA:18,2
DA:21,8
DA:22,8
DA:26,8
DA:28,0
DA:34,10
DA:48,10
DA:49,10
DA:65,5
DA:66,5
DA:67,5
DA:69,0
DA:80,0
DA:81,0
DA:83,0
DA:84,0
DA:85,0
DA:93,0
DA:97,0
LF:22
LH:13
BRDA:16,0,0,10
BRDA:16,0,1,2
BRDA:17,1,0,2
BRDA:17,1,1,8
BRDA:35,2,0,10
BRDA:35,2,1,2
BRDA:35,2,2,2
BRDA:35,2,3,2
BRDA:35,2,4,2
BRDA:46,3,0,10
BRDA:65,4,0,5
BRDA:65,4,1,0
BRDA:66,5,0,5
BRDA:66,5,1,0
BRDA:67,6,0,5
BRDA:67,6,1,5
BRDA:69,7,0,0
BRDA:69,7,1,0
BRDA:80,8,0,0
BRDA:80,8,1,0
BRDA:81,9,0,0
BRDA:81,9,1,0
BRDA:85,10,0,0
BRDA:85,10,1,0
BRF:24
BRH:14
end_of_record
TN:
SF:providers/unified-agent-integrator.ts
FN:17,resolveBackendUrl
FN:38,processWithUnifiedAgent
FN:74,(anonymous_2)
FN:139,(anonymous_3)
FN:147,(anonymous_4)
FN:164,(anonymous_5)
FN:174,(anonymous_6)
FN:177,(anonymous_7)
FN:178,(anonymous_8)
FN:185,(anonymous_9)
FN:204,shouldUseUnifiedAgent
FN:301,mapUnifiedActionsToAutopilot
FN:320,(anonymous_12)
FN:327,extractTextResponse
FN:334,(anonymous_14)
FNF:15
FNH:2
FNDA:0,resolveBackendUrl
FNDA:0,processWithUnifiedAgent
FNDA:0,(anonymous_2)
FNDA:0,(anonymous_3)
FNDA:0,(anonymous_4)
FNDA:0,(anonymous_5)
FNDA:0,(anonymous_6)
FNDA:0,(anonymous_7)
FNDA:0,(anonymous_8)
FNDA:0,(anonymous_9)
FNDA:0,shouldUseUnifiedAgent
FNDA:2,mapUnifiedActionsToAutopilot
FNDA:2,(anonymous_12)
FNDA:0,extractTextResponse
FNDA:0,(anonymous_14)
DA:10,6
DA:11,6
DA:13,6
DA:15,6
DA:19,0
DA:20,0
DA:21,0
DA:45,0
DA:46,0
DA:48,0
DA:49,0
DA:52,0
DA:55,0
DA:56,0
DA:58,0
DA:73,0
DA:74,0
DA:75,0
DA:80,0
DA:83,0
DA:89,0
DA:95,0
DA:101,0
DA:105,0
DA:109,6
DA:125,6
DA:139,6
DA:140,0
DA:144,6
DA:145,6
DA:147,6
DA:148,0
DA:151,0
DA:152,0
DA:154,0
DA:155,0
DA:157,0
DA:164,6
DA:165,0
DA:166,0
DA:168,0
DA:169,0
DA:171,0
DA:174,6
DA:177,6
DA:178,0
DA:185,6
DA:186,0
DA:187,0
DA:189,0
DA:190,0
DA:192,0
DA:193,0
DA:209,0
DA:210,0
DA:212,0
DA:213,0
DA:214,0
DA:218,0
DA:219,0
DA:228,0
DA:232,6
DA:256,6
DA:279,6
DA:289,6
DA:308,2
DA:309,0
DA:313,2
DA:315,2
DA:320,2
DA:329,0
DA:330,0
DA:334,0
DA:335,0
DA:336,0
DA:339,0
LF:76
LH:22
BRDA:15,0,0,6
BRDA:15,0,1,6
BRDA:19,1,0,0
BRDA:19,1,1,0
BRDA:19,1,2,0
BRDA:19,1,3,0
BRDA:21,2,0,0
BRDA:21,2,1,0
BRDA:48,3,0,0
BRDA:48,3,1,0
BRDA:62,4,0,0
BRDA:62,4,1,0
BRDA:73,5,0,0
BRDA:73,5,1,0
BRDA:91,6,0,0
BRDA:91,6,1,0
BRDA:97,7,0,0
BRDA:97,7,1,0
BRDA:102,8,0,0
BRDA:102,8,1,0
BRDA:140,9,0,0
BRDA:140,9,1,0
BRDA:140,10,0,0
BRDA:140,10,1,0
BRDA:148,11,0,0
BRDA:148,11,1,0
BRDA:151,12,0,0
BRDA:151,12,1,0
BRDA:154,13,0,0
BRDA:154,13,1,0
BRDA:165,14,0,0
BRDA:165,14,1,0
BRDA:168,15,0,0
BRDA:168,15,1,0
BRDA:175,16,0,0
BRDA:175,16,1,0
BRDA:186,17,0,0
BRDA:186,17,1,0
BRDA:189,18,0,0
BRDA:189,18,1,0
BRDA:193,19,0,0
BRDA:193,19,1,0
BRDA:213,20,0,0
BRDA:213,20,1,0
BRDA:218,21,0,0
BRDA:218,21,1,0
BRDA:218,22,0,0
BRDA:218,22,1,0
BRDA:308,23,0,0
BRDA:308,23,1,2
BRDA:308,24,0,2
BRDA:308,24,1,2
BRDA:316,25,0,2
BRDA:316,25,1,0
BRDA:317,26,0,2
BRDA:317,26,1,0
BRDA:329,27,0,0
BRDA:329,27,1,0
BRDA:335,28,0,0
BRDA:335,28,1,0
BRDA:335,29,0,0
BRDA:335,29,1,0
BRF:62
BRH:7
end_of_record
TN:
SF:providers/unified-whatsapp-provider.ts
FN:81,normalizeWorkspace
FN:96,resolveProvider
FN:106,(anonymous_2)
FN:116,(anonymous_3)
FN:128,(anonymous_4)
FN:136,(anonymous_5)
FN:144,(anonymous_6)
FN:152,(anonymous_7)
FN:164,(anonymous_8)
FN:172,(anonymous_9)
FN:180,(anonymous_10)
FNF:11
FNH:8
FNDA:59,normalizeWorkspace
FNDA:59,resolveProvider
FNDA:5,(anonymous_2)
FNDA:0,(anonymous_3)
FNDA:0,(anonymous_4)
FNDA:0,(anonymous_5)
FNDA:15,(anonymous_6)
FNDA:26,(anonymous_7)
FNDA:10,(anonymous_8)
FNDA:2,(anonymous_9)
FNDA:1,(anonymous_10)
DA:82,59
DA:83,59
DA:84,54
DA:90,5
DA:97,59
DA:98,59
DA:105,7
DA:112,5
DA:113,5
DA:124,0
DA:125,0
DA:129,0
DA:130,0
DA:131,0
DA:133,0
DA:137,0
DA:138,0
DA:139,0
DA:141,0
DA:145,15
DA:146,15
DA:147,15
DA:149,0
DA:157,26
DA:158,26
DA:159,26
DA:161,0
DA:165,10
DA:166,10
DA:167,10
DA:169,0
DA:173,2
DA:174,2
DA:175,2
DA:177,0
DA:181,1
DA:182,1
DA:183,1
DA:185,0
LF:39
LH:24
BRDA:83,0,0,54
BRDA:83,0,1,5
BRDA:130,1,0,0
BRDA:130,1,1,0
BRDA:138,2,0,0
BRDA:138,2,1,0
BRDA:146,3,0,15
BRDA:146,3,1,0
BRDA:158,4,0,26
BRDA:158,4,1,0
BRDA:166,5,0,10
BRDA:166,5,1,0
BRDA:174,6,0,2
BRDA:174,6,1,0
BRDA:182,7,0,1
BRDA:182,7,1,0
BRF:16
BRH:7
end_of_record
TN:
SF:providers/whatsapp-api-provider.ts
FN:70,getBackendUrl
FN:82,getInternalHeaders
FN:91,normalizeWorkspace
FN:107,request
FN:121,(anonymous_4)
FN:133,(anonymous_5)
FN:152,(anonymous_6)
FN:175,(anonymous_7)
FN:183,(anonymous_8)
FN:187,(anonymous_9)
FN:195,(anonymous_10)
FN:213,(anonymous_11)
FN:221,(anonymous_12)
FN:225,(anonymous_13)
FNF:14
FNH:11
FNDA:54,getBackendUrl
FNDA:2,getInternalHeaders
FNDA:54,normalizeWorkspace
FNDA:54,request
FNDA:0,(anonymous_4)
FNDA:2,(anonymous_5)
FNDA:0,(anonymous_6)
FNDA:1,(anonymous_7)
FNDA:0,(anonymous_8)
FNDA:15,(anonymous_9)
FNDA:26,(anonymous_10)
FNDA:10,(anonymous_11)
FNDA:2,(anonymous_12)
FNDA:1,(anonymous_13)
DA:4,9
DA:72,54
DA:73,54
DA:75,54
DA:76,52
DA:79,2
DA:83,2
DA:84,2
DA:92,54
DA:93,54
DA:94,1
DA:100,53
DA:112,54
DA:121,2
DA:122,2
DA:123,0
DA:126,2
DA:130,9
DA:139,2
DA:140,2
DA:141,2
DA:148,1
DA:149,1
DA:160,0
DA:161,0
DA:162,0
DA:171,0
DA:172,0
DA:176,1
DA:177,1
DA:184,0
DA:188,15
DA:189,15
DA:200,26
DA:201,26
DA:207,26
DA:214,10
DA:215,10
DA:222,2
DA:226,1
LF:40
LH:33
BRDA:72,0,0,54
BRDA:72,0,1,52
BRDA:72,0,2,52
BRDA:72,0,3,52
BRDA:75,1,0,52
BRDA:75,1,1,2
BRDA:83,2,0,2
BRDA:83,2,1,1
BRDA:86,3,0,1
BRDA:86,3,1,1
BRDA:87,4,0,2
BRDA:87,4,1,2
BRDA:93,5,0,1
BRDA:93,5,1,53
BRDA:102,6,0,53
BRDA:102,6,1,0
BRDA:102,6,2,0
BRDA:116,7,0,1
BRDA:116,7,1,1
BRDA:116,8,0,1
BRDA:116,8,1,0
BRDA:122,9,0,0
BRDA:122,9,1,2
BRDA:123,10,0,0
BRDA:123,10,1,0
BRDA:204,11,0,26
BRDA:204,11,1,0
BRDA:205,12,0,26
BRDA:205,12,1,26
BRF:29
BRH:22
end_of_record
TN:
SF:providers/whatsapp-engine.ts
FN:32,normalizeWorkspace
FN:41,resolvePrimaryProvider
FN:46,asProviderError
FN:50,errorMessage
FN:54,errorStatus
FN:58,asReasonString
FN:62,assertProviderSendResult
FN:87,sleep
FN:88,(anonymous_8)
FN:98,shouldBypassActionLock
FN:104,resolveActionLockConfig
FN:118,releaseLockIfOwned
FN:119,(anonymous_12)
FN:121,(anonymous_13)
FN:125,isSameLockToken
FN:134,tryAcquireAndRun
FN:152,withWorkspaceActionLock
FN:165,(anonymous_17)
FN:194,(anonymous_18)
FN:201,(anonymous_19)
FN:274,(anonymous_20)
FN:283,(anonymous_21)
FN:342,(anonymous_22)
FNF:23
FNH:17
FNDA:7,normalizeWorkspace
FNDA:5,resolvePrimaryProvider
FNDA:3,asProviderError
FNDA:2,errorMessage
FNDA:1,errorStatus
FNDA:0,asReasonString
FNDA:6,assertProviderSendResult
FNDA:12,sleep
FNDA:12,(anonymous_8)
FNDA:7,shouldBypassActionLock
FNDA:4,resolveActionLockConfig
FNDA:3,releaseLockIfOwned
FNDA:0,(anonymous_12)
FNDA:0,(anonymous_13)
FNDA:3,isSameLockToken
FNDA:10,tryAcquireAndRun
FNDA:7,withWorkspaceActionLock
FNDA:11,(anonymous_17)
FNDA:7,(anonymous_18)
FNDA:6,(anonymous_19)
FNDA:0,(anonymous_20)
FNDA:0,(anonymous_21)
FNDA:0,(anonymous_22)
DA:35,7
DA:42,5
DA:43,5
DA:47,3
DA:51,2
DA:55,1
DA:59,0
DA:66,6
DA:67,0
DA:70,6
DA:72,1
DA:75,1
DA:78,5
DA:79,0
DA:84,5
DA:88,12
DA:99,7
DA:100,7
DA:101,7
DA:105,4
DA:108,4
DA:113,4
DA:114,4
DA:115,4
DA:119,3
DA:120,3
DA:121,2
DA:126,3
DA:127,1
DA:129,2
DA:130,2
DA:131,2
DA:140,10
DA:141,10
DA:142,7
DA:144,3
DA:145,3
DA:146,2
DA:148,3
DA:156,7
DA:157,3
DA:160,4
DA:161,4
DA:162,4
DA:163,4
DA:165,4
DA:166,11
DA:167,1
DA:171,10
DA:172,9
DA:173,2
DA:175,7
DA:178,7
DA:186,4
DA:193,2
DA:200,7
DA:201,7
DA:202,6
DA:206,6
DA:207,6
DA:208,1
DA:211,5
DA:212,5
DA:213,0
DA:216,5
DA:217,5
DA:218,0
DA:221,5
DA:222,5
DA:223,5
DA:225,5
DA:226,5
DA:227,5
DA:231,5
DA:233,1
DA:235,1
DA:236,1
DA:237,1
DA:238,1
DA:240,1
DA:241,0
DA:242,0
DA:243,0
DA:246,0
DA:249,1
DA:250,0
DA:253,0
DA:256,1
DA:257,1
DA:258,1
DA:260,0
DA:264,0
DA:282,0
DA:283,0
DA:284,0
DA:288,0
DA:289,0
DA:290,0
DA:293,0
DA:294,0
DA:295,0
DA:298,0
DA:299,0
DA:300,0
DA:303,0
DA:305,0
DA:306,0
DA:307,0
DA:318,0
DA:320,0
DA:322,0
DA:323,0
DA:330,0
DA:332,0
DA:336,0
DA:349,0
DA:350,0
DA:352,0
LF:118
LH:79
BRDA:47,0,0,3
BRDA:47,0,1,0
BRDA:47,1,0,3
BRDA:47,1,1,3
BRDA:51,2,0,2
BRDA:51,2,1,0
BRDA:59,3,0,0
BRDA:59,3,1,0
BRDA:59,4,0,0
BRDA:59,4,1,0
BRDA:66,5,0,0
BRDA:66,5,1,6
BRDA:70,6,0,1
BRDA:70,6,1,5
BRDA:72,7,0,1
BRDA:72,7,1,0
BRDA:78,8,0,0
BRDA:78,8,1,5
BRDA:100,9,0,7
BRDA:100,9,1,0
BRDA:101,10,0,7
BRDA:101,10,1,7
BRDA:105,11,0,4
BRDA:105,11,1,0
BRDA:109,12,0,4
BRDA:109,12,1,0
BRDA:110,13,0,4
BRDA:110,13,1,0
BRDA:110,14,0,4
BRDA:110,14,1,0
BRDA:113,15,0,4
BRDA:113,15,1,0
BRDA:114,16,0,4
BRDA:114,16,1,0
BRDA:120,17,0,2
BRDA:120,17,1,1
BRDA:126,18,0,1
BRDA:126,18,1,2
BRDA:131,19,0,2
BRDA:131,19,1,2
BRDA:141,20,0,7
BRDA:141,20,1,3
BRDA:156,21,0,3
BRDA:156,21,1,4
BRDA:166,22,0,1
BRDA:166,22,1,10
BRDA:172,23,0,2
BRDA:172,23,1,7
BRDA:176,24,0,7
BRDA:176,24,1,0
BRDA:207,25,0,1
BRDA:207,25,1,5
BRDA:208,26,0,1
BRDA:208,26,1,0
BRDA:212,27,0,0
BRDA:212,27,1,5
BRDA:213,28,0,0
BRDA:213,28,1,0
BRDA:217,29,0,0
BRDA:217,29,1,5
BRDA:218,30,0,0
BRDA:218,30,1,0
BRDA:237,31,0,1
BRDA:237,31,1,1
BRDA:238,32,0,1
BRDA:238,32,1,0
BRDA:240,33,0,0
BRDA:240,33,1,1
BRDA:249,34,0,0
BRDA:249,34,1,1
BRDA:266,35,0,0
BRDA:266,35,1,0
BRDA:289,36,0,0
BRDA:289,36,1,0
BRDA:290,37,0,0
BRDA:290,37,1,0
BRDA:294,38,0,0
BRDA:294,38,1,0
BRDA:295,39,0,0
BRDA:295,39,1,0
BRDA:299,40,0,0
BRDA:299,40,1,0
BRDA:300,41,0,0
BRDA:300,41,1,0
BRDA:347,42,0,0
BRDA:350,43,0,0
BRDA:350,43,1,0
BRF:87
BRH:43
end_of_record
TN:
SF:providers/whatsapp-provider-resolver.ts
FN:34,getWhatsAppProviderFromEnv
FNF:1
FNH:1
FNDA:127,getWhatsAppProviderFromEnv
DA:35,127
DA:38,127
DA:39,3
DA:41,124
LF:4
LH:4
BRDA:35,0,0,127
BRDA:35,0,1,122
BRDA:38,1,0,3
BRDA:38,1,1,124
BRDA:38,2,0,127
BRDA:38,2,1,126
BRF:6
BRH:6
end_of_record
TN:
SF:src/utils/error-handler.ts
FN:3,(anonymous_0)
FN:15,(anonymous_1)
FN:41,(anonymous_2)
FN:44,(anonymous_3)
FN:62,(anonymous_4)
FN:74,(anonymous_5)
FNF:6
FNH:2
FNDA:3,(anonymous_0)
FNDA:0,(anonymous_1)
FNDA:0,(anonymous_2)
FNDA:2,(anonymous_3)
FNDA:0,(anonymous_4)
FNDA:0,(anonymous_5)
DA:4,3
DA:5,3
DA:6,3
DA:7,3
DA:9,3
DA:10,3
DA:15,7
DA:16,0
DA:17,0
DA:18,0
DA:20,0
DA:21,0
DA:29,0
DA:38,7
DA:41,7
DA:44,7
DA:45,2
DA:46,2
DA:49,0
DA:51,2
DA:62,2
DA:63,0
DA:66,0
DA:74,7
DA:75,0
DA:77,0
DA:78,0
DA:80,0
DA:86,0
DA:87,0
DA:93,0
DA:94,0
DA:97,0
LF:33
LH:15
BRDA:6,0,0,3
BRDA:7,1,0,3
BRDA:16,2,0,0
BRDA:16,2,1,0
BRDA:17,3,0,0
BRDA:17,3,1,0
BRDA:20,4,0,0
BRDA:20,4,1,0
BRDA:45,5,0,2
BRDA:45,5,1,0
BRDA:49,6,0,0
BRDA:49,6,1,0
BRDA:62,7,0,0
BRDA:62,7,1,2
BRDA:75,8,0,0
BRDA:75,8,1,0
BRDA:77,9,0,0
BRDA:77,9,1,0
BRDA:77,10,0,0
BRDA:77,10,1,0
BRDA:80,11,0,0
BRDA:80,11,1,0
BRDA:80,12,0,0
BRDA:80,12,1,0
BRDA:82,13,0,0
BRDA:82,13,1,0
BRDA:86,14,0,0
BRDA:86,14,1,0
BRDA:86,15,0,0
BRDA:86,15,1,0
BRDA:93,16,0,0
BRDA:93,16,1,0
BRDA:97,17,0,0
BRDA:97,17,1,0
BRF:34
BRH:4
end_of_record
TN:
SF:test/__parts__/scan-contact.cases.sweep.ts
FN:9,addSweepTests
FN:16,(anonymous_1)
FN:171,(anonymous_2)
FNF:3
FNH:3
FNDA:1,addSweepTests
FNDA:1,(anonymous_1)
FNDA:1,(anonymous_2)
DA:14,1
DA:15,1
DA:16,1
DA:17,1
DA:100,1
DA:107,1
DA:117,1
DA:133,1
DA:149,1
DA:165,1
DA:171,1
DA:172,1
DA:181,1
DA:226,1
DA:233,1
DA:234,1
LF:16
LH:16
BRF:0
BRH:0
end_of_record
TN:
SF:test/__parts__/scan-contact.setup.ts
FN:5,setMockContact
FN:10,setupDefaultMocks
FNF:2
FNH:2
FNDA:19,setMockContact
FNDA:14,setupDefaultMocks
DA:6,19
DA:7,19
DA:17,14
DA:27,14
DA:34,14
DA:35,14
DA:43,14
DA:46,14
DA:47,14
DA:48,14
DA:49,14
DA:50,14
DA:51,14
DA:52,14
DA:53,14
DA:54,14
DA:55,14
DA:56,14
DA:57,14
DA:58,14
DA:59,14
DA:60,14
DA:61,14
DA:62,14
DA:63,14
DA:65,14
DA:66,14
DA:72,14
DA:79,14
LF:29
LH:29
BRF:0
BRH:0
end_of_record
TN:
SF:utils/async-sequence.ts
FN:2,forEachSequential
FN:8,(anonymous_1)
FN:20,findFirstSequential
FN:26,(anonymous_3)
FN:41,pollUntil
FN:51,(anonymous_5)
FNF:6
FNH:4
FNDA:24,forEachSequential
FNDA:61,(anonymous_1)
FNDA:13,findFirstSequential
FNDA:39,(anonymous_3)
FNDA:0,pollUntil
FNDA:0,(anonymous_5)
DA:6,24
DA:8,24
DA:9,61
DA:10,23
DA:12,38
DA:13,37
DA:16,24
DA:24,13
DA:26,13
DA:27,39
DA:28,13
DA:30,26
DA:31,26
DA:32,0
DA:34,26
DA:37,13
DA:48,0
DA:49,0
DA:51,0
DA:52,0
DA:53,0
DA:54,0
DA:56,0
DA:57,0
DA:59,0
DA:60,0
DA:63,0
LF:27
LH:15
BRDA:6,0,0,24
BRDA:6,0,1,0
BRDA:9,1,0,23
BRDA:9,1,1,38
BRDA:24,2,0,13
BRDA:24,2,1,0
BRDA:27,3,0,13
BRDA:27,3,1,26
BRDA:31,4,0,0
BRDA:31,4,1,26
BRDA:53,5,0,0
BRDA:53,5,1,0
BRDA:56,6,0,0
BRDA:56,6,1,0
BRF:14
BRH:7
end_of_record
TN:
SF:utils/prisma-json.util.ts
FN:4,coerceScalar
FN:11,isPlainObject
FN:17,coerceObject
FN:33,toPrismaJsonValue
FN:38,(anonymous_4)
FNF:5
FNH:5
FNDA:773,coerceScalar
FNDA:40,isPlainObject
FNDA:40,coerceObject
FNDA:927,toPrismaJsonValue
FNDA:27,(anonymous_4)
DA:5,773
DA:6,613
DA:8,160
DA:12,40
DA:13,40
DA:14,40
DA:18,40
DA:19,40
DA:20,870
DA:21,870
DA:23,40
DA:34,927
DA:35,773
DA:36,773
DA:37,160
DA:38,120
DA:40,40
DA:41,40
DA:43,0
LF:19
LH:18
BRDA:5,0,0,613
BRDA:5,0,1,160
BRDA:5,1,0,773
BRDA:5,1,1,370
BRDA:5,1,2,160
BRDA:12,2,0,0
BRDA:12,2,1,40
BRDA:12,3,0,40
BRDA:12,3,1,40
BRDA:14,4,0,40
BRDA:14,4,1,0
BRDA:20,5,0,0
BRDA:20,5,1,870
BRDA:34,6,0,154
BRDA:34,6,1,773
BRDA:36,7,0,613
BRDA:36,7,1,160
BRDA:37,8,0,120
BRDA:37,8,1,40
BRDA:40,9,0,40
BRDA:40,9,1,0
BRF:21
BRH:17
end_of_record
TN:
SF:utils/signed-storage-url.ts
FN:8,(anonymous_0)
FN:11,(anonymous_1)
FN:19,(anonymous_2)
FN:22,(anonymous_3)
FN:34,(anonymous_4)
FN:48,(anonymous_5)
FN:59,(anonymous_6)
FN:63,buildSignedLocalStorageUrl
FNF:8
FNH:0
FNDA:0,(anonymous_0)
FNDA:0,(anonymous_1)
FNDA:0,(anonymous_2)
FNDA:0,(anonymous_3)
FNDA:0,(anonymous_4)
FNDA:0,(anonymous_5)
FNDA:0,(anonymous_6)
FNDA:0,buildSignedLocalStorageUrl
DA:4,6
DA:5,6
DA:6,6
DA:8,6
DA:9,0
DA:11,0
DA:19,6
DA:20,0
DA:22,6
DA:23,0
DA:27,0
DA:28,0
DA:31,0
DA:34,6
DA:35,0
DA:48,6
DA:49,0
DA:50,0
DA:51,0
DA:53,0
DA:54,0
DA:56,0
DA:59,6
DA:60,0
DA:67,0
DA:68,0
DA:69,0
DA:70,0
LF:28
LH:9
BRDA:9,0,0,0
BRDA:9,0,1,0
BRDA:9,0,2,0
BRDA:13,1,0,0
BRDA:13,1,1,0
BRDA:13,1,2,0
BRDA:13,1,3,0
BRDA:20,2,0,0
BRDA:20,2,1,0
BRDA:20,2,2,0
BRDA:20,2,3,0
BRDA:24,3,0,0
BRDA:24,3,1,0
BRDA:27,4,0,0
BRDA:27,4,1,0
BRDA:35,5,0,0
BRDA:35,5,1,0
BRDA:35,5,2,0
BRDA:50,6,0,0
BRDA:50,6,1,0
BRDA:53,7,0,0
BRDA:53,7,1,0
BRDA:65,8,0,0
BRF:23
BRH:0
end_of_record
